Determining if the pthread_create exist failed with the following output:
Change Dir: /home/rahul/catkin_ws/build/eigen_checks/CMakeFiles/CMakeTmp

Run Build Command:"/usr/bin/make" "cmTC_8fe26/fast"
/usr/bin/make -f CMakeFiles/cmTC_8fe26.dir/build.make CMakeFiles/cmTC_8fe26.dir/build
make[1]: Entering directory '/home/rahul/catkin_ws/build/eigen_checks/CMakeFiles/CMakeTmp'
Building C object CMakeFiles/cmTC_8fe26.dir/CheckSymbolExists.c.o
/usr/bin/cc     -o CMakeFiles/cmTC_8fe26.dir/CheckSymbolExists.c.o   -c /home/rahul/catkin_ws/build/eigen_checks/CMakeFiles/CMakeTmp/CheckSymbolExists.c
Linking C executable cmTC_8fe26
/usr/bin/cmake -E cmake_link_script CMakeFiles/cmTC_8fe26.dir/link.txt --verbose=1
/usr/bin/cc       CMakeFiles/cmTC_8fe26.dir/CheckSymbolExists.c.o  -o cmTC_8fe26 -rdynamic 
CMakeFiles/cmTC_8fe26.dir/CheckSymbolExists.c.o: In function `main':
CheckSymbolExists.c:(.text+0x16): undefined reference to `pthread_create'
collect2: error: ld returned 1 exit status
CMakeFiles/cmTC_8fe26.dir/build.make:97: recipe for target 'cmTC_8fe26' failed
make[1]: *** [cmTC_8fe26] Error 1
make[1]: Leaving directory '/home/rahul/catkin_ws/build/eigen_checks/CMakeFiles/CMakeTmp'
Makefile:126: recipe for target 'cmTC_8fe26/fast' failed
make: *** [cmTC_8fe26/fast] Error 2

File /home/rahul/catkin_ws/build/eigen_checks/CMakeFiles/CMakeTmp/CheckSymbolExists.c:
/* */
#include <pthread.h>

int main(int argc, char** argv)
{
  (void)argv;
#ifndef pthread_create
  return ((int*)(&pthread_create))[argc];
#else
  (void)argc;
  return 0;
#endif
}

Determining if the function pthread_create exists in the pthreads failed with the following output:
Change Dir: /home/rahul/catkin_ws/build/eigen_checks/CMakeFiles/CMakeTmp

Run Build Command:"/usr/bin/make" "cmTC_52359/fast"
/usr/bin/make -f CMakeFiles/cmTC_52359.dir/build.make CMakeFiles/cmTC_52359.dir/build
make[1]: Entering directory '/home/rahul/catkin_ws/build/eigen_checks/CMakeFiles/CMakeTmp'
Building C object CMakeFiles/cmTC_52359.dir/CheckFunctionExists.c.o
/usr/bin/cc    -DCHECK_FUNCTION_EXISTS=pthread_create   -o CMakeFiles/cmTC_52359.dir/CheckFunctionExists.c.o   -c /usr/share/cmake-3.5/Modules/CheckFunctionExists.c
Linking C executable cmTC_52359
/usr/bin/cmake -E cmake_link_script CMakeFiles/cmTC_52359.dir/link.txt --verbose=1
/usr/bin/cc   -DCHECK_FUNCTION_EXISTS=pthread_create    CMakeFiles/cmTC_52359.dir/CheckFunctionExists.c.o  -o cmTC_52359 -rdynamic -lpthreads 
/usr/bin/ld: cannot find -lpthreads
collect2: error: ld returned 1 exit status
CMakeFiles/cmTC_52359.dir/build.make:97: recipe for target 'cmTC_52359' failed
make[1]: *** [cmTC_52359] Error 1
make[1]: Leaving directory '/home/rahul/catkin_ws/build/eigen_checks/CMakeFiles/CMakeTmp'
Makefile:126: recipe for target 'cmTC_52359/fast' failed
make: *** [cmTC_52359/fast] Error 2


