Determining if the pthread_create exist failed with the following output:
Change Dir: /home/rahul/catkin_ws/build/rotors_comm/CMakeFiles/CMakeTmp

Run Build Command:"/usr/bin/make" "cmTC_ba1fd/fast"
/usr/bin/make -f CMakeFiles/cmTC_ba1fd.dir/build.make CMakeFiles/cmTC_ba1fd.dir/build
make[1]: Entering directory '/home/rahul/catkin_ws/build/rotors_comm/CMakeFiles/CMakeTmp'
Building C object CMakeFiles/cmTC_ba1fd.dir/CheckSymbolExists.c.o
/usr/bin/cc     -o CMakeFiles/cmTC_ba1fd.dir/CheckSymbolExists.c.o   -c /home/rahul/catkin_ws/build/rotors_comm/CMakeFiles/CMakeTmp/CheckSymbolExists.c
Linking C executable cmTC_ba1fd
/usr/bin/cmake -E cmake_link_script CMakeFiles/cmTC_ba1fd.dir/link.txt --verbose=1
/usr/bin/cc       CMakeFiles/cmTC_ba1fd.dir/CheckSymbolExists.c.o  -o cmTC_ba1fd -rdynamic 
CMakeFiles/cmTC_ba1fd.dir/CheckSymbolExists.c.o: In function `main':
CheckSymbolExists.c:(.text+0x16): undefined reference to `pthread_create'
collect2: error: ld returned 1 exit status
CMakeFiles/cmTC_ba1fd.dir/build.make:97: recipe for target 'cmTC_ba1fd' failed
make[1]: *** [cmTC_ba1fd] Error 1
make[1]: Leaving directory '/home/rahul/catkin_ws/build/rotors_comm/CMakeFiles/CMakeTmp'
Makefile:126: recipe for target 'cmTC_ba1fd/fast' failed
make: *** [cmTC_ba1fd/fast] Error 2

File /home/rahul/catkin_ws/build/rotors_comm/CMakeFiles/CMakeTmp/CheckSymbolExists.c:
/* */
#include <pthread.h>

int main(int argc, char** argv)
{
  (void)argv;
#ifndef pthread_create
  return ((int*)(&pthread_create))[argc];
#else
  (void)argc;
  return 0;
#endif
}

Determining if the function pthread_create exists in the pthreads failed with the following output:
Change Dir: /home/rahul/catkin_ws/build/rotors_comm/CMakeFiles/CMakeTmp

Run Build Command:"/usr/bin/make" "cmTC_3371c/fast"
/usr/bin/make -f CMakeFiles/cmTC_3371c.dir/build.make CMakeFiles/cmTC_3371c.dir/build
make[1]: Entering directory '/home/rahul/catkin_ws/build/rotors_comm/CMakeFiles/CMakeTmp'
Building C object CMakeFiles/cmTC_3371c.dir/CheckFunctionExists.c.o
/usr/bin/cc    -DCHECK_FUNCTION_EXISTS=pthread_create   -o CMakeFiles/cmTC_3371c.dir/CheckFunctionExists.c.o   -c /usr/share/cmake-3.5/Modules/CheckFunctionExists.c
Linking C executable cmTC_3371c
/usr/bin/cmake -E cmake_link_script CMakeFiles/cmTC_3371c.dir/link.txt --verbose=1
/usr/bin/cc   -DCHECK_FUNCTION_EXISTS=pthread_create    CMakeFiles/cmTC_3371c.dir/CheckFunctionExists.c.o  -o cmTC_3371c -rdynamic -lpthreads 
/usr/bin/ld: cannot find -lpthreads
collect2: error: ld returned 1 exit status
CMakeFiles/cmTC_3371c.dir/build.make:97: recipe for target 'cmTC_3371c' failed
make[1]: *** [cmTC_3371c] Error 1
make[1]: Leaving directory '/home/rahul/catkin_ws/build/rotors_comm/CMakeFiles/CMakeTmp'
Makefile:126: recipe for target 'cmTC_3371c/fast' failed
make: *** [cmTC_3371c/fast] Error 2


