Determining if the pthread_create exist failed with the following output:
Change Dir: /home/rahul/catkin_ws/build/diff_drive_controller/CMakeFiles/CMakeTmp

Run Build Command:"/usr/bin/make" "cmTC_11b50/fast"
/usr/bin/make -f CMakeFiles/cmTC_11b50.dir/build.make CMakeFiles/cmTC_11b50.dir/build
make[1]: Entering directory '/home/rahul/catkin_ws/build/diff_drive_controller/CMakeFiles/CMakeTmp'
Building C object CMakeFiles/cmTC_11b50.dir/CheckSymbolExists.c.o
/usr/bin/cc     -o CMakeFiles/cmTC_11b50.dir/CheckSymbolExists.c.o   -c /home/rahul/catkin_ws/build/diff_drive_controller/CMakeFiles/CMakeTmp/CheckSymbolExists.c
Linking C executable cmTC_11b50
/usr/bin/cmake -E cmake_link_script CMakeFiles/cmTC_11b50.dir/link.txt --verbose=1
/usr/bin/cc       CMakeFiles/cmTC_11b50.dir/CheckSymbolExists.c.o  -o cmTC_11b50 -rdynamic 
CMakeFiles/cmTC_11b50.dir/CheckSymbolExists.c.o: In function `main':
CheckSymbolExists.c:(.text+0x16): undefined reference to `pthread_create'
collect2: error: ld returned 1 exit status
CMakeFiles/cmTC_11b50.dir/build.make:97: recipe for target 'cmTC_11b50' failed
make[1]: *** [cmTC_11b50] Error 1
make[1]: Leaving directory '/home/rahul/catkin_ws/build/diff_drive_controller/CMakeFiles/CMakeTmp'
Makefile:126: recipe for target 'cmTC_11b50/fast' failed
make: *** [cmTC_11b50/fast] Error 2

File /home/rahul/catkin_ws/build/diff_drive_controller/CMakeFiles/CMakeTmp/CheckSymbolExists.c:
/* */
#include <pthread.h>

int main(int argc, char** argv)
{
  (void)argv;
#ifndef pthread_create
  return ((int*)(&pthread_create))[argc];
#else
  (void)argc;
  return 0;
#endif
}

Determining if the function pthread_create exists in the pthreads failed with the following output:
Change Dir: /home/rahul/catkin_ws/build/diff_drive_controller/CMakeFiles/CMakeTmp

Run Build Command:"/usr/bin/make" "cmTC_7f39e/fast"
/usr/bin/make -f CMakeFiles/cmTC_7f39e.dir/build.make CMakeFiles/cmTC_7f39e.dir/build
make[1]: Entering directory '/home/rahul/catkin_ws/build/diff_drive_controller/CMakeFiles/CMakeTmp'
Building C object CMakeFiles/cmTC_7f39e.dir/CheckFunctionExists.c.o
/usr/bin/cc    -DCHECK_FUNCTION_EXISTS=pthread_create   -o CMakeFiles/cmTC_7f39e.dir/CheckFunctionExists.c.o   -c /usr/share/cmake-3.5/Modules/CheckFunctionExists.c
Linking C executable cmTC_7f39e
/usr/bin/cmake -E cmake_link_script CMakeFiles/cmTC_7f39e.dir/link.txt --verbose=1
/usr/bin/cc   -DCHECK_FUNCTION_EXISTS=pthread_create    CMakeFiles/cmTC_7f39e.dir/CheckFunctionExists.c.o  -o cmTC_7f39e -rdynamic -lpthreads 
/usr/bin/ld: cannot find -lpthreads
collect2: error: ld returned 1 exit status
CMakeFiles/cmTC_7f39e.dir/build.make:97: recipe for target 'cmTC_7f39e' failed
make[1]: *** [cmTC_7f39e] Error 1
make[1]: Leaving directory '/home/rahul/catkin_ws/build/diff_drive_controller/CMakeFiles/CMakeTmp'
Makefile:126: recipe for target 'cmTC_7f39e/fast' failed
make: *** [cmTC_7f39e/fast] Error 2


