[35m[1mScanning dependencies of target nav_msgs_generate_messages_py[0m
[35m[1mScanning dependencies of target nav_msgs_generate_messages_nodejs[0m
[35m[1mScanning dependencies of target actionlib_msgs_generate_messages_nodejs[0m
[35m[1mScanning dependencies of target roscpp_generate_messages_eus[0m
[35m[1mScanning dependencies of target actionlib_msgs_generate_messages_lisp[0m
[35m[1mScanning dependencies of target rosgraph_msgs_generate_messages_eus[0m
[35m[1mScanning dependencies of target mav_msgs_generate_messages_lisp[0m
[35m[1mScanning dependencies of target std_msgs_generate_messages_py[0m
[  0%] Built target nav_msgs_generate_messages_nodejs
[  0%] Built target rosgraph_msgs_generate_messages_eus
[  0%] Built target actionlib_msgs_generate_messages_nodejs
[  0%] Built target actionlib_msgs_generate_messages_lisp
[  0%] Built target roscpp_generate_messages_eus
[  0%] Built target nav_msgs_generate_messages_py
[  0%] Built target std_msgs_generate_messages_py
[  0%] Built target mav_msgs_generate_messages_lisp
[35m[1mScanning dependencies of target nav_msgs_generate_messages_lisp[0m
[35m[1mScanning dependencies of target rosgraph_msgs_generate_messages_nodejs[0m
[35m[1mScanning dependencies of target actionlib_msgs_generate_messages_cpp[0m
[35m[1mScanning dependencies of target nav_msgs_generate_messages_cpp[0m
[35m[1mScanning dependencies of target sensor_msgs_generate_messages_eus[0m
[35m[1mScanning dependencies of target visualization_msgs_generate_messages_cpp[0m
[35m[1mScanning dependencies of target trajectory_msgs_generate_messages_nodejs[0m
[35m[1mScanning dependencies of target geometry_msgs_generate_messages_cpp[0m
[  0%] Built target nav_msgs_generate_messages_lisp
[  0%] Built target sensor_msgs_generate_messages_eus
[  0%] Built target rosgraph_msgs_generate_messages_nodejs
[  0%] Built target nav_msgs_generate_messages_cpp
[  0%] Built target actionlib_msgs_generate_messages_cpp
[  0%] Built target visualization_msgs_generate_messages_cpp
[  0%] Built target trajectory_msgs_generate_messages_nodejs
[35m[1mScanning dependencies of target roscpp_generate_messages_py[0m
[  0%] Built target geometry_msgs_generate_messages_cpp
[35m[1mScanning dependencies of target actionlib_msgs_generate_messages_py[0m
[35m[1mScanning dependencies of target rosgraph_msgs_generate_messages_cpp[0m
[35m[1mScanning dependencies of target nav_msgs_generate_messages_eus[0m
[35m[1mScanning dependencies of target roscpp_generate_messages_cpp[0m
[35m[1mScanning dependencies of target rosgraph_msgs_generate_messages_py[0m
[  0%] Built target roscpp_generate_messages_py
[  0%] Built target actionlib_msgs_generate_messages_py
[35m[1mScanning dependencies of target msg_check_generate_messages_py[0m
[35m[1mScanning dependencies of target rosgraph_msgs_generate_messages_lisp[0m
[  0%] Built target rosgraph_msgs_generate_messages_cpp
[  0%] Built target roscpp_generate_messages_cpp
[  0%] Built target nav_msgs_generate_messages_eus
[35m[1mScanning dependencies of target msg_check_generate_messages_cpp[0m
[  0%] Built target rosgraph_msgs_generate_messages_py
[  0%] Built target msg_check_generate_messages_py
[35m[1mScanning dependencies of target trajectory_msgs_generate_messages_lisp[0m
[  0%] Built target rosgraph_msgs_generate_messages_lisp
[35m[1mScanning dependencies of target actionlib_msgs_generate_messages_eus[0m
[35m[1mScanning dependencies of target mav_planning_msgs_generate_messages_lisp[0m
[35m[1mScanning dependencies of target trajectory_msgs_generate_messages_py[0m
[  0%] Built target trajectory_msgs_generate_messages_lisp
[35m[1mScanning dependencies of target geometry_msgs_generate_messages_eus[0m
[35m[1mScanning dependencies of target mav_planning_msgs_generate_messages_nodejs[0m
[35m[1mScanning dependencies of target geometry_msgs_generate_messages_nodejs[0m
[  0%] Built target msg_check_generate_messages_cpp
[  0%] Built target actionlib_msgs_generate_messages_eus
[  0%] Built target mav_planning_msgs_generate_messages_lisp
[  0%] Built target trajectory_msgs_generate_messages_py
[35m[1mScanning dependencies of target msg_check_generate_messages_nodejs[0m
[  0%] Built target geometry_msgs_generate_messages_nodejs
[  0%] Built target mav_planning_msgs_generate_messages_nodejs
[  0%] Built target geometry_msgs_generate_messages_eus
[35m[1mScanning dependencies of target mav_msgs_generate_messages_nodejs[0m
[35m[1mScanning dependencies of target std_msgs_generate_messages_eus[0m
[35m[1mScanning dependencies of target std_msgs_generate_messages_nodejs[0m
[35m[1mScanning dependencies of target roscpp_generate_messages_lisp[0m
[35m[1mScanning dependencies of target sensor_msgs_generate_messages_lisp[0m
[35m[1mScanning dependencies of target trajectory_msgs_generate_messages_eus[0m
[  0%] Built target msg_check_generate_messages_nodejs
[35m[1mScanning dependencies of target mav_msgs_generate_messages_eus[0m
[  0%] Built target mav_msgs_generate_messages_nodejs
[  0%] Built target std_msgs_generate_messages_eus
[  0%] Built target std_msgs_generate_messages_nodejs
[  0%] Built target sensor_msgs_generate_messages_lisp
[  0%] Built target trajectory_msgs_generate_messages_eus
[  0%] Built target roscpp_generate_messages_lisp
[35m[1mScanning dependencies of target visualization_msgs_generate_messages_py[0m
[  0%] Built target mav_msgs_generate_messages_eus
[35m[1mScanning dependencies of target msg_check_generate_messages_lisp[0m
[35m[1mScanning dependencies of target mav_planning_msgs_generate_messages_py[0m
[35m[1mScanning dependencies of target geometry_msgs_generate_messages_lisp[0m
[35m[1mScanning dependencies of target mav_msgs_generate_messages_cpp[0m
[35m[1mScanning dependencies of target geometry_msgs_generate_messages_py[0m
[35m[1mScanning dependencies of target mav_msgs_generate_messages_py[0m
[35m[1mScanning dependencies of target std_msgs_generate_messages_cpp[0m
[  0%] Built target visualization_msgs_generate_messages_py
[  0%] Built target msg_check_generate_messages_lisp
[  0%] Built target geometry_msgs_generate_messages_lisp
[  0%] Built target mav_planning_msgs_generate_messages_py
[  0%] Built target geometry_msgs_generate_messages_py
[  0%] Built target mav_msgs_generate_messages_cpp
[  0%] Built target std_msgs_generate_messages_cpp
[  0%] Built target mav_msgs_generate_messages_py
[35m[1mScanning dependencies of target sensor_msgs_generate_messages_nodejs[0m
[35m[1mScanning dependencies of target visualization_msgs_generate_messages_eus[0m
[35m[1mScanning dependencies of target sensor_msgs_generate_messages_py[0m
[35m[1mScanning dependencies of target roscpp_generate_messages_nodejs[0m
[35m[1mScanning dependencies of target visualization_msgs_generate_messages_nodejs[0m
[35m[1mScanning dependencies of target visualization_msgs_generate_messages_lisp[0m
[35m[1mScanning dependencies of target mav_planning_msgs_generate_messages_cpp[0m
[35m[1mScanning dependencies of target mav_planning_msgs_generate_messages_eus[0m
[  0%] Built target sensor_msgs_generate_messages_nodejs
[  0%] Built target roscpp_generate_messages_nodejs
[  0%] Built target visualization_msgs_generate_messages_eus
[  0%] Built target sensor_msgs_generate_messages_py
[  0%] Built target visualization_msgs_generate_messages_nodejs
[35m[1mScanning dependencies of target sensor_msgs_generate_messages_cpp[0m
[35m[1mScanning dependencies of target msg_check_generate_messages_eus[0m
[  0%] Built target mav_planning_msgs_generate_messages_eus
[  0%] Built target visualization_msgs_generate_messages_lisp
[  0%] Built target mav_planning_msgs_generate_messages_cpp
[35m[1mScanning dependencies of target std_msgs_generate_messages_lisp[0m
[35m[1mScanning dependencies of target trajectory_msgs_generate_messages_cpp[0m
[  0%] Built target sensor_msgs_generate_messages_cpp
[35m[1mScanning dependencies of target rrc_control_generate_messages_py[0m
[  0%] Built target msg_check_generate_messages_eus
[35m[1mScanning dependencies of target rrc_control_generate_messages_nodejs[0m
[35m[1mScanning dependencies of target rrc_control_generate_messages_cpp[0m
[  0%] Built target std_msgs_generate_messages_lisp
[35m[1mScanning dependencies of target rrc_control_generate_messages_eus[0m
[  0%] Built target trajectory_msgs_generate_messages_cpp
[  0%] Built target rrc_control_generate_messages_py
[  0%] Built target rrc_control_generate_messages_nodejs
[  0%] Built target rrc_control_generate_messages_cpp
[35m[1mScanning dependencies of target rrc_control_generate_messages_lisp[0m
[  3%] [34m[1mGenerating EusLisp manifest code for rrc_control[0m
[35m[1mScanning dependencies of target reconfig_pid_controller[0m
[35m[1mScanning dependencies of target hovering_smooth[0m
[35m[1mScanning dependencies of target asmc_position_controller[0m
[35m[1mScanning dependencies of target autde_position_controller[0m
[35m[1mScanning dependencies of target hovering_example[0m
[  3%] Built target rrc_control_generate_messages_lisp
[35m[1mScanning dependencies of target waypoint_publisher[0m
[35m[1mScanning dependencies of target points_publisher[0m
[  6%] [32mBuilding CXX object CMakeFiles/reconfig_pid_controller.dir/src/library/reconfig_pid_controller.cpp.o[0m
[ 10%] [32mBuilding CXX object CMakeFiles/waypoint_publisher.dir/src/nodes/waypoint_publisher.cpp.o[0m
[ 13%] [32mBuilding CXX object CMakeFiles/hovering_example.dir/src/nodes/hovering_example.cpp.o[0m
[ 17%] [32mBuilding CXX object CMakeFiles/autde_position_controller.dir/src/library/autde_position_controller.cpp.o[0m
[ 20%] [32mBuilding CXX object CMakeFiles/asmc_position_controller.dir/src/library/asmc_position_controller.cpp.o[0m
[ 24%] [32mBuilding CXX object CMakeFiles/points_publisher.dir/src/nodes/points_publisher.cpp.o[0m
[ 27%] [32mBuilding CXX object CMakeFiles/hovering_smooth.dir/src/nodes/hovering_smooth.cpp.o[0m
[ 27%] Built target rrc_control_generate_messages_eus
[35m[1mScanning dependencies of target pid_position_controller[0m
[ 31%] [32mBuilding CXX object CMakeFiles/pid_position_controller.dir/src/library/pid_position_controller.cpp.o[0m
[ 34%] [32m[1mLinking CXX executable /home/rahul/catkin_ws/devel/.private/rrc_control/lib/rrc_control/hovering_example[0m
[ 34%] Built target hovering_example
[35m[1mScanning dependencies of target smc_position_controller[0m
[ 44%] [32m[1mLinking CXX shared library /home/rahul/catkin_ws/devel/.private/rrc_control/lib/libasmc_position_controller.so[0m
[ 44%] [32m[1mLinking CXX executable /home/rahul/catkin_ws/devel/.private/rrc_control/lib/rrc_control/waypoint_publisher[0m
[ 44%] [32m[1mLinking CXX shared library /home/rahul/catkin_ws/devel/.private/rrc_control/lib/libreconfig_pid_controller.so[0m
[ 44%] Built target waypoint_publisher
[35m[1mScanning dependencies of target rrc_control_generate_messages[0m
[ 44%] Built target rrc_control_generate_messages
[ 44%] Built target asmc_position_controller
[ 44%] Built target reconfig_pid_controller
[35m[1mScanning dependencies of target reconfig_pid_controller_node[0m
[35m[1mScanning dependencies of target asmc_position_controller_node[0m
[ 51%] [32mBuilding CXX object CMakeFiles/smc_position_controller.dir/src/library/smc_position_controller.cpp.o[0m
[ 51%] [32mBuilding CXX object CMakeFiles/asmc_position_controller_node.dir/src/nodes/asmc_position_controller_node.cpp.o[0m
[ 55%] [32mBuilding CXX object CMakeFiles/reconfig_pid_controller_node.dir/src/nodes/reconfig_pid_controller_node.cpp.o[0m
[ 58%] [32m[1mLinking CXX shared library /home/rahul/catkin_ws/devel/.private/rrc_control/lib/libpid_position_controller.so[0m
[ 58%] Built target pid_position_controller
[35m[1mScanning dependencies of target pid_position_controller_node[0m
[ 62%] [32m[1mLinking CXX executable /home/rahul/catkin_ws/devel/.private/rrc_control/lib/rrc_control/hovering_smooth[0m
[ 65%] [32m[1mLinking CXX shared library /home/rahul/catkin_ws/devel/.private/rrc_control/lib/libautde_position_controller.so[0m
[ 68%] [32m[1mLinking CXX executable /home/rahul/catkin_ws/devel/.private/rrc_control/lib/rrc_control/points_publisher[0m
[ 72%] [32mBuilding CXX object CMakeFiles/pid_position_controller_node.dir/src/nodes/pid_position_controller_node.cpp.o[0m
[ 72%] Built target autde_position_controller
[ 72%] Built target hovering_smooth
[ 72%] Built target points_publisher
[35m[1mScanning dependencies of target autde_position_controller_node[0m
[ 75%] [32mBuilding CXX object CMakeFiles/autde_position_controller_node.dir/src/nodes/autde_position_controller_node.cpp.o[0m
[ 79%] [32m[1mLinking CXX executable /home/rahul/catkin_ws/devel/.private/rrc_control/lib/rrc_control/autde_position_controller_node[0m
[ 82%] [32m[1mLinking CXX executable /home/rahul/catkin_ws/devel/.private/rrc_control/lib/rrc_control/asmc_position_controller_node[0m
[ 82%] Built target asmc_position_controller_node
[ 82%] Built target autde_position_controller_node
[ 86%] [32m[1mLinking CXX shared library /home/rahul/catkin_ws/devel/.private/rrc_control/lib/libsmc_position_controller.so[0m
[ 86%] Built target smc_position_controller
[35m[1mScanning dependencies of target smc_position_controller_node[0m
[ 89%] [32mBuilding CXX object CMakeFiles/smc_position_controller_node.dir/src/nodes/smc_position_controller_node.cpp.o[0m
[ 93%] [32m[1mLinking CXX executable /home/rahul/catkin_ws/devel/.private/rrc_control/lib/rrc_control/pid_position_controller_node[0m
[ 96%] [32m[1mLinking CXX executable /home/rahul/catkin_ws/devel/.private/rrc_control/lib/rrc_control/reconfig_pid_controller_node[0m
[ 96%] Built target pid_position_controller_node
[ 96%] Built target reconfig_pid_controller_node
[100%] [32m[1mLinking CXX executable /home/rahul/catkin_ws/devel/.private/rrc_control/lib/rrc_control/smc_position_controller_node[0m
[100%] Built target smc_position_controller_node
