Linked: (/home/rahul/catkin_ws/devel/.private/rrc_control/lib/libasmc_position_controller.so, /home/rahul/catkin_ws/devel/lib/libasmc_position_controller.so)
Linked: (/home/rahul/catkin_ws/devel/.private/rrc_control/lib/libsmc_position_controller.so, /home/rahul/catkin_ws/devel/lib/libsmc_position_controller.so)
Linked: (/home/rahul/catkin_ws/devel/.private/rrc_control/lib/libreconfig_pid_controller.so, /home/rahul/catkin_ws/devel/lib/libreconfig_pid_controller.so)
Linked: (/home/rahul/catkin_ws/devel/.private/rrc_control/lib/libautde_position_controller.so, /home/rahul/catkin_ws/devel/lib/libautde_position_controller.so)
Linked: (/home/rahul/catkin_ws/devel/.private/rrc_control/lib/libpid_position_controller.so, /home/rahul/catkin_ws/devel/lib/libpid_position_controller.so)
Linked: (/home/rahul/catkin_ws/devel/.private/rrc_control/lib/rrc_control/smc_position_controller_node, /home/rahul/catkin_ws/devel/lib/rrc_control/smc_position_controller_node)
Linked: (/home/rahul/catkin_ws/devel/.private/rrc_control/lib/rrc_control/points_publisher, /home/rahul/catkin_ws/devel/lib/rrc_control/points_publisher)
Linked: (/home/rahul/catkin_ws/devel/.private/rrc_control/lib/rrc_control/asmc_position_controller_node, /home/rahul/catkin_ws/devel/lib/rrc_control/asmc_position_controller_node)
Linked: (/home/rahul/catkin_ws/devel/.private/rrc_control/lib/rrc_control/hovering_smooth, /home/rahul/catkin_ws/devel/lib/rrc_control/hovering_smooth)
Linked: (/home/rahul/catkin_ws/devel/.private/rrc_control/lib/rrc_control/hovering_example, /home/rahul/catkin_ws/devel/lib/rrc_control/hovering_example)
Linked: (/home/rahul/catkin_ws/devel/.private/rrc_control/lib/rrc_control/waypoint_publisher, /home/rahul/catkin_ws/devel/lib/rrc_control/waypoint_publisher)
Linked: (/home/rahul/catkin_ws/devel/.private/rrc_control/lib/rrc_control/reconfig_pid_controller_node, /home/rahul/catkin_ws/devel/lib/rrc_control/reconfig_pid_controller_node)
Linked: (/home/rahul/catkin_ws/devel/.private/rrc_control/lib/rrc_control/autde_position_controller_node, /home/rahul/catkin_ws/devel/lib/rrc_control/autde_position_controller_node)
Linked: (/home/rahul/catkin_ws/devel/.private/rrc_control/lib/rrc_control/pid_position_controller_node, /home/rahul/catkin_ws/devel/lib/rrc_control/pid_position_controller_node)
Linked: (/home/rahul/catkin_ws/devel/.private/rrc_control/lib/pkgconfig/rrc_control.pc, /home/rahul/catkin_ws/devel/lib/pkgconfig/rrc_control.pc)
Linked: (/home/rahul/catkin_ws/devel/.private/rrc_control/lib/python2.7/dist-packages/rrc_control/__init__.py, /home/rahul/catkin_ws/devel/lib/python2.7/dist-packages/rrc_control/__init__.py)
Linked: (/home/rahul/catkin_ws/devel/.private/rrc_control/share/rrc_control/cmake/rrc_control-msg-paths.cmake, /home/rahul/catkin_ws/devel/share/rrc_control/cmake/rrc_control-msg-paths.cmake)
Linked: (/home/rahul/catkin_ws/devel/.private/rrc_control/share/rrc_control/cmake/rrc_control-msg-extras.cmake, /home/rahul/catkin_ws/devel/share/rrc_control/cmake/rrc_control-msg-extras.cmake)
Linked: (/home/rahul/catkin_ws/devel/.private/rrc_control/share/rrc_control/cmake/rrc_controlConfig.cmake, /home/rahul/catkin_ws/devel/share/rrc_control/cmake/rrc_controlConfig.cmake)
Linked: (/home/rahul/catkin_ws/devel/.private/rrc_control/share/rrc_control/cmake/rrc_controlConfig-version.cmake, /home/rahul/catkin_ws/devel/share/rrc_control/cmake/rrc_controlConfig-version.cmake)
Linked: (/home/rahul/catkin_ws/devel/.private/rrc_control/share/roseus/ros/rrc_control/manifest.l, /home/rahul/catkin_ws/devel/share/roseus/ros/rrc_control/manifest.l)
