Symlinking /home/rahul/catkin_ws/devel/lib/libasmc_position_controller.so
Symlinking /home/rahul/catkin_ws/devel/lib/libsmc_position_controller.so
Symlinking /home/rahul/catkin_ws/devel/lib/libreconfig_pid_controller.so
Symlinking /home/rahul/catkin_ws/devel/lib/libautde_position_controller.so
Symlinking /home/rahul/catkin_ws/devel/lib/libpid_position_controller.so
Symlinking /home/rahul/catkin_ws/devel/lib/rrc_control/smc_position_controller_node
Symlinking /home/rahul/catkin_ws/devel/lib/rrc_control/points_publisher
Symlinking /home/rahul/catkin_ws/devel/lib/rrc_control/asmc_position_controller_node
Symlinking /home/rahul/catkin_ws/devel/lib/rrc_control/hovering_smooth
Symlinking /home/rahul/catkin_ws/devel/lib/rrc_control/hovering_example
Symlinking /home/rahul/catkin_ws/devel/lib/rrc_control/waypoint_publisher
Symlinking /home/rahul/catkin_ws/devel/lib/rrc_control/reconfig_pid_controller_node
Symlinking /home/rahul/catkin_ws/devel/lib/rrc_control/autde_position_controller_node
Symlinking /home/rahul/catkin_ws/devel/lib/rrc_control/pid_position_controller_node
Symlinking /home/rahul/catkin_ws/devel/lib/pkgconfig/rrc_control.pc
Symlinking /home/rahul/catkin_ws/devel/lib/python2.7/dist-packages/rrc_control/__init__.py
Symlinking /home/rahul/catkin_ws/devel/share/rrc_control/cmake/rrc_control-msg-paths.cmake
Symlinking /home/rahul/catkin_ws/devel/share/rrc_control/cmake/rrc_control-msg-extras.cmake
Symlinking /home/rahul/catkin_ws/devel/share/rrc_control/cmake/rrc_controlConfig.cmake
Symlinking /home/rahul/catkin_ws/devel/share/rrc_control/cmake/rrc_controlConfig-version.cmake
Symlinking /home/rahul/catkin_ws/devel/share/roseus/ros/rrc_control/manifest.l
