Symlinking /home/rahul/catkin_ws/devel/include/yaml-cpp/emittermanip.h
Symlinking /home/rahul/catkin_ws/devel/include/yaml-cpp/dll.h
Symlinking /home/rahul/catkin_ws/devel/include/yaml-cpp/binary.h
Symlinking /home/rahul/catkin_ws/devel/include/yaml-cpp/null.h
Symlinking /home/rahul/catkin_ws/devel/include/yaml-cpp/emitfromevents.h
Symlinking /home/rahul/catkin_ws/devel/include/yaml-cpp/emitterstyle.h
Symlinking /home/rahul/catkin_ws/devel/include/yaml-cpp/mark.h
Symlinking /home/rahul/catkin_ws/devel/include/yaml-cpp/anchor.h
Symlinking /home/rahul/catkin_ws/devel/include/yaml-cpp/exceptions.h
Symlinking /home/rahul/catkin_ws/devel/include/yaml-cpp/noncopyable.h
Symlinking /home/rahul/catkin_ws/devel/include/yaml-cpp/emitter.h
Symlinking /home/rahul/catkin_ws/devel/include/yaml-cpp/emitterdef.h
Symlinking /home/rahul/catkin_ws/devel/include/yaml-cpp/parser.h
Symlinking /home/rahul/catkin_ws/devel/include/yaml-cpp/ostream_wrapper.h
Symlinking /home/rahul/catkin_ws/devel/include/yaml-cpp/yaml.h
Symlinking /home/rahul/catkin_ws/devel/include/yaml-cpp/traits.h
Symlinking /home/rahul/catkin_ws/devel/include/yaml-cpp/eventhandler.h
Symlinking /home/rahul/catkin_ws/devel/include/yaml-cpp/stlemitter.h
Symlinking /home/rahul/catkin_ws/devel/include/yaml-cpp/contrib/anchordict.h
Symlinking /home/rahul/catkin_ws/devel/include/yaml-cpp/contrib/graphbuilder.h
Symlinking /home/rahul/catkin_ws/devel/include/yaml-cpp/node/parse.h
Symlinking /home/rahul/catkin_ws/devel/include/yaml-cpp/node/convert.h
Symlinking /home/rahul/catkin_ws/devel/include/yaml-cpp/node/ptr.h
Symlinking /home/rahul/catkin_ws/devel/include/yaml-cpp/node/impl.h
Symlinking /home/rahul/catkin_ws/devel/include/yaml-cpp/node/type.h
Symlinking /home/rahul/catkin_ws/devel/include/yaml-cpp/node/iterator.h
Symlinking /home/rahul/catkin_ws/devel/include/yaml-cpp/node/node.h
Symlinking /home/rahul/catkin_ws/devel/include/yaml-cpp/node/emit.h
Symlinking /home/rahul/catkin_ws/devel/include/yaml-cpp/node/detail/node_ref.h
Symlinking /home/rahul/catkin_ws/devel/include/yaml-cpp/node/detail/node_data.h
Symlinking /home/rahul/catkin_ws/devel/include/yaml-cpp/node/detail/impl.h
Symlinking /home/rahul/catkin_ws/devel/include/yaml-cpp/node/detail/iterator_fwd.h
Symlinking /home/rahul/catkin_ws/devel/include/yaml-cpp/node/detail/memory.h
Symlinking /home/rahul/catkin_ws/devel/include/yaml-cpp/node/detail/node_iterator.h
Symlinking /home/rahul/catkin_ws/devel/include/yaml-cpp/node/detail/iterator.h
Symlinking /home/rahul/catkin_ws/devel/include/yaml-cpp/node/detail/node.h
Symlinking /home/rahul/catkin_ws/devel/include/yaml-cpp/node/detail/bool_type.h
Symlinking /home/rahul/catkin_ws/devel/lib/libyaml-cpp0.5.so
Symlinking /home/rahul/catkin_ws/devel/lib/libyaml-cpp0.5.so.0.5
Symlinking /home/rahul/catkin_ws/devel/lib/libyaml-cpp0.5.so.0.5.3
Symlinking /home/rahul/catkin_ws/devel/lib/pkgconfig/yaml_cpp_catkin.pc
Symlinking /home/rahul/catkin_ws/devel/lib/pkgconfig/yaml-cpp0.5.pc
Symlinking /home/rahul/catkin_ws/devel/lib/cmake/yaml-cpp/yaml-cpp0.5-config-version.cmake
Symlinking /home/rahul/catkin_ws/devel/lib/cmake/yaml-cpp/yaml-cpp0.5-targets-release.cmake
Symlinking /home/rahul/catkin_ws/devel/lib/cmake/yaml-cpp/yaml-cpp0.5-targets.cmake
Symlinking /home/rahul/catkin_ws/devel/lib/cmake/yaml-cpp/yaml-cpp0.5-config.cmake
Symlinking /home/rahul/catkin_ws/devel/share/yaml_cpp_catkin/cmake/yaml_cpp_catkinConfig-version.cmake
Symlinking /home/rahul/catkin_ws/devel/share/yaml_cpp_catkin/cmake/yaml_cpp_catkinConfig.cmake
