Not searching for unused variables given on the command line.
[36m--[0m The C compiler identification is GNU 5.4.0
[36m--[0m The CXX compiler identification is GNU 5.4.0
[36m--[0m Check for working C compiler: /usr/bin/cc
[36m--[0m Check for working C compiler: /usr/bin/cc -- works
[36m--[0m Detecting C compiler ABI info
[36m--[0m Detecting C compiler ABI info - done
[36m--[0m Detecting C compile features
[36m--[0m Detecting C compile features - done
[36m--[0m Check for working CXX compiler: /usr/bin/c++
[36m--[0m Check for working CXX compiler: /usr/bin/c++ -- works
[36m--[0m Detecting CXX compiler ABI info
[36m--[0m Detecting CXX compiler ABI info - done
[36m--[0m Detecting CXX compile features
[36m--[0m Detecting CXX compile features - done
[36m--[0m  mavlink found, building MAVLINK_INTERFACE_PLUGIN.
[36m--[0m BUILD_OCTOMAP_PLUGIN variable not provided, setting to FALSE.
[36m--[0m BUILD_OPTICAL_FLOW_PLUGIN variable not provided, setting to FALSE.
[36m--[0m NO_ROS variable not provided, setting to FALSE.
[36m--[0m CMAKE_BINARY_DIR = /home/rahul/catkin_ws/build/rotors_gazebo_plugins
[36m--[0m ADDITIONAL_INCLUDE_DIRS =
[36m--[0m BUILD_OCTOMAP_PLUGIN = FALSE, NOT building gazebo_octomap_plugin.
[36m--[0m BUILD_OPTICAL_FLOW_PLUGIN = FALSE, NOT building gazebo_optical_flow_plugin.
[36m--[0m NO_ROS = FALSE, building rotors_gazebo_plugins WITH ROS dependancies.
[36m--[0m Using CATKIN_DEVEL_PREFIX: /home/rahul/catkin_ws/devel/.private/rotors_gazebo_plugins
[36m--[0m Using CMAKE_PREFIX_PATH: /home/rahul/catkin_ws/devel;/opt/ros/kinetic
[36m--[0m This workspace overlays: /home/rahul/catkin_ws/devel;/opt/ros/kinetic
[36m--[0m Found PythonInterp: /usr/bin/python2 (found suitable version "2.7.12", minimum required is "2")
[36m--[0m Using PYTHON_EXECUTABLE: /usr/bin/python2
[36m--[0m Using Debian Python package layout
[36m--[0m Using empy: /usr/bin/empy
[36m--[0m Using CATKIN_ENABLE_TESTING: ON
[36m--[0m Call enable_testing()
[36m--[0m Using CATKIN_TEST_RESULTS_DIR: /home/rahul/catkin_ws/build/rotors_gazebo_plugins/test_results
[36m--[0m Found gtest sources under '/usr/src/gmock': gtests will be built
[36m--[0m Found gmock sources under '/usr/src/gmock': gmock will be built
[36m--[0m Found PythonInterp: /usr/bin/python2 (found version "2.7.12")
[36m--[0m Looking for pthread.h
[36m--[0m Looking for pthread.h - found
[36m--[0m Looking for pthread_create
[36m--[0m Looking for pthread_create - not found
[36m--[0m Looking for pthread_create in pthreads
[36m--[0m Looking for pthread_create in pthreads - not found
[36m--[0m Looking for pthread_create in pthread
[36m--[0m Looking for pthread_create in pthread - found
[36m--[0m Found Threads: TRUE
[36m--[0m Using Python nosetests: /usr/bin/nosetests-2.7
[36m--[0m catkin 0.7.20
[36m--[0m BUILD_SHARED_LIBS is on
[36m--[0m Using these message generators: gencpp;geneus;genlisp;gennodejs;genpy
[36m--[0m CMAKE_BINARY_DIR = /home/rahul/catkin_ws/build/rotors_gazebo_plugins
[36m--[0m Found PkgConfig: /usr/bin/pkg-config (found version "0.29.1")
[36m--[0m Checking for module 'eigen3'
[36m--[0m   Found eigen3, version 3.2.92
[36m--[0m Found Eigen: /home/rahul/catkin_ws/devel/include/eigen3
[36m--[0m Eigen found (include: /home/rahul/catkin_ws/devel/include/eigen3)
[36m--[0m Checking for module 'bullet>=2.82'
[36m--[0m   Found bullet, version 2.83
[36m--[0m Found Simbody: /usr/include/simbody
[36m--[0m Boost version: 1.58.0
[36m--[0m Found the following Boost libraries:
[36m--[0m   thread
[36m--[0m   system
[36m--[0m   filesystem
[36m--[0m   program_options
[36m--[0m   regex
[36m--[0m   iostreams
[36m--[0m   date_time
[36m--[0m   chrono
[36m--[0m   atomic
[36m--[0m Found Protobuf: /usr/lib/x86_64-linux-gnu/libprotobuf.so
[36m--[0m Boost version: 1.58.0
[36m--[0m Looking for OGRE...
[36m--[0m OGRE_PREFIX_WATCH changed.
[36m--[0m Checking for module 'OGRE'
[36m--[0m   Found OGRE, version 1.9.0
[36m--[0m Found Ogre Ghadamon (1.9.0)
[36m--[0m Found OGRE: optimized;/usr/lib/x86_64-linux-gnu/libOgreMain.so;debug;/usr/lib/x86_64-linux-gnu/libOgreMain.so
[36m--[0m Looking for OGRE_Paging...
[36m--[0m Found OGRE_Paging: optimized;/usr/lib/x86_64-linux-gnu/libOgrePaging.so;debug;/usr/lib/x86_64-linux-gnu/libOgrePaging.so
[36m--[0m Looking for OGRE_Terrain...
[36m--[0m Found OGRE_Terrain: optimized;/usr/lib/x86_64-linux-gnu/libOgreTerrain.so;debug;/usr/lib/x86_64-linux-gnu/libOgreTerrain.so
[36m--[0m Looking for OGRE_Property...
[36m--[0m Found OGRE_Property: optimized;/usr/lib/x86_64-linux-gnu/libOgreProperty.so;debug;/usr/lib/x86_64-linux-gnu/libOgreProperty.so
[36m--[0m Looking for OGRE_RTShaderSystem...
[36m--[0m Found OGRE_RTShaderSystem: optimized;/usr/lib/x86_64-linux-gnu/libOgreRTShaderSystem.so;debug;/usr/lib/x86_64-linux-gnu/libOgreRTShaderSystem.so
[36m--[0m Looking for OGRE_Volume...
[36m--[0m Found OGRE_Volume: optimized;/usr/lib/x86_64-linux-gnu/libOgreVolume.so;debug;/usr/lib/x86_64-linux-gnu/libOgreVolume.so
[36m--[0m Looking for OGRE_Overlay...
[36m--[0m Found OGRE_Overlay: optimized;/usr/lib/x86_64-linux-gnu/libOgreOverlay.so;debug;/usr/lib/x86_64-linux-gnu/libOgreOverlay.so
[36m--[0m Found Protobuf: /usr/lib/x86_64-linux-gnu/libprotobuf.so (Required is at least version "2.3.0")
[36m--[0m Config-file not installed for ZeroMQ -- checking for pkg-config
[36m--[0m Checking for module 'libzmq >= 4'
[36m--[0m   Found libzmq , version 4.1.4
[36m--[0m Found ZeroMQ: TRUE (Required is at least version "4")
[36m--[0m Checking for module 'uuid'
[36m--[0m   Found uuid, version 2.27.0
[36m--[0m Found UUID: TRUE
[36m--[0m Checking for module 'tinyxml2'
[36m--[0m   Found tinyxml2, version 2.2.0
[36m--[0m Looking for dlfcn.h - found
[36m--[0m Looking for libdl - found
[36m--[0m Found DL: TRUE
[36m--[0m FreeImage.pc not found, we will search for FreeImage_INCLUDE_DIRS and FreeImage_LIBRARIES
[36m--[0m Checking for module 'gts'
[36m--[0m   Found gts, version 0.7.6
[36m--[0m Found GTS: TRUE
[36m--[0m Checking for module 'libswscale'
[36m--[0m   Found libswscale, version 3.1.101
[36m--[0m Found SWSCALE: TRUE
[36m--[0m Checking for module 'libavdevice >= 56.4.100'
[36m--[0m   Found libavdevice , version 56.4.100
[36m--[0m Found AVDEVICE: TRUE (Required is at least version "56.4.100")
[36m--[0m Checking for module 'libavformat'
[36m--[0m   Found libavformat, version 56.40.101
[36m--[0m Found AVFORMAT: TRUE
[36m--[0m Checking for module 'libavcodec'
[36m--[0m   Found libavcodec, version 56.60.100
[36m--[0m Found AVCODEC: TRUE
[36m--[0m Checking for module 'libavutil'
[36m--[0m   Found libavutil, version 54.31.100
[36m--[0m Found AVUTIL: TRUE
[36m--[0m Found CURL: /usr/lib/x86_64-linux-gnu/libcurl.so (found version "7.47.0")
[36m--[0m Checking for module 'jsoncpp'
[36m--[0m   Found jsoncpp, version 1.7.2
[36m--[0m Found JSONCPP: TRUE
[36m--[0m Checking for module 'yaml-0.1'
[36m--[0m   Found yaml-0.1, version 0.1.6
[36m--[0m Found YAML: TRUE
[36m--[0m Checking for module 'libzip'
[36m--[0m   Found libzip, version 1.0.1
[36m--[0m Found ZIP: TRUE
[36m--[0m Gazebo version: 9.14
[36m--[0m Found OpenCV: /opt/ros/kinetic (found version "3.3.1")
[36m--[0m Found Glog: /usr/include
[36m--[0m No yaml_cpp_catkin, using yaml-cpp system library instead.
[36m--[0m Checking for module 'yaml-cpp>=0.5'
[36m--[0m   Found yaml-cpp, version 0.5.2
[36m--[0m PROTOBUF_IMPORT_DIRS = /usr/include/gazebo-9/gazebo/msgs/proto
[36m--[0m Found Protobuf: /usr/lib/x86_64-linux-gnu/libprotobuf.so
[36m--[0m Checking for module 'protobuf'
[36m--[0m   Found protobuf, version 2.6.1
[33m[1mCMake Warning[0m at /opt/ros/kinetic/share/catkin/cmake/catkin_package.cmake:166 (message):
  catkin_package() DEPENDS on 'octomap' but neither 'octomap_INCLUDE_DIRS'
  nor 'octomap_LIBRARIES' is defined.
[36mCall Stack (most recent call first):[0m
  /opt/ros/kinetic/share/catkin/cmake/catkin_package.cmake:102 (_catkin_package)
  CMakeLists.txt:229 (catkin_package)


[36m--[0m GAZEBO 9.14.0
--
[36m--[0m BUILD_MAVLINK_INTERFACE_PLUGIN = TRUE, adding mavros dependency and building mavlink_interface_plugin.
WARNMAVLINK_HEADER_DIR not provided, falling back to looking at default paths...
WARNMavlink headers found and mavros version check successful, building MavlinkInterfacePlugin
[36m--[0m Found MAVLink headers in workspace at ' /home/rahul/catkin_ws/devel/include/mavlink/v2.0/'.
[36m--[0m CMAKE_INSTALL_PREFIX = /home/rahul/catkin_ws/install
[36m--[0m Configuring done
[36m--[0m Generating done
[36m--[0m Build files have been written to: /home/rahul/catkin_ws/build/rotors_gazebo_plugins
