Determining if the pthread_create exist failed with the following output:
Change Dir: /home/rahul/catkin_ws/build/gripper_action_controller/CMakeFiles/CMakeTmp

Run Build Command:"/usr/bin/make" "cmTC_592db/fast"
/usr/bin/make -f CMakeFiles/cmTC_592db.dir/build.make CMakeFiles/cmTC_592db.dir/build
make[1]: Entering directory '/home/rahul/catkin_ws/build/gripper_action_controller/CMakeFiles/CMakeTmp'
Building C object CMakeFiles/cmTC_592db.dir/CheckSymbolExists.c.o
/usr/bin/cc     -o CMakeFiles/cmTC_592db.dir/CheckSymbolExists.c.o   -c /home/rahul/catkin_ws/build/gripper_action_controller/CMakeFiles/CMakeTmp/CheckSymbolExists.c
Linking C executable cmTC_592db
/usr/bin/cmake -E cmake_link_script CMakeFiles/cmTC_592db.dir/link.txt --verbose=1
/usr/bin/cc       CMakeFiles/cmTC_592db.dir/CheckSymbolExists.c.o  -o cmTC_592db -rdynamic 
CMakeFiles/cmTC_592db.dir/CheckSymbolExists.c.o: In function `main':
CheckSymbolExists.c:(.text+0x16): undefined reference to `pthread_create'
collect2: error: ld returned 1 exit status
CMakeFiles/cmTC_592db.dir/build.make:97: recipe for target 'cmTC_592db' failed
make[1]: *** [cmTC_592db] Error 1
make[1]: Leaving directory '/home/rahul/catkin_ws/build/gripper_action_controller/CMakeFiles/CMakeTmp'
Makefile:126: recipe for target 'cmTC_592db/fast' failed
make: *** [cmTC_592db/fast] Error 2

File /home/rahul/catkin_ws/build/gripper_action_controller/CMakeFiles/CMakeTmp/CheckSymbolExists.c:
/* */
#include <pthread.h>

int main(int argc, char** argv)
{
  (void)argv;
#ifndef pthread_create
  return ((int*)(&pthread_create))[argc];
#else
  (void)argc;
  return 0;
#endif
}

Determining if the function pthread_create exists in the pthreads failed with the following output:
Change Dir: /home/rahul/catkin_ws/build/gripper_action_controller/CMakeFiles/CMakeTmp

Run Build Command:"/usr/bin/make" "cmTC_03659/fast"
/usr/bin/make -f CMakeFiles/cmTC_03659.dir/build.make CMakeFiles/cmTC_03659.dir/build
make[1]: Entering directory '/home/rahul/catkin_ws/build/gripper_action_controller/CMakeFiles/CMakeTmp'
Building C object CMakeFiles/cmTC_03659.dir/CheckFunctionExists.c.o
/usr/bin/cc    -DCHECK_FUNCTION_EXISTS=pthread_create   -o CMakeFiles/cmTC_03659.dir/CheckFunctionExists.c.o   -c /usr/share/cmake-3.5/Modules/CheckFunctionExists.c
Linking C executable cmTC_03659
/usr/bin/cmake -E cmake_link_script CMakeFiles/cmTC_03659.dir/link.txt --verbose=1
/usr/bin/cc   -DCHECK_FUNCTION_EXISTS=pthread_create    CMakeFiles/cmTC_03659.dir/CheckFunctionExists.c.o  -o cmTC_03659 -rdynamic -lpthreads 
/usr/bin/ld: cannot find -lpthreads
collect2: error: ld returned 1 exit status
CMakeFiles/cmTC_03659.dir/build.make:97: recipe for target 'cmTC_03659' failed
make[1]: *** [cmTC_03659] Error 1
make[1]: Leaving directory '/home/rahul/catkin_ws/build/gripper_action_controller/CMakeFiles/CMakeTmp'
Makefile:126: recipe for target 'cmTC_03659/fast' failed
make: *** [cmTC_03659/fast] Error 2


