Determining if the pthread_create exist failed with the following output:
Change Dir: /home/rahul/catkin_ws/build/rotors_gazebo_plugins/CMakeFiles/CMakeTmp

Run Build Command:"/usr/bin/make" "cmTC_7feff/fast"
/usr/bin/make -f CMakeFiles/cmTC_7feff.dir/build.make CMakeFiles/cmTC_7feff.dir/build
make[1]: Entering directory '/home/rahul/catkin_ws/build/rotors_gazebo_plugins/CMakeFiles/CMakeTmp'
Building C object CMakeFiles/cmTC_7feff.dir/CheckSymbolExists.c.o
/usr/bin/cc     -o CMakeFiles/cmTC_7feff.dir/CheckSymbolExists.c.o   -c /home/rahul/catkin_ws/build/rotors_gazebo_plugins/CMakeFiles/CMakeTmp/CheckSymbolExists.c
Linking C executable cmTC_7feff
/usr/bin/cmake -E cmake_link_script CMakeFiles/cmTC_7feff.dir/link.txt --verbose=1
/usr/bin/cc       CMakeFiles/cmTC_7feff.dir/CheckSymbolExists.c.o  -o cmTC_7feff -rdynamic 
CMakeFiles/cmTC_7feff.dir/CheckSymbolExists.c.o: In function `main':
CheckSymbolExists.c:(.text+0x16): undefined reference to `pthread_create'
collect2: error: ld returned 1 exit status
CMakeFiles/cmTC_7feff.dir/build.make:97: recipe for target 'cmTC_7feff' failed
make[1]: *** [cmTC_7feff] Error 1
make[1]: Leaving directory '/home/rahul/catkin_ws/build/rotors_gazebo_plugins/CMakeFiles/CMakeTmp'
Makefile:126: recipe for target 'cmTC_7feff/fast' failed
make: *** [cmTC_7feff/fast] Error 2

File /home/rahul/catkin_ws/build/rotors_gazebo_plugins/CMakeFiles/CMakeTmp/CheckSymbolExists.c:
/* */
#include <pthread.h>

int main(int argc, char** argv)
{
  (void)argv;
#ifndef pthread_create
  return ((int*)(&pthread_create))[argc];
#else
  (void)argc;
  return 0;
#endif
}

Determining if the function pthread_create exists in the pthreads failed with the following output:
Change Dir: /home/rahul/catkin_ws/build/rotors_gazebo_plugins/CMakeFiles/CMakeTmp

Run Build Command:"/usr/bin/make" "cmTC_39081/fast"
/usr/bin/make -f CMakeFiles/cmTC_39081.dir/build.make CMakeFiles/cmTC_39081.dir/build
make[1]: Entering directory '/home/rahul/catkin_ws/build/rotors_gazebo_plugins/CMakeFiles/CMakeTmp'
Building C object CMakeFiles/cmTC_39081.dir/CheckFunctionExists.c.o
/usr/bin/cc    -DCHECK_FUNCTION_EXISTS=pthread_create   -o CMakeFiles/cmTC_39081.dir/CheckFunctionExists.c.o   -c /usr/share/cmake-3.5/Modules/CheckFunctionExists.c
Linking C executable cmTC_39081
/usr/bin/cmake -E cmake_link_script CMakeFiles/cmTC_39081.dir/link.txt --verbose=1
/usr/bin/cc   -DCHECK_FUNCTION_EXISTS=pthread_create    CMakeFiles/cmTC_39081.dir/CheckFunctionExists.c.o  -o cmTC_39081 -rdynamic -lpthreads 
/usr/bin/ld: cannot find -lpthreads
collect2: error: ld returned 1 exit status
CMakeFiles/cmTC_39081.dir/build.make:97: recipe for target 'cmTC_39081' failed
make[1]: *** [cmTC_39081] Error 1
make[1]: Leaving directory '/home/rahul/catkin_ws/build/rotors_gazebo_plugins/CMakeFiles/CMakeTmp'
Makefile:126: recipe for target 'cmTC_39081/fast' failed
make: *** [cmTC_39081/fast] Error 2


