Determining if the pthread_create exist failed with the following output:
Change Dir: /home/rahul/catkin_ws/build/nlopt/CMakeFiles/CMakeTmp

Run Build Command:"/usr/bin/make" "cmTC_d2ceb/fast"
/usr/bin/make -f CMakeFiles/cmTC_d2ceb.dir/build.make CMakeFiles/cmTC_d2ceb.dir/build
make[1]: Entering directory '/home/rahul/catkin_ws/build/nlopt/CMakeFiles/CMakeTmp'
Building C object CMakeFiles/cmTC_d2ceb.dir/CheckSymbolExists.c.o
/usr/bin/cc     -o CMakeFiles/cmTC_d2ceb.dir/CheckSymbolExists.c.o   -c /home/rahul/catkin_ws/build/nlopt/CMakeFiles/CMakeTmp/CheckSymbolExists.c
Linking C executable cmTC_d2ceb
/usr/bin/cmake -E cmake_link_script CMakeFiles/cmTC_d2ceb.dir/link.txt --verbose=1
/usr/bin/cc       CMakeFiles/cmTC_d2ceb.dir/CheckSymbolExists.c.o  -o cmTC_d2ceb -rdynamic 
CMakeFiles/cmTC_d2ceb.dir/CheckSymbolExists.c.o: In function `main':
CheckSymbolExists.c:(.text+0x16): undefined reference to `pthread_create'
collect2: error: ld returned 1 exit status
CMakeFiles/cmTC_d2ceb.dir/build.make:97: recipe for target 'cmTC_d2ceb' failed
make[1]: *** [cmTC_d2ceb] Error 1
make[1]: Leaving directory '/home/rahul/catkin_ws/build/nlopt/CMakeFiles/CMakeTmp'
Makefile:126: recipe for target 'cmTC_d2ceb/fast' failed
make: *** [cmTC_d2ceb/fast] Error 2

File /home/rahul/catkin_ws/build/nlopt/CMakeFiles/CMakeTmp/CheckSymbolExists.c:
/* */
#include <pthread.h>

int main(int argc, char** argv)
{
  (void)argv;
#ifndef pthread_create
  return ((int*)(&pthread_create))[argc];
#else
  (void)argc;
  return 0;
#endif
}

Determining if the function pthread_create exists in the pthreads failed with the following output:
Change Dir: /home/rahul/catkin_ws/build/nlopt/CMakeFiles/CMakeTmp

Run Build Command:"/usr/bin/make" "cmTC_5725a/fast"
/usr/bin/make -f CMakeFiles/cmTC_5725a.dir/build.make CMakeFiles/cmTC_5725a.dir/build
make[1]: Entering directory '/home/rahul/catkin_ws/build/nlopt/CMakeFiles/CMakeTmp'
Building C object CMakeFiles/cmTC_5725a.dir/CheckFunctionExists.c.o
/usr/bin/cc    -DCHECK_FUNCTION_EXISTS=pthread_create   -o CMakeFiles/cmTC_5725a.dir/CheckFunctionExists.c.o   -c /usr/share/cmake-3.5/Modules/CheckFunctionExists.c
Linking C executable cmTC_5725a
/usr/bin/cmake -E cmake_link_script CMakeFiles/cmTC_5725a.dir/link.txt --verbose=1
/usr/bin/cc   -DCHECK_FUNCTION_EXISTS=pthread_create    CMakeFiles/cmTC_5725a.dir/CheckFunctionExists.c.o  -o cmTC_5725a -rdynamic -lpthreads 
/usr/bin/ld: cannot find -lpthreads
collect2: error: ld returned 1 exit status
CMakeFiles/cmTC_5725a.dir/build.make:97: recipe for target 'cmTC_5725a' failed
make[1]: *** [cmTC_5725a] Error 1
make[1]: Leaving directory '/home/rahul/catkin_ws/build/nlopt/CMakeFiles/CMakeTmp'
Makefile:126: recipe for target 'cmTC_5725a/fast' failed
make: *** [cmTC_5725a/fast] Error 2


