Linked: (/home/rahul/catkin_ws/devel/.private/eigen_catkin/include/eigen3/signature_of_eigen3_matrix_library, /home/rahul/catkin_ws/devel/include/eigen3/signature_of_eigen3_matrix_library)
Linked: (/home/rahul/catkin_ws/devel/.private/eigen_catkin/include/eigen3/unsupported/Eigen/NumericalDiff, /home/rahul/catkin_ws/devel/include/eigen3/unsupported/Eigen/NumericalDiff)
Linked: (/home/rahul/catkin_ws/devel/.private/eigen_catkin/include/eigen3/unsupported/Eigen/Skyline, /home/rahul/catkin_ws/devel/include/eigen3/unsupported/Eigen/Skyline)
Linked: (/home/rahul/catkin_ws/devel/.private/eigen_catkin/include/eigen3/unsupported/Eigen/SpecialFunctions, /home/rahul/catkin_ws/devel/include/eigen3/unsupported/Eigen/SpecialFunctions)
Linked: (/home/rahul/catkin_ws/devel/.private/eigen_catkin/include/eigen3/unsupported/Eigen/BVH, /home/rahul/catkin_ws/devel/include/eigen3/unsupported/Eigen/BVH)
Linked: (/home/rahul/catkin_ws/devel/.private/eigen_catkin/include/eigen3/unsupported/Eigen/Polynomials, /home/rahul/catkin_ws/devel/include/eigen3/unsupported/Eigen/Polynomials)
Linked: (/home/rahul/catkin_ws/devel/.private/eigen_catkin/include/eigen3/unsupported/Eigen/NonLinearOptimization, /home/rahul/catkin_ws/devel/include/eigen3/unsupported/Eigen/NonLinearOptimization)
Linked: (/home/rahul/catkin_ws/devel/.private/eigen_catkin/include/eigen3/unsupported/Eigen/OpenGLSupport, /home/rahul/catkin_ws/devel/include/eigen3/unsupported/Eigen/OpenGLSupport)
Linked: (/home/rahul/catkin_ws/devel/.private/eigen_catkin/include/eigen3/unsupported/Eigen/LevenbergMarquardt, /home/rahul/catkin_ws/devel/include/eigen3/unsupported/Eigen/LevenbergMarquardt)
Linked: (/home/rahul/catkin_ws/devel/.private/eigen_catkin/include/eigen3/unsupported/Eigen/ArpackSupport, /home/rahul/catkin_ws/devel/include/eigen3/unsupported/Eigen/ArpackSupport)
Linked: (/home/rahul/catkin_ws/devel/.private/eigen_catkin/include/eigen3/unsupported/Eigen/AlignedVector3, /home/rahul/catkin_ws/devel/include/eigen3/unsupported/Eigen/AlignedVector3)
Linked: (/home/rahul/catkin_ws/devel/.private/eigen_catkin/include/eigen3/unsupported/Eigen/AutoDiff, /home/rahul/catkin_ws/devel/include/eigen3/unsupported/Eigen/AutoDiff)
Linked: (/home/rahul/catkin_ws/devel/.private/eigen_catkin/include/eigen3/unsupported/Eigen/AdolcForward, /home/rahul/catkin_ws/devel/include/eigen3/unsupported/Eigen/AdolcForward)
Linked: (/home/rahul/catkin_ws/devel/.private/eigen_catkin/include/eigen3/unsupported/Eigen/MoreVectorization, /home/rahul/catkin_ws/devel/include/eigen3/unsupported/Eigen/MoreVectorization)
Linked: (/home/rahul/catkin_ws/devel/.private/eigen_catkin/include/eigen3/unsupported/Eigen/MatrixFunctions, /home/rahul/catkin_ws/devel/include/eigen3/unsupported/Eigen/MatrixFunctions)
Linked: (/home/rahul/catkin_ws/devel/.private/eigen_catkin/include/eigen3/unsupported/Eigen/Splines, /home/rahul/catkin_ws/devel/include/eigen3/unsupported/Eigen/Splines)
Linked: (/home/rahul/catkin_ws/devel/.private/eigen_catkin/include/eigen3/unsupported/Eigen/KroneckerProduct, /home/rahul/catkin_ws/devel/include/eigen3/unsupported/Eigen/KroneckerProduct)
Linked: (/home/rahul/catkin_ws/devel/.private/eigen_catkin/include/eigen3/unsupported/Eigen/IterativeSolvers, /home/rahul/catkin_ws/devel/include/eigen3/unsupported/Eigen/IterativeSolvers)
Linked: (/home/rahul/catkin_ws/devel/.private/eigen_catkin/include/eigen3/unsupported/Eigen/MPRealSupport, /home/rahul/catkin_ws/devel/include/eigen3/unsupported/Eigen/MPRealSupport)
Linked: (/home/rahul/catkin_ws/devel/.private/eigen_catkin/include/eigen3/unsupported/Eigen/FFT, /home/rahul/catkin_ws/devel/include/eigen3/unsupported/Eigen/FFT)
Linked: (/home/rahul/catkin_ws/devel/.private/eigen_catkin/include/eigen3/unsupported/Eigen/EulerAngles, /home/rahul/catkin_ws/devel/include/eigen3/unsupported/Eigen/EulerAngles)
Linked: (/home/rahul/catkin_ws/devel/.private/eigen_catkin/include/eigen3/unsupported/Eigen/SparseExtra, /home/rahul/catkin_ws/devel/include/eigen3/unsupported/Eigen/SparseExtra)
Linked: (/home/rahul/catkin_ws/devel/.private/eigen_catkin/include/eigen3/unsupported/Eigen/src/NumericalDiff/NumericalDiff.h, /home/rahul/catkin_ws/devel/include/eigen3/unsupported/Eigen/src/NumericalDiff/NumericalDiff.h)
Linked: (/home/rahul/catkin_ws/devel/.private/eigen_catkin/include/eigen3/unsupported/Eigen/src/Skyline/SkylineUtil.h, /home/rahul/catkin_ws/devel/include/eigen3/unsupported/Eigen/src/Skyline/SkylineUtil.h)
Linked: (/home/rahul/catkin_ws/devel/.private/eigen_catkin/include/eigen3/unsupported/Eigen/src/Skyline/SkylineInplaceLU.h, /home/rahul/catkin_ws/devel/include/eigen3/unsupported/Eigen/src/Skyline/SkylineInplaceLU.h)
Linked: (/home/rahul/catkin_ws/devel/.private/eigen_catkin/include/eigen3/unsupported/Eigen/src/Skyline/SkylineStorage.h, /home/rahul/catkin_ws/devel/include/eigen3/unsupported/Eigen/src/Skyline/SkylineStorage.h)
Linked: (/home/rahul/catkin_ws/devel/.private/eigen_catkin/include/eigen3/unsupported/Eigen/src/Skyline/SkylineProduct.h, /home/rahul/catkin_ws/devel/include/eigen3/unsupported/Eigen/src/Skyline/SkylineProduct.h)
Linked: (/home/rahul/catkin_ws/devel/.private/eigen_catkin/include/eigen3/unsupported/Eigen/src/Skyline/SkylineMatrix.h, /home/rahul/catkin_ws/devel/include/eigen3/unsupported/Eigen/src/Skyline/SkylineMatrix.h)
Linked: (/home/rahul/catkin_ws/devel/.private/eigen_catkin/include/eigen3/unsupported/Eigen/src/Skyline/SkylineMatrixBase.h, /home/rahul/catkin_ws/devel/include/eigen3/unsupported/Eigen/src/Skyline/SkylineMatrixBase.h)
Linked: (/home/rahul/catkin_ws/devel/.private/eigen_catkin/include/eigen3/unsupported/Eigen/src/Eigenvalues/ArpackSelfAdjointEigenSolver.h, /home/rahul/catkin_ws/devel/include/eigen3/unsupported/Eigen/src/Eigenvalues/ArpackSelfAdjointEigenSolver.h)
Linked: (/home/rahul/catkin_ws/devel/.private/eigen_catkin/include/eigen3/unsupported/Eigen/src/SpecialFunctions/SpecialFunctionsHalf.h, /home/rahul/catkin_ws/devel/include/eigen3/unsupported/Eigen/src/SpecialFunctions/SpecialFunctionsHalf.h)
Linked: (/home/rahul/catkin_ws/devel/.private/eigen_catkin/include/eigen3/unsupported/Eigen/src/SpecialFunctions/SpecialFunctionsFunctors.h, /home/rahul/catkin_ws/devel/include/eigen3/unsupported/Eigen/src/SpecialFunctions/SpecialFunctionsFunctors.h)
Linked: (/home/rahul/catkin_ws/devel/.private/eigen_catkin/include/eigen3/unsupported/Eigen/src/SpecialFunctions/SpecialFunctionsArrayAPI.h, /home/rahul/catkin_ws/devel/include/eigen3/unsupported/Eigen/src/SpecialFunctions/SpecialFunctionsArrayAPI.h)
Linked: (/home/rahul/catkin_ws/devel/.private/eigen_catkin/include/eigen3/unsupported/Eigen/src/SpecialFunctions/SpecialFunctionsImpl.h, /home/rahul/catkin_ws/devel/include/eigen3/unsupported/Eigen/src/SpecialFunctions/SpecialFunctionsImpl.h)
Linked: (/home/rahul/catkin_ws/devel/.private/eigen_catkin/include/eigen3/unsupported/Eigen/src/SpecialFunctions/SpecialFunctionsPacketMath.h, /home/rahul/catkin_ws/devel/include/eigen3/unsupported/Eigen/src/SpecialFunctions/SpecialFunctionsPacketMath.h)
Linked: (/home/rahul/catkin_ws/devel/.private/eigen_catkin/include/eigen3/unsupported/Eigen/src/SpecialFunctions/arch/CUDA/CudaSpecialFunctions.h, /home/rahul/catkin_ws/devel/include/eigen3/unsupported/Eigen/src/SpecialFunctions/arch/CUDA/CudaSpecialFunctions.h)
Linked: (/home/rahul/catkin_ws/devel/.private/eigen_catkin/include/eigen3/unsupported/Eigen/src/BVH/KdBVH.h, /home/rahul/catkin_ws/devel/include/eigen3/unsupported/Eigen/src/BVH/KdBVH.h)
Linked: (/home/rahul/catkin_ws/devel/.private/eigen_catkin/include/eigen3/unsupported/Eigen/src/BVH/BVAlgorithms.h, /home/rahul/catkin_ws/devel/include/eigen3/unsupported/Eigen/src/BVH/BVAlgorithms.h)
Linked: (/home/rahul/catkin_ws/devel/.private/eigen_catkin/include/eigen3/unsupported/Eigen/src/Polynomials/PolynomialUtils.h, /home/rahul/catkin_ws/devel/include/eigen3/unsupported/Eigen/src/Polynomials/PolynomialUtils.h)
Linked: (/home/rahul/catkin_ws/devel/.private/eigen_catkin/include/eigen3/unsupported/Eigen/src/Polynomials/PolynomialSolver.h, /home/rahul/catkin_ws/devel/include/eigen3/unsupported/Eigen/src/Polynomials/PolynomialSolver.h)
Linked: (/home/rahul/catkin_ws/devel/.private/eigen_catkin/include/eigen3/unsupported/Eigen/src/Polynomials/Companion.h, /home/rahul/catkin_ws/devel/include/eigen3/unsupported/Eigen/src/Polynomials/Companion.h)
Linked: (/home/rahul/catkin_ws/devel/.private/eigen_catkin/include/eigen3/unsupported/Eigen/src/NonLinearOptimization/r1updt.h, /home/rahul/catkin_ws/devel/include/eigen3/unsupported/Eigen/src/NonLinearOptimization/r1updt.h)
Linked: (/home/rahul/catkin_ws/devel/.private/eigen_catkin/include/eigen3/unsupported/Eigen/src/NonLinearOptimization/dogleg.h, /home/rahul/catkin_ws/devel/include/eigen3/unsupported/Eigen/src/NonLinearOptimization/dogleg.h)
Linked: (/home/rahul/catkin_ws/devel/.private/eigen_catkin/include/eigen3/unsupported/Eigen/src/NonLinearOptimization/lmpar.h, /home/rahul/catkin_ws/devel/include/eigen3/unsupported/Eigen/src/NonLinearOptimization/lmpar.h)
Linked: (/home/rahul/catkin_ws/devel/.private/eigen_catkin/include/eigen3/unsupported/Eigen/src/NonLinearOptimization/covar.h, /home/rahul/catkin_ws/devel/include/eigen3/unsupported/Eigen/src/NonLinearOptimization/covar.h)
Linked: (/home/rahul/catkin_ws/devel/.private/eigen_catkin/include/eigen3/unsupported/Eigen/src/NonLinearOptimization/LevenbergMarquardt.h, /home/rahul/catkin_ws/devel/include/eigen3/unsupported/Eigen/src/NonLinearOptimization/LevenbergMarquardt.h)
Linked: (/home/rahul/catkin_ws/devel/.private/eigen_catkin/include/eigen3/unsupported/Eigen/src/NonLinearOptimization/r1mpyq.h, /home/rahul/catkin_ws/devel/include/eigen3/unsupported/Eigen/src/NonLinearOptimization/r1mpyq.h)
Linked: (/home/rahul/catkin_ws/devel/.private/eigen_catkin/include/eigen3/unsupported/Eigen/src/NonLinearOptimization/rwupdt.h, /home/rahul/catkin_ws/devel/include/eigen3/unsupported/Eigen/src/NonLinearOptimization/rwupdt.h)
Linked: (/home/rahul/catkin_ws/devel/.private/eigen_catkin/include/eigen3/unsupported/Eigen/src/NonLinearOptimization/qrsolv.h, /home/rahul/catkin_ws/devel/include/eigen3/unsupported/Eigen/src/NonLinearOptimization/qrsolv.h)
Linked: (/home/rahul/catkin_ws/devel/.private/eigen_catkin/include/eigen3/unsupported/Eigen/src/NonLinearOptimization/chkder.h, /home/rahul/catkin_ws/devel/include/eigen3/unsupported/Eigen/src/NonLinearOptimization/chkder.h)
Linked: (/home/rahul/catkin_ws/devel/.private/eigen_catkin/include/eigen3/unsupported/Eigen/src/NonLinearOptimization/fdjac1.h, /home/rahul/catkin_ws/devel/include/eigen3/unsupported/Eigen/src/NonLinearOptimization/fdjac1.h)
Linked: (/home/rahul/catkin_ws/devel/.private/eigen_catkin/include/eigen3/unsupported/Eigen/src/NonLinearOptimization/HybridNonLinearSolver.h, /home/rahul/catkin_ws/devel/include/eigen3/unsupported/Eigen/src/NonLinearOptimization/HybridNonLinearSolver.h)
Linked: (/home/rahul/catkin_ws/devel/.private/eigen_catkin/include/eigen3/unsupported/Eigen/src/LevenbergMarquardt/LMpar.h, /home/rahul/catkin_ws/devel/include/eigen3/unsupported/Eigen/src/LevenbergMarquardt/LMpar.h)
Linked: (/home/rahul/catkin_ws/devel/.private/eigen_catkin/include/eigen3/unsupported/Eigen/src/LevenbergMarquardt/LevenbergMarquardt.h, /home/rahul/catkin_ws/devel/include/eigen3/unsupported/Eigen/src/LevenbergMarquardt/LevenbergMarquardt.h)
Linked: (/home/rahul/catkin_ws/devel/.private/eigen_catkin/include/eigen3/unsupported/Eigen/src/LevenbergMarquardt/LMcovar.h, /home/rahul/catkin_ws/devel/include/eigen3/unsupported/Eigen/src/LevenbergMarquardt/LMcovar.h)
Linked: (/home/rahul/catkin_ws/devel/.private/eigen_catkin/include/eigen3/unsupported/Eigen/src/LevenbergMarquardt/LMqrsolv.h, /home/rahul/catkin_ws/devel/include/eigen3/unsupported/Eigen/src/LevenbergMarquardt/LMqrsolv.h)
Linked: (/home/rahul/catkin_ws/devel/.private/eigen_catkin/include/eigen3/unsupported/Eigen/src/LevenbergMarquardt/LMonestep.h, /home/rahul/catkin_ws/devel/include/eigen3/unsupported/Eigen/src/LevenbergMarquardt/LMonestep.h)
Linked: (/home/rahul/catkin_ws/devel/.private/eigen_catkin/include/eigen3/unsupported/Eigen/src/AutoDiff/AutoDiffVector.h, /home/rahul/catkin_ws/devel/include/eigen3/unsupported/Eigen/src/AutoDiff/AutoDiffVector.h)
Linked: (/home/rahul/catkin_ws/devel/.private/eigen_catkin/include/eigen3/unsupported/Eigen/src/AutoDiff/AutoDiffScalar.h, /home/rahul/catkin_ws/devel/include/eigen3/unsupported/Eigen/src/AutoDiff/AutoDiffScalar.h)
Linked: (/home/rahul/catkin_ws/devel/.private/eigen_catkin/include/eigen3/unsupported/Eigen/src/AutoDiff/AutoDiffJacobian.h, /home/rahul/catkin_ws/devel/include/eigen3/unsupported/Eigen/src/AutoDiff/AutoDiffJacobian.h)
Linked: (/home/rahul/catkin_ws/devel/.private/eigen_catkin/include/eigen3/unsupported/Eigen/src/MoreVectorization/MathFunctions.h, /home/rahul/catkin_ws/devel/include/eigen3/unsupported/Eigen/src/MoreVectorization/MathFunctions.h)
Linked: (/home/rahul/catkin_ws/devel/.private/eigen_catkin/include/eigen3/unsupported/Eigen/src/MatrixFunctions/MatrixFunction.h, /home/rahul/catkin_ws/devel/include/eigen3/unsupported/Eigen/src/MatrixFunctions/MatrixFunction.h)
Linked: (/home/rahul/catkin_ws/devel/.private/eigen_catkin/include/eigen3/unsupported/Eigen/src/MatrixFunctions/MatrixPower.h, /home/rahul/catkin_ws/devel/include/eigen3/unsupported/Eigen/src/MatrixFunctions/MatrixPower.h)
Linked: (/home/rahul/catkin_ws/devel/.private/eigen_catkin/include/eigen3/unsupported/Eigen/src/MatrixFunctions/StemFunction.h, /home/rahul/catkin_ws/devel/include/eigen3/unsupported/Eigen/src/MatrixFunctions/StemFunction.h)
Linked: (/home/rahul/catkin_ws/devel/.private/eigen_catkin/include/eigen3/unsupported/Eigen/src/MatrixFunctions/MatrixLogarithm.h, /home/rahul/catkin_ws/devel/include/eigen3/unsupported/Eigen/src/MatrixFunctions/MatrixLogarithm.h)
Linked: (/home/rahul/catkin_ws/devel/.private/eigen_catkin/include/eigen3/unsupported/Eigen/src/MatrixFunctions/MatrixExponential.h, /home/rahul/catkin_ws/devel/include/eigen3/unsupported/Eigen/src/MatrixFunctions/MatrixExponential.h)
Linked: (/home/rahul/catkin_ws/devel/.private/eigen_catkin/include/eigen3/unsupported/Eigen/src/MatrixFunctions/MatrixSquareRoot.h, /home/rahul/catkin_ws/devel/include/eigen3/unsupported/Eigen/src/MatrixFunctions/MatrixSquareRoot.h)
Linked: (/home/rahul/catkin_ws/devel/.private/eigen_catkin/include/eigen3/unsupported/Eigen/src/Splines/Spline.h, /home/rahul/catkin_ws/devel/include/eigen3/unsupported/Eigen/src/Splines/Spline.h)
Linked: (/home/rahul/catkin_ws/devel/.private/eigen_catkin/include/eigen3/unsupported/Eigen/src/Splines/SplineFitting.h, /home/rahul/catkin_ws/devel/include/eigen3/unsupported/Eigen/src/Splines/SplineFitting.h)
Linked: (/home/rahul/catkin_ws/devel/.private/eigen_catkin/include/eigen3/unsupported/Eigen/src/Splines/SplineFwd.h, /home/rahul/catkin_ws/devel/include/eigen3/unsupported/Eigen/src/Splines/SplineFwd.h)
Linked: (/home/rahul/catkin_ws/devel/.private/eigen_catkin/include/eigen3/unsupported/Eigen/src/KroneckerProduct/KroneckerTensorProduct.h, /home/rahul/catkin_ws/devel/include/eigen3/unsupported/Eigen/src/KroneckerProduct/KroneckerTensorProduct.h)
Linked: (/home/rahul/catkin_ws/devel/.private/eigen_catkin/include/eigen3/unsupported/Eigen/src/IterativeSolvers/IncompleteLU.h, /home/rahul/catkin_ws/devel/include/eigen3/unsupported/Eigen/src/IterativeSolvers/IncompleteLU.h)
Linked: (/home/rahul/catkin_ws/devel/.private/eigen_catkin/include/eigen3/unsupported/Eigen/src/IterativeSolvers/DGMRES.h, /home/rahul/catkin_ws/devel/include/eigen3/unsupported/Eigen/src/IterativeSolvers/DGMRES.h)
Linked: (/home/rahul/catkin_ws/devel/.private/eigen_catkin/include/eigen3/unsupported/Eigen/src/IterativeSolvers/IterationController.h, /home/rahul/catkin_ws/devel/include/eigen3/unsupported/Eigen/src/IterativeSolvers/IterationController.h)
Linked: (/home/rahul/catkin_ws/devel/.private/eigen_catkin/include/eigen3/unsupported/Eigen/src/IterativeSolvers/GMRES.h, /home/rahul/catkin_ws/devel/include/eigen3/unsupported/Eigen/src/IterativeSolvers/GMRES.h)
Linked: (/home/rahul/catkin_ws/devel/.private/eigen_catkin/include/eigen3/unsupported/Eigen/src/IterativeSolvers/Scaling.h, /home/rahul/catkin_ws/devel/include/eigen3/unsupported/Eigen/src/IterativeSolvers/Scaling.h)
Linked: (/home/rahul/catkin_ws/devel/.private/eigen_catkin/include/eigen3/unsupported/Eigen/src/IterativeSolvers/MINRES.h, /home/rahul/catkin_ws/devel/include/eigen3/unsupported/Eigen/src/IterativeSolvers/MINRES.h)
Linked: (/home/rahul/catkin_ws/devel/.private/eigen_catkin/include/eigen3/unsupported/Eigen/src/IterativeSolvers/ConstrainedConjGrad.h, /home/rahul/catkin_ws/devel/include/eigen3/unsupported/Eigen/src/IterativeSolvers/ConstrainedConjGrad.h)
Linked: (/home/rahul/catkin_ws/devel/.private/eigen_catkin/include/eigen3/unsupported/Eigen/src/FFT/ei_fftw_impl.h, /home/rahul/catkin_ws/devel/include/eigen3/unsupported/Eigen/src/FFT/ei_fftw_impl.h)
Linked: (/home/rahul/catkin_ws/devel/.private/eigen_catkin/include/eigen3/unsupported/Eigen/src/FFT/ei_kissfft_impl.h, /home/rahul/catkin_ws/devel/include/eigen3/unsupported/Eigen/src/FFT/ei_kissfft_impl.h)
Linked: (/home/rahul/catkin_ws/devel/.private/eigen_catkin/include/eigen3/unsupported/Eigen/src/EulerAngles/EulerAngles.h, /home/rahul/catkin_ws/devel/include/eigen3/unsupported/Eigen/src/EulerAngles/EulerAngles.h)
Linked: (/home/rahul/catkin_ws/devel/.private/eigen_catkin/include/eigen3/unsupported/Eigen/src/EulerAngles/EulerSystem.h, /home/rahul/catkin_ws/devel/include/eigen3/unsupported/Eigen/src/EulerAngles/EulerSystem.h)
Linked: (/home/rahul/catkin_ws/devel/.private/eigen_catkin/include/eigen3/unsupported/Eigen/src/SparseExtra/MarketIO.h, /home/rahul/catkin_ws/devel/include/eigen3/unsupported/Eigen/src/SparseExtra/MarketIO.h)
Linked: (/home/rahul/catkin_ws/devel/.private/eigen_catkin/include/eigen3/unsupported/Eigen/src/SparseExtra/RandomSetter.h, /home/rahul/catkin_ws/devel/include/eigen3/unsupported/Eigen/src/SparseExtra/RandomSetter.h)
Linked: (/home/rahul/catkin_ws/devel/.private/eigen_catkin/include/eigen3/unsupported/Eigen/src/SparseExtra/DynamicSparseMatrix.h, /home/rahul/catkin_ws/devel/include/eigen3/unsupported/Eigen/src/SparseExtra/DynamicSparseMatrix.h)
Linked: (/home/rahul/catkin_ws/devel/.private/eigen_catkin/include/eigen3/unsupported/Eigen/src/SparseExtra/BlockOfDynamicSparseMatrix.h, /home/rahul/catkin_ws/devel/include/eigen3/unsupported/Eigen/src/SparseExtra/BlockOfDynamicSparseMatrix.h)
Linked: (/home/rahul/catkin_ws/devel/.private/eigen_catkin/include/eigen3/unsupported/Eigen/src/SparseExtra/BlockSparseMatrix.h, /home/rahul/catkin_ws/devel/include/eigen3/unsupported/Eigen/src/SparseExtra/BlockSparseMatrix.h)
Linked: (/home/rahul/catkin_ws/devel/.private/eigen_catkin/include/eigen3/unsupported/Eigen/src/SparseExtra/MatrixMarketIterator.h, /home/rahul/catkin_ws/devel/include/eigen3/unsupported/Eigen/src/SparseExtra/MatrixMarketIterator.h)
Linked: (/home/rahul/catkin_ws/devel/.private/eigen_catkin/include/eigen3/unsupported/Eigen/CXX11/ThreadPool, /home/rahul/catkin_ws/devel/include/eigen3/unsupported/Eigen/CXX11/ThreadPool)
Linked: (/home/rahul/catkin_ws/devel/.private/eigen_catkin/include/eigen3/unsupported/Eigen/CXX11/Tensor, /home/rahul/catkin_ws/devel/include/eigen3/unsupported/Eigen/CXX11/Tensor)
Linked: (/home/rahul/catkin_ws/devel/.private/eigen_catkin/include/eigen3/unsupported/Eigen/CXX11/TensorSymmetry, /home/rahul/catkin_ws/devel/include/eigen3/unsupported/Eigen/CXX11/TensorSymmetry)
Linked: (/home/rahul/catkin_ws/devel/.private/eigen_catkin/include/eigen3/unsupported/Eigen/CXX11/src/ThreadPool/RunQueue.h, /home/rahul/catkin_ws/devel/include/eigen3/unsupported/Eigen/CXX11/src/ThreadPool/RunQueue.h)
Linked: (/home/rahul/catkin_ws/devel/.private/eigen_catkin/include/eigen3/unsupported/Eigen/CXX11/src/ThreadPool/ThreadEnvironment.h, /home/rahul/catkin_ws/devel/include/eigen3/unsupported/Eigen/CXX11/src/ThreadPool/ThreadEnvironment.h)
Linked: (/home/rahul/catkin_ws/devel/.private/eigen_catkin/include/eigen3/unsupported/Eigen/CXX11/src/ThreadPool/ThreadLocal.h, /home/rahul/catkin_ws/devel/include/eigen3/unsupported/Eigen/CXX11/src/ThreadPool/ThreadLocal.h)
Linked: (/home/rahul/catkin_ws/devel/.private/eigen_catkin/include/eigen3/unsupported/Eigen/CXX11/src/ThreadPool/ThreadYield.h, /home/rahul/catkin_ws/devel/include/eigen3/unsupported/Eigen/CXX11/src/ThreadPool/ThreadYield.h)
Linked: (/home/rahul/catkin_ws/devel/.private/eigen_catkin/include/eigen3/unsupported/Eigen/CXX11/src/ThreadPool/NonBlockingThreadPool.h, /home/rahul/catkin_ws/devel/include/eigen3/unsupported/Eigen/CXX11/src/ThreadPool/NonBlockingThreadPool.h)
Linked: (/home/rahul/catkin_ws/devel/.private/eigen_catkin/include/eigen3/unsupported/Eigen/CXX11/src/ThreadPool/EventCount.h, /home/rahul/catkin_ws/devel/include/eigen3/unsupported/Eigen/CXX11/src/ThreadPool/EventCount.h)
Linked: (/home/rahul/catkin_ws/devel/.private/eigen_catkin/include/eigen3/unsupported/Eigen/CXX11/src/ThreadPool/SimpleThreadPool.h, /home/rahul/catkin_ws/devel/include/eigen3/unsupported/Eigen/CXX11/src/ThreadPool/SimpleThreadPool.h)
Linked: (/home/rahul/catkin_ws/devel/.private/eigen_catkin/include/eigen3/unsupported/Eigen/CXX11/src/ThreadPool/ThreadPoolInterface.h, /home/rahul/catkin_ws/devel/include/eigen3/unsupported/Eigen/CXX11/src/ThreadPool/ThreadPoolInterface.h)
Linked: (/home/rahul/catkin_ws/devel/.private/eigen_catkin/include/eigen3/unsupported/Eigen/CXX11/src/util/MaxSizeVector.h, /home/rahul/catkin_ws/devel/include/eigen3/unsupported/Eigen/CXX11/src/util/MaxSizeVector.h)
Linked: (/home/rahul/catkin_ws/devel/.private/eigen_catkin/include/eigen3/unsupported/Eigen/CXX11/src/util/EmulateCXX11Meta.h, /home/rahul/catkin_ws/devel/include/eigen3/unsupported/Eigen/CXX11/src/util/EmulateCXX11Meta.h)
Linked: (/home/rahul/catkin_ws/devel/.private/eigen_catkin/include/eigen3/unsupported/Eigen/CXX11/src/util/CXX11Meta.h, /home/rahul/catkin_ws/devel/include/eigen3/unsupported/Eigen/CXX11/src/util/CXX11Meta.h)
Linked: (/home/rahul/catkin_ws/devel/.private/eigen_catkin/include/eigen3/unsupported/Eigen/CXX11/src/util/EmulateArray.h, /home/rahul/catkin_ws/devel/include/eigen3/unsupported/Eigen/CXX11/src/util/EmulateArray.h)
Linked: (/home/rahul/catkin_ws/devel/.private/eigen_catkin/include/eigen3/unsupported/Eigen/CXX11/src/util/CXX11Workarounds.h, /home/rahul/catkin_ws/devel/include/eigen3/unsupported/Eigen/CXX11/src/util/CXX11Workarounds.h)
Linked: (/home/rahul/catkin_ws/devel/.private/eigen_catkin/include/eigen3/unsupported/Eigen/CXX11/src/Tensor/TensorForcedEval.h, /home/rahul/catkin_ws/devel/include/eigen3/unsupported/Eigen/CXX11/src/Tensor/TensorForcedEval.h)
Linked: (/home/rahul/catkin_ws/devel/.private/eigen_catkin/include/eigen3/unsupported/Eigen/CXX11/src/Tensor/TensorDeviceDefault.h, /home/rahul/catkin_ws/devel/include/eigen3/unsupported/Eigen/CXX11/src/Tensor/TensorDeviceDefault.h)
Linked: (/home/rahul/catkin_ws/devel/.private/eigen_catkin/include/eigen3/unsupported/Eigen/CXX11/src/Tensor/TensorSyclConvertToDeviceExpression.h, /home/rahul/catkin_ws/devel/include/eigen3/unsupported/Eigen/CXX11/src/Tensor/TensorSyclConvertToDeviceExpression.h)
Linked: (/home/rahul/catkin_ws/devel/.private/eigen_catkin/include/eigen3/unsupported/Eigen/CXX11/src/Tensor/TensorIndexList.h, /home/rahul/catkin_ws/devel/include/eigen3/unsupported/Eigen/CXX11/src/Tensor/TensorIndexList.h)
Linked: (/home/rahul/catkin_ws/devel/.private/eigen_catkin/include/eigen3/unsupported/Eigen/CXX11/src/Tensor/TensorDimensions.h, /home/rahul/catkin_ws/devel/include/eigen3/unsupported/Eigen/CXX11/src/Tensor/TensorDimensions.h)
Linked: (/home/rahul/catkin_ws/devel/.private/eigen_catkin/include/eigen3/unsupported/Eigen/CXX11/src/Tensor/TensorReductionCuda.h, /home/rahul/catkin_ws/devel/include/eigen3/unsupported/Eigen/CXX11/src/Tensor/TensorReductionCuda.h)
Linked: (/home/rahul/catkin_ws/devel/.private/eigen_catkin/include/eigen3/unsupported/Eigen/CXX11/src/Tensor/TensorInflation.h, /home/rahul/catkin_ws/devel/include/eigen3/unsupported/Eigen/CXX11/src/Tensor/TensorInflation.h)
Linked: (/home/rahul/catkin_ws/devel/.private/eigen_catkin/include/eigen3/unsupported/Eigen/CXX11/src/Tensor/TensorDeviceCuda.h, /home/rahul/catkin_ws/devel/include/eigen3/unsupported/Eigen/CXX11/src/Tensor/TensorDeviceCuda.h)
Linked: (/home/rahul/catkin_ws/devel/.private/eigen_catkin/include/eigen3/unsupported/Eigen/CXX11/src/Tensor/TensorMeta.h, /home/rahul/catkin_ws/devel/include/eigen3/unsupported/Eigen/CXX11/src/Tensor/TensorMeta.h)
Linked: (/home/rahul/catkin_ws/devel/.private/eigen_catkin/include/eigen3/unsupported/Eigen/CXX11/src/Tensor/TensorTraits.h, /home/rahul/catkin_ws/devel/include/eigen3/unsupported/Eigen/CXX11/src/Tensor/TensorTraits.h)
Linked: (/home/rahul/catkin_ws/devel/.private/eigen_catkin/include/eigen3/unsupported/Eigen/CXX11/src/Tensor/TensorConvolution.h, /home/rahul/catkin_ws/devel/include/eigen3/unsupported/Eigen/CXX11/src/Tensor/TensorConvolution.h)
Linked: (/home/rahul/catkin_ws/devel/.private/eigen_catkin/include/eigen3/unsupported/Eigen/CXX11/src/Tensor/TensorSyclExtractAccessor.h, /home/rahul/catkin_ws/devel/include/eigen3/unsupported/Eigen/CXX11/src/Tensor/TensorSyclExtractAccessor.h)
Linked: (/home/rahul/catkin_ws/devel/.private/eigen_catkin/include/eigen3/unsupported/Eigen/CXX11/src/Tensor/TensorSyclLeafCount.h, /home/rahul/catkin_ws/devel/include/eigen3/unsupported/Eigen/CXX11/src/Tensor/TensorSyclLeafCount.h)
Linked: (/home/rahul/catkin_ws/devel/.private/eigen_catkin/include/eigen3/unsupported/Eigen/CXX11/src/Tensor/TensorSyclExprConstructor.h, /home/rahul/catkin_ws/devel/include/eigen3/unsupported/Eigen/CXX11/src/Tensor/TensorSyclExprConstructor.h)
Linked: (/home/rahul/catkin_ws/devel/.private/eigen_catkin/include/eigen3/unsupported/Eigen/CXX11/src/Tensor/TensorPadding.h, /home/rahul/catkin_ws/devel/include/eigen3/unsupported/Eigen/CXX11/src/Tensor/TensorPadding.h)
Linked: (/home/rahul/catkin_ws/devel/.private/eigen_catkin/include/eigen3/unsupported/Eigen/CXX11/src/Tensor/TensorImagePatch.h, /home/rahul/catkin_ws/devel/include/eigen3/unsupported/Eigen/CXX11/src/Tensor/TensorImagePatch.h)
Linked: (/home/rahul/catkin_ws/devel/.private/eigen_catkin/include/eigen3/unsupported/Eigen/CXX11/src/Tensor/TensorReductionSycl.h, /home/rahul/catkin_ws/devel/include/eigen3/unsupported/Eigen/CXX11/src/Tensor/TensorReductionSycl.h)
Linked: (/home/rahul/catkin_ws/devel/.private/eigen_catkin/include/eigen3/unsupported/Eigen/CXX11/src/Tensor/TensorMacros.h, /home/rahul/catkin_ws/devel/include/eigen3/unsupported/Eigen/CXX11/src/Tensor/TensorMacros.h)
Linked: (/home/rahul/catkin_ws/devel/.private/eigen_catkin/include/eigen3/unsupported/Eigen/CXX11/src/Tensor/TensorCostModel.h, /home/rahul/catkin_ws/devel/include/eigen3/unsupported/Eigen/CXX11/src/Tensor/TensorCostModel.h)
Linked: (/home/rahul/catkin_ws/devel/.private/eigen_catkin/include/eigen3/unsupported/Eigen/CXX11/src/Tensor/TensorSyclExtractFunctors.h, /home/rahul/catkin_ws/devel/include/eigen3/unsupported/Eigen/CXX11/src/Tensor/TensorSyclExtractFunctors.h)
Linked: (/home/rahul/catkin_ws/devel/.private/eigen_catkin/include/eigen3/unsupported/Eigen/CXX11/src/Tensor/TensorFFT.h, /home/rahul/catkin_ws/devel/include/eigen3/unsupported/Eigen/CXX11/src/Tensor/TensorFFT.h)
Linked: (/home/rahul/catkin_ws/devel/.private/eigen_catkin/include/eigen3/unsupported/Eigen/CXX11/src/Tensor/TensorSyclTuple.h, /home/rahul/catkin_ws/devel/include/eigen3/unsupported/Eigen/CXX11/src/Tensor/TensorSyclTuple.h)
Linked: (/home/rahul/catkin_ws/devel/.private/eigen_catkin/include/eigen3/unsupported/Eigen/CXX11/src/Tensor/TensorPatch.h, /home/rahul/catkin_ws/devel/include/eigen3/unsupported/Eigen/CXX11/src/Tensor/TensorPatch.h)
Linked: (/home/rahul/catkin_ws/devel/.private/eigen_catkin/include/eigen3/unsupported/Eigen/CXX11/src/Tensor/TensorContractionBlocking.h, /home/rahul/catkin_ws/devel/include/eigen3/unsupported/Eigen/CXX11/src/Tensor/TensorContractionBlocking.h)
Linked: (/home/rahul/catkin_ws/devel/.private/eigen_catkin/include/eigen3/unsupported/Eigen/CXX11/src/Tensor/TensorForwardDeclarations.h, /home/rahul/catkin_ws/devel/include/eigen3/unsupported/Eigen/CXX11/src/Tensor/TensorForwardDeclarations.h)
Linked: (/home/rahul/catkin_ws/devel/.private/eigen_catkin/include/eigen3/unsupported/Eigen/CXX11/src/Tensor/TensorStorage.h, /home/rahul/catkin_ws/devel/include/eigen3/unsupported/Eigen/CXX11/src/Tensor/TensorStorage.h)
Linked: (/home/rahul/catkin_ws/devel/.private/eigen_catkin/include/eigen3/unsupported/Eigen/CXX11/src/Tensor/TensorDeviceSycl.h, /home/rahul/catkin_ws/devel/include/eigen3/unsupported/Eigen/CXX11/src/Tensor/TensorDeviceSycl.h)
Linked: (/home/rahul/catkin_ws/devel/.private/eigen_catkin/include/eigen3/unsupported/Eigen/CXX11/src/Tensor/TensorStriding.h, /home/rahul/catkin_ws/devel/include/eigen3/unsupported/Eigen/CXX11/src/Tensor/TensorStriding.h)
Linked: (/home/rahul/catkin_ws/devel/.private/eigen_catkin/include/eigen3/unsupported/Eigen/CXX11/src/Tensor/TensorDevice.h, /home/rahul/catkin_ws/devel/include/eigen3/unsupported/Eigen/CXX11/src/Tensor/TensorDevice.h)
Linked: (/home/rahul/catkin_ws/devel/.private/eigen_catkin/include/eigen3/unsupported/Eigen/CXX11/src/Tensor/TensorInitializer.h, /home/rahul/catkin_ws/devel/include/eigen3/unsupported/Eigen/CXX11/src/Tensor/TensorInitializer.h)
Linked: (/home/rahul/catkin_ws/devel/.private/eigen_catkin/include/eigen3/unsupported/Eigen/CXX11/src/Tensor/TensorShuffling.h, /home/rahul/catkin_ws/devel/include/eigen3/unsupported/Eigen/CXX11/src/Tensor/TensorShuffling.h)
Linked: (/home/rahul/catkin_ws/devel/.private/eigen_catkin/include/eigen3/unsupported/Eigen/CXX11/src/Tensor/TensorExecutor.h, /home/rahul/catkin_ws/devel/include/eigen3/unsupported/Eigen/CXX11/src/Tensor/TensorExecutor.h)
Linked: (/home/rahul/catkin_ws/devel/.private/eigen_catkin/include/eigen3/unsupported/Eigen/CXX11/src/Tensor/TensorBase.h, /home/rahul/catkin_ws/devel/include/eigen3/unsupported/Eigen/CXX11/src/Tensor/TensorBase.h)
Linked: (/home/rahul/catkin_ws/devel/.private/eigen_catkin/include/eigen3/unsupported/Eigen/CXX11/src/Tensor/TensorUInt128.h, /home/rahul/catkin_ws/devel/include/eigen3/unsupported/Eigen/CXX11/src/Tensor/TensorUInt128.h)
Linked: (/home/rahul/catkin_ws/devel/.private/eigen_catkin/include/eigen3/unsupported/Eigen/CXX11/src/Tensor/TensorScan.h, /home/rahul/catkin_ws/devel/include/eigen3/unsupported/Eigen/CXX11/src/Tensor/TensorScan.h)
Linked: (/home/rahul/catkin_ws/devel/.private/eigen_catkin/include/eigen3/unsupported/Eigen/CXX11/src/Tensor/TensorDeviceThreadPool.h, /home/rahul/catkin_ws/devel/include/eigen3/unsupported/Eigen/CXX11/src/Tensor/TensorDeviceThreadPool.h)
Linked: (/home/rahul/catkin_ws/devel/.private/eigen_catkin/include/eigen3/unsupported/Eigen/CXX11/src/Tensor/TensorSyclRun.h, /home/rahul/catkin_ws/devel/include/eigen3/unsupported/Eigen/CXX11/src/Tensor/TensorSyclRun.h)
Linked: (/home/rahul/catkin_ws/devel/.private/eigen_catkin/include/eigen3/unsupported/Eigen/CXX11/src/Tensor/TensorVolumePatch.h, /home/rahul/catkin_ws/devel/include/eigen3/unsupported/Eigen/CXX11/src/Tensor/TensorVolumePatch.h)
Linked: (/home/rahul/catkin_ws/devel/.private/eigen_catkin/include/eigen3/unsupported/Eigen/CXX11/src/Tensor/TensorExpr.h, /home/rahul/catkin_ws/devel/include/eigen3/unsupported/Eigen/CXX11/src/Tensor/TensorExpr.h)
Linked: (/home/rahul/catkin_ws/devel/.private/eigen_catkin/include/eigen3/unsupported/Eigen/CXX11/src/Tensor/TensorContractionCuda.h, /home/rahul/catkin_ws/devel/include/eigen3/unsupported/Eigen/CXX11/src/Tensor/TensorContractionCuda.h)
Linked: (/home/rahul/catkin_ws/devel/.private/eigen_catkin/include/eigen3/unsupported/Eigen/CXX11/src/Tensor/TensorChipping.h, /home/rahul/catkin_ws/devel/include/eigen3/unsupported/Eigen/CXX11/src/Tensor/TensorChipping.h)
Linked: (/home/rahul/catkin_ws/devel/.private/eigen_catkin/include/eigen3/unsupported/Eigen/CXX11/src/Tensor/TensorContractionMapper.h, /home/rahul/catkin_ws/devel/include/eigen3/unsupported/Eigen/CXX11/src/Tensor/TensorContractionMapper.h)
Linked: (/home/rahul/catkin_ws/devel/.private/eigen_catkin/include/eigen3/unsupported/Eigen/CXX11/src/Tensor/TensorRef.h, /home/rahul/catkin_ws/devel/include/eigen3/unsupported/Eigen/CXX11/src/Tensor/TensorRef.h)
Linked: (/home/rahul/catkin_ws/devel/.private/eigen_catkin/include/eigen3/unsupported/Eigen/CXX11/src/Tensor/Tensor.h, /home/rahul/catkin_ws/devel/include/eigen3/unsupported/Eigen/CXX11/src/Tensor/Tensor.h)
Linked: (/home/rahul/catkin_ws/devel/.private/eigen_catkin/include/eigen3/unsupported/Eigen/CXX11/src/Tensor/TensorLayoutSwap.h, /home/rahul/catkin_ws/devel/include/eigen3/unsupported/Eigen/CXX11/src/Tensor/TensorLayoutSwap.h)
Linked: (/home/rahul/catkin_ws/devel/.private/eigen_catkin/include/eigen3/unsupported/Eigen/CXX11/src/Tensor/TensorGenerator.h, /home/rahul/catkin_ws/devel/include/eigen3/unsupported/Eigen/CXX11/src/Tensor/TensorGenerator.h)
Linked: (/home/rahul/catkin_ws/devel/.private/eigen_catkin/include/eigen3/unsupported/Eigen/CXX11/src/Tensor/TensorMap.h, /home/rahul/catkin_ws/devel/include/eigen3/unsupported/Eigen/CXX11/src/Tensor/TensorMap.h)
Linked: (/home/rahul/catkin_ws/devel/.private/eigen_catkin/include/eigen3/unsupported/Eigen/CXX11/src/Tensor/TensorBroadcasting.h, /home/rahul/catkin_ws/devel/include/eigen3/unsupported/Eigen/CXX11/src/Tensor/TensorBroadcasting.h)
Linked: (/home/rahul/catkin_ws/devel/.private/eigen_catkin/include/eigen3/unsupported/Eigen/CXX11/src/Tensor/TensorDimensionList.h, /home/rahul/catkin_ws/devel/include/eigen3/unsupported/Eigen/CXX11/src/Tensor/TensorDimensionList.h)
Linked: (/home/rahul/catkin_ws/devel/.private/eigen_catkin/include/eigen3/unsupported/Eigen/CXX11/src/Tensor/TensorGlobalFunctions.h, /home/rahul/catkin_ws/devel/include/eigen3/unsupported/Eigen/CXX11/src/Tensor/TensorGlobalFunctions.h)
Linked: (/home/rahul/catkin_ws/devel/.private/eigen_catkin/include/eigen3/unsupported/Eigen/CXX11/src/Tensor/TensorArgMax.h, /home/rahul/catkin_ws/devel/include/eigen3/unsupported/Eigen/CXX11/src/Tensor/TensorArgMax.h)
Linked: (/home/rahul/catkin_ws/devel/.private/eigen_catkin/include/eigen3/unsupported/Eigen/CXX11/src/Tensor/TensorIO.h, /home/rahul/catkin_ws/devel/include/eigen3/unsupported/Eigen/CXX11/src/Tensor/TensorIO.h)
Linked: (/home/rahul/catkin_ws/devel/.private/eigen_catkin/include/eigen3/unsupported/Eigen/CXX11/src/Tensor/TensorContractionThreadPool.h, /home/rahul/catkin_ws/devel/include/eigen3/unsupported/Eigen/CXX11/src/Tensor/TensorContractionThreadPool.h)
Linked: (/home/rahul/catkin_ws/devel/.private/eigen_catkin/include/eigen3/unsupported/Eigen/CXX11/src/Tensor/TensorSycl.h, /home/rahul/catkin_ws/devel/include/eigen3/unsupported/Eigen/CXX11/src/Tensor/TensorSycl.h)
Linked: (/home/rahul/catkin_ws/devel/.private/eigen_catkin/include/eigen3/unsupported/Eigen/CXX11/src/Tensor/TensorAssign.h, /home/rahul/catkin_ws/devel/include/eigen3/unsupported/Eigen/CXX11/src/Tensor/TensorAssign.h)
Linked: (/home/rahul/catkin_ws/devel/.private/eigen_catkin/include/eigen3/unsupported/Eigen/CXX11/src/Tensor/TensorEvalTo.h, /home/rahul/catkin_ws/devel/include/eigen3/unsupported/Eigen/CXX11/src/Tensor/TensorEvalTo.h)
Linked: (/home/rahul/catkin_ws/devel/.private/eigen_catkin/include/eigen3/unsupported/Eigen/CXX11/src/Tensor/TensorConversion.h, /home/rahul/catkin_ws/devel/include/eigen3/unsupported/Eigen/CXX11/src/Tensor/TensorConversion.h)
Linked: (/home/rahul/catkin_ws/devel/.private/eigen_catkin/include/eigen3/unsupported/Eigen/CXX11/src/Tensor/TensorCustomOp.h, /home/rahul/catkin_ws/devel/include/eigen3/unsupported/Eigen/CXX11/src/Tensor/TensorCustomOp.h)
Linked: (/home/rahul/catkin_ws/devel/.private/eigen_catkin/include/eigen3/unsupported/Eigen/CXX11/src/Tensor/TensorIntDiv.h, /home/rahul/catkin_ws/devel/include/eigen3/unsupported/Eigen/CXX11/src/Tensor/TensorIntDiv.h)
Linked: (/home/rahul/catkin_ws/devel/.private/eigen_catkin/include/eigen3/unsupported/Eigen/CXX11/src/Tensor/TensorConcatenation.h, /home/rahul/catkin_ws/devel/include/eigen3/unsupported/Eigen/CXX11/src/Tensor/TensorConcatenation.h)
Linked: (/home/rahul/catkin_ws/devel/.private/eigen_catkin/include/eigen3/unsupported/Eigen/CXX11/src/Tensor/TensorMorphing.h, /home/rahul/catkin_ws/devel/include/eigen3/unsupported/Eigen/CXX11/src/Tensor/TensorMorphing.h)
Linked: (/home/rahul/catkin_ws/devel/.private/eigen_catkin/include/eigen3/unsupported/Eigen/CXX11/src/Tensor/TensorRandom.h, /home/rahul/catkin_ws/devel/include/eigen3/unsupported/Eigen/CXX11/src/Tensor/TensorRandom.h)
Linked: (/home/rahul/catkin_ws/devel/.private/eigen_catkin/include/eigen3/unsupported/Eigen/CXX11/src/Tensor/TensorSyclPlaceHolderExpr.h, /home/rahul/catkin_ws/devel/include/eigen3/unsupported/Eigen/CXX11/src/Tensor/TensorSyclPlaceHolderExpr.h)
Linked: (/home/rahul/catkin_ws/devel/.private/eigen_catkin/include/eigen3/unsupported/Eigen/CXX11/src/Tensor/TensorFunctors.h, /home/rahul/catkin_ws/devel/include/eigen3/unsupported/Eigen/CXX11/src/Tensor/TensorFunctors.h)
Linked: (/home/rahul/catkin_ws/devel/.private/eigen_catkin/include/eigen3/unsupported/Eigen/CXX11/src/Tensor/TensorEvaluator.h, /home/rahul/catkin_ws/devel/include/eigen3/unsupported/Eigen/CXX11/src/Tensor/TensorEvaluator.h)
Linked: (/home/rahul/catkin_ws/devel/.private/eigen_catkin/include/eigen3/unsupported/Eigen/CXX11/src/Tensor/TensorReverse.h, /home/rahul/catkin_ws/devel/include/eigen3/unsupported/Eigen/CXX11/src/Tensor/TensorReverse.h)
Linked: (/home/rahul/catkin_ws/devel/.private/eigen_catkin/include/eigen3/unsupported/Eigen/CXX11/src/Tensor/TensorFixedSize.h, /home/rahul/catkin_ws/devel/include/eigen3/unsupported/Eigen/CXX11/src/Tensor/TensorFixedSize.h)
Linked: (/home/rahul/catkin_ws/devel/.private/eigen_catkin/include/eigen3/unsupported/Eigen/CXX11/src/Tensor/TensorReduction.h, /home/rahul/catkin_ws/devel/include/eigen3/unsupported/Eigen/CXX11/src/Tensor/TensorReduction.h)
Linked: (/home/rahul/catkin_ws/devel/.private/eigen_catkin/include/eigen3/unsupported/Eigen/CXX11/src/Tensor/TensorContraction.h, /home/rahul/catkin_ws/devel/include/eigen3/unsupported/Eigen/CXX11/src/Tensor/TensorContraction.h)
Linked: (/home/rahul/catkin_ws/devel/.private/eigen_catkin/include/eigen3/unsupported/Eigen/CXX11/src/TensorSymmetry/Symmetry.h, /home/rahul/catkin_ws/devel/include/eigen3/unsupported/Eigen/CXX11/src/TensorSymmetry/Symmetry.h)
Linked: (/home/rahul/catkin_ws/devel/.private/eigen_catkin/include/eigen3/unsupported/Eigen/CXX11/src/TensorSymmetry/StaticSymmetry.h, /home/rahul/catkin_ws/devel/include/eigen3/unsupported/Eigen/CXX11/src/TensorSymmetry/StaticSymmetry.h)
Linked: (/home/rahul/catkin_ws/devel/.private/eigen_catkin/include/eigen3/unsupported/Eigen/CXX11/src/TensorSymmetry/DynamicSymmetry.h, /home/rahul/catkin_ws/devel/include/eigen3/unsupported/Eigen/CXX11/src/TensorSymmetry/DynamicSymmetry.h)
Linked: (/home/rahul/catkin_ws/devel/.private/eigen_catkin/include/eigen3/unsupported/Eigen/CXX11/src/TensorSymmetry/util/TemplateGroupTheory.h, /home/rahul/catkin_ws/devel/include/eigen3/unsupported/Eigen/CXX11/src/TensorSymmetry/util/TemplateGroupTheory.h)
Linked: (/home/rahul/catkin_ws/devel/.private/eigen_catkin/include/eigen3/Eigen/StdDeque, /home/rahul/catkin_ws/devel/include/eigen3/Eigen/StdDeque)
Linked: (/home/rahul/catkin_ws/devel/.private/eigen_catkin/include/eigen3/Eigen/Eigenvalues, /home/rahul/catkin_ws/devel/include/eigen3/Eigen/Eigenvalues)
Linked: (/home/rahul/catkin_ws/devel/.private/eigen_catkin/include/eigen3/Eigen/Householder, /home/rahul/catkin_ws/devel/include/eigen3/Eigen/Householder)
Linked: (/home/rahul/catkin_ws/devel/.private/eigen_catkin/include/eigen3/Eigen/Dense, /home/rahul/catkin_ws/devel/include/eigen3/Eigen/Dense)
Linked: (/home/rahul/catkin_ws/devel/.private/eigen_catkin/include/eigen3/Eigen/SPQRSupport, /home/rahul/catkin_ws/devel/include/eigen3/Eigen/SPQRSupport)
Linked: (/home/rahul/catkin_ws/devel/.private/eigen_catkin/include/eigen3/Eigen/UmfPackSupport, /home/rahul/catkin_ws/devel/include/eigen3/Eigen/UmfPackSupport)
Linked: (/home/rahul/catkin_ws/devel/.private/eigen_catkin/include/eigen3/Eigen/Core, /home/rahul/catkin_ws/devel/include/eigen3/Eigen/Core)
Linked: (/home/rahul/catkin_ws/devel/.private/eigen_catkin/include/eigen3/Eigen/Cholesky, /home/rahul/catkin_ws/devel/include/eigen3/Eigen/Cholesky)
Linked: (/home/rahul/catkin_ws/devel/.private/eigen_catkin/include/eigen3/Eigen/Eigen, /home/rahul/catkin_ws/devel/include/eigen3/Eigen/Eigen)
Linked: (/home/rahul/catkin_ws/devel/.private/eigen_catkin/include/eigen3/Eigen/Sparse, /home/rahul/catkin_ws/devel/include/eigen3/Eigen/Sparse)
Linked: (/home/rahul/catkin_ws/devel/.private/eigen_catkin/include/eigen3/Eigen/SVD, /home/rahul/catkin_ws/devel/include/eigen3/Eigen/SVD)
Linked: (/home/rahul/catkin_ws/devel/.private/eigen_catkin/include/eigen3/Eigen/CholmodSupport, /home/rahul/catkin_ws/devel/include/eigen3/Eigen/CholmodSupport)
Linked: (/home/rahul/catkin_ws/devel/.private/eigen_catkin/include/eigen3/Eigen/SparseCholesky, /home/rahul/catkin_ws/devel/include/eigen3/Eigen/SparseCholesky)
Linked: (/home/rahul/catkin_ws/devel/.private/eigen_catkin/include/eigen3/Eigen/SparseQR, /home/rahul/catkin_ws/devel/include/eigen3/Eigen/SparseQR)
Linked: (/home/rahul/catkin_ws/devel/.private/eigen_catkin/include/eigen3/Eigen/SuperLUSupport, /home/rahul/catkin_ws/devel/include/eigen3/Eigen/SuperLUSupport)
Linked: (/home/rahul/catkin_ws/devel/.private/eigen_catkin/include/eigen3/Eigen/Jacobi, /home/rahul/catkin_ws/devel/include/eigen3/Eigen/Jacobi)
Linked: (/home/rahul/catkin_ws/devel/.private/eigen_catkin/include/eigen3/Eigen/IterativeLinearSolvers, /home/rahul/catkin_ws/devel/include/eigen3/Eigen/IterativeLinearSolvers)
Linked: (/home/rahul/catkin_ws/devel/.private/eigen_catkin/include/eigen3/Eigen/LU, /home/rahul/catkin_ws/devel/include/eigen3/Eigen/LU)
Linked: (/home/rahul/catkin_ws/devel/.private/eigen_catkin/include/eigen3/Eigen/PaStiXSupport, /home/rahul/catkin_ws/devel/include/eigen3/Eigen/PaStiXSupport)
Linked: (/home/rahul/catkin_ws/devel/.private/eigen_catkin/include/eigen3/Eigen/QtAlignedMalloc, /home/rahul/catkin_ws/devel/include/eigen3/Eigen/QtAlignedMalloc)
Linked: (/home/rahul/catkin_ws/devel/.private/eigen_catkin/include/eigen3/Eigen/StdList, /home/rahul/catkin_ws/devel/include/eigen3/Eigen/StdList)
Linked: (/home/rahul/catkin_ws/devel/.private/eigen_catkin/include/eigen3/Eigen/Geometry, /home/rahul/catkin_ws/devel/include/eigen3/Eigen/Geometry)
Linked: (/home/rahul/catkin_ws/devel/.private/eigen_catkin/include/eigen3/Eigen/OrderingMethods, /home/rahul/catkin_ws/devel/include/eigen3/Eigen/OrderingMethods)
Linked: (/home/rahul/catkin_ws/devel/.private/eigen_catkin/include/eigen3/Eigen/SparseCore, /home/rahul/catkin_ws/devel/include/eigen3/Eigen/SparseCore)
Linked: (/home/rahul/catkin_ws/devel/.private/eigen_catkin/include/eigen3/Eigen/MetisSupport, /home/rahul/catkin_ws/devel/include/eigen3/Eigen/MetisSupport)
Linked: (/home/rahul/catkin_ws/devel/.private/eigen_catkin/include/eigen3/Eigen/StdVector, /home/rahul/catkin_ws/devel/include/eigen3/Eigen/StdVector)
Linked: (/home/rahul/catkin_ws/devel/.private/eigen_catkin/include/eigen3/Eigen/PardisoSupport, /home/rahul/catkin_ws/devel/include/eigen3/Eigen/PardisoSupport)
Linked: (/home/rahul/catkin_ws/devel/.private/eigen_catkin/include/eigen3/Eigen/QR, /home/rahul/catkin_ws/devel/include/eigen3/Eigen/QR)
Linked: (/home/rahul/catkin_ws/devel/.private/eigen_catkin/include/eigen3/Eigen/SparseLU, /home/rahul/catkin_ws/devel/include/eigen3/Eigen/SparseLU)
Linked: (/home/rahul/catkin_ws/devel/.private/eigen_catkin/include/eigen3/Eigen/src/Eigenvalues/ComplexEigenSolver.h, /home/rahul/catkin_ws/devel/include/eigen3/Eigen/src/Eigenvalues/ComplexEigenSolver.h)
Linked: (/home/rahul/catkin_ws/devel/.private/eigen_catkin/include/eigen3/Eigen/src/Eigenvalues/RealSchur.h, /home/rahul/catkin_ws/devel/include/eigen3/Eigen/src/Eigenvalues/RealSchur.h)
Linked: (/home/rahul/catkin_ws/devel/.private/eigen_catkin/include/eigen3/Eigen/src/Eigenvalues/RealSchur_LAPACKE.h, /home/rahul/catkin_ws/devel/include/eigen3/Eigen/src/Eigenvalues/RealSchur_LAPACKE.h)
Linked: (/home/rahul/catkin_ws/devel/.private/eigen_catkin/include/eigen3/Eigen/src/Eigenvalues/Tridiagonalization.h, /home/rahul/catkin_ws/devel/include/eigen3/Eigen/src/Eigenvalues/Tridiagonalization.h)
Linked: (/home/rahul/catkin_ws/devel/.private/eigen_catkin/include/eigen3/Eigen/src/Eigenvalues/SelfAdjointEigenSolver.h, /home/rahul/catkin_ws/devel/include/eigen3/Eigen/src/Eigenvalues/SelfAdjointEigenSolver.h)
Linked: (/home/rahul/catkin_ws/devel/.private/eigen_catkin/include/eigen3/Eigen/src/Eigenvalues/RealQZ.h, /home/rahul/catkin_ws/devel/include/eigen3/Eigen/src/Eigenvalues/RealQZ.h)
Linked: (/home/rahul/catkin_ws/devel/.private/eigen_catkin/include/eigen3/Eigen/src/Eigenvalues/SelfAdjointEigenSolver_LAPACKE.h, /home/rahul/catkin_ws/devel/include/eigen3/Eigen/src/Eigenvalues/SelfAdjointEigenSolver_LAPACKE.h)
Linked: (/home/rahul/catkin_ws/devel/.private/eigen_catkin/include/eigen3/Eigen/src/Eigenvalues/EigenSolver.h, /home/rahul/catkin_ws/devel/include/eigen3/Eigen/src/Eigenvalues/EigenSolver.h)
Linked: (/home/rahul/catkin_ws/devel/.private/eigen_catkin/include/eigen3/Eigen/src/Eigenvalues/ComplexSchur_LAPACKE.h, /home/rahul/catkin_ws/devel/include/eigen3/Eigen/src/Eigenvalues/ComplexSchur_LAPACKE.h)
Linked: (/home/rahul/catkin_ws/devel/.private/eigen_catkin/include/eigen3/Eigen/src/Eigenvalues/ComplexSchur.h, /home/rahul/catkin_ws/devel/include/eigen3/Eigen/src/Eigenvalues/ComplexSchur.h)
Linked: (/home/rahul/catkin_ws/devel/.private/eigen_catkin/include/eigen3/Eigen/src/Eigenvalues/GeneralizedSelfAdjointEigenSolver.h, /home/rahul/catkin_ws/devel/include/eigen3/Eigen/src/Eigenvalues/GeneralizedSelfAdjointEigenSolver.h)
Linked: (/home/rahul/catkin_ws/devel/.private/eigen_catkin/include/eigen3/Eigen/src/Eigenvalues/GeneralizedEigenSolver.h, /home/rahul/catkin_ws/devel/include/eigen3/Eigen/src/Eigenvalues/GeneralizedEigenSolver.h)
Linked: (/home/rahul/catkin_ws/devel/.private/eigen_catkin/include/eigen3/Eigen/src/Eigenvalues/MatrixBaseEigenvalues.h, /home/rahul/catkin_ws/devel/include/eigen3/Eigen/src/Eigenvalues/MatrixBaseEigenvalues.h)
Linked: (/home/rahul/catkin_ws/devel/.private/eigen_catkin/include/eigen3/Eigen/src/Eigenvalues/HessenbergDecomposition.h, /home/rahul/catkin_ws/devel/include/eigen3/Eigen/src/Eigenvalues/HessenbergDecomposition.h)
Linked: (/home/rahul/catkin_ws/devel/.private/eigen_catkin/include/eigen3/Eigen/src/Householder/Householder.h, /home/rahul/catkin_ws/devel/include/eigen3/Eigen/src/Householder/Householder.h)
Linked: (/home/rahul/catkin_ws/devel/.private/eigen_catkin/include/eigen3/Eigen/src/Householder/BlockHouseholder.h, /home/rahul/catkin_ws/devel/include/eigen3/Eigen/src/Householder/BlockHouseholder.h)
Linked: (/home/rahul/catkin_ws/devel/.private/eigen_catkin/include/eigen3/Eigen/src/Householder/HouseholderSequence.h, /home/rahul/catkin_ws/devel/include/eigen3/Eigen/src/Householder/HouseholderSequence.h)
Linked: (/home/rahul/catkin_ws/devel/.private/eigen_catkin/include/eigen3/Eigen/src/SPQRSupport/SuiteSparseQRSupport.h, /home/rahul/catkin_ws/devel/include/eigen3/Eigen/src/SPQRSupport/SuiteSparseQRSupport.h)
Linked: (/home/rahul/catkin_ws/devel/.private/eigen_catkin/include/eigen3/Eigen/src/UmfPackSupport/UmfPackSupport.h, /home/rahul/catkin_ws/devel/include/eigen3/Eigen/src/UmfPackSupport/UmfPackSupport.h)
Linked: (/home/rahul/catkin_ws/devel/.private/eigen_catkin/include/eigen3/Eigen/src/misc/RealSvd2x2.h, /home/rahul/catkin_ws/devel/include/eigen3/Eigen/src/misc/RealSvd2x2.h)
Linked: (/home/rahul/catkin_ws/devel/.private/eigen_catkin/include/eigen3/Eigen/src/misc/Image.h, /home/rahul/catkin_ws/devel/include/eigen3/Eigen/src/misc/Image.h)
Linked: (/home/rahul/catkin_ws/devel/.private/eigen_catkin/include/eigen3/Eigen/src/misc/Kernel.h, /home/rahul/catkin_ws/devel/include/eigen3/Eigen/src/misc/Kernel.h)
Linked: (/home/rahul/catkin_ws/devel/.private/eigen_catkin/include/eigen3/Eigen/src/misc/lapack.h, /home/rahul/catkin_ws/devel/include/eigen3/Eigen/src/misc/lapack.h)
Linked: (/home/rahul/catkin_ws/devel/.private/eigen_catkin/include/eigen3/Eigen/src/misc/lapacke_mangling.h, /home/rahul/catkin_ws/devel/include/eigen3/Eigen/src/misc/lapacke_mangling.h)
Linked: (/home/rahul/catkin_ws/devel/.private/eigen_catkin/include/eigen3/Eigen/src/misc/blas.h, /home/rahul/catkin_ws/devel/include/eigen3/Eigen/src/misc/blas.h)
Linked: (/home/rahul/catkin_ws/devel/.private/eigen_catkin/include/eigen3/Eigen/src/misc/lapacke.h, /home/rahul/catkin_ws/devel/include/eigen3/Eigen/src/misc/lapacke.h)
Linked: (/home/rahul/catkin_ws/devel/.private/eigen_catkin/include/eigen3/Eigen/src/Core/BandMatrix.h, /home/rahul/catkin_ws/devel/include/eigen3/Eigen/src/Core/BandMatrix.h)
Linked: (/home/rahul/catkin_ws/devel/.private/eigen_catkin/include/eigen3/Eigen/src/Core/Swap.h, /home/rahul/catkin_ws/devel/include/eigen3/Eigen/src/Core/Swap.h)
Linked: (/home/rahul/catkin_ws/devel/.private/eigen_catkin/include/eigen3/Eigen/src/Core/Stride.h, /home/rahul/catkin_ws/devel/include/eigen3/Eigen/src/Core/Stride.h)
Linked: (/home/rahul/catkin_ws/devel/.private/eigen_catkin/include/eigen3/Eigen/src/Core/SelfCwiseBinaryOp.h, /home/rahul/catkin_ws/devel/include/eigen3/Eigen/src/Core/SelfCwiseBinaryOp.h)
Linked: (/home/rahul/catkin_ws/devel/.private/eigen_catkin/include/eigen3/Eigen/src/Core/Fuzzy.h, /home/rahul/catkin_ws/devel/include/eigen3/Eigen/src/Core/Fuzzy.h)
Linked: (/home/rahul/catkin_ws/devel/.private/eigen_catkin/include/eigen3/Eigen/src/Core/SelfAdjointView.h, /home/rahul/catkin_ws/devel/include/eigen3/Eigen/src/Core/SelfAdjointView.h)
Linked: (/home/rahul/catkin_ws/devel/.private/eigen_catkin/include/eigen3/Eigen/src/Core/Map.h, /home/rahul/catkin_ws/devel/include/eigen3/Eigen/src/Core/Map.h)
Linked: (/home/rahul/catkin_ws/devel/.private/eigen_catkin/include/eigen3/Eigen/src/Core/DenseBase.h, /home/rahul/catkin_ws/devel/include/eigen3/Eigen/src/Core/DenseBase.h)
Linked: (/home/rahul/catkin_ws/devel/.private/eigen_catkin/include/eigen3/Eigen/src/Core/Random.h, /home/rahul/catkin_ws/devel/include/eigen3/Eigen/src/Core/Random.h)
Linked: (/home/rahul/catkin_ws/devel/.private/eigen_catkin/include/eigen3/Eigen/src/Core/DenseStorage.h, /home/rahul/catkin_ws/devel/include/eigen3/Eigen/src/Core/DenseStorage.h)
Linked: (/home/rahul/catkin_ws/devel/.private/eigen_catkin/include/eigen3/Eigen/src/Core/PlainObjectBase.h, /home/rahul/catkin_ws/devel/include/eigen3/Eigen/src/Core/PlainObjectBase.h)
Linked: (/home/rahul/catkin_ws/devel/.private/eigen_catkin/include/eigen3/Eigen/src/Core/Inverse.h, /home/rahul/catkin_ws/devel/include/eigen3/Eigen/src/Core/Inverse.h)
Linked: (/home/rahul/catkin_ws/devel/.private/eigen_catkin/include/eigen3/Eigen/src/Core/Replicate.h, /home/rahul/catkin_ws/devel/include/eigen3/Eigen/src/Core/Replicate.h)
Linked: (/home/rahul/catkin_ws/devel/.private/eigen_catkin/include/eigen3/Eigen/src/Core/CommaInitializer.h, /home/rahul/catkin_ws/devel/include/eigen3/Eigen/src/Core/CommaInitializer.h)
Linked: (/home/rahul/catkin_ws/devel/.private/eigen_catkin/include/eigen3/Eigen/src/Core/TriangularMatrix.h, /home/rahul/catkin_ws/devel/include/eigen3/Eigen/src/Core/TriangularMatrix.h)
Linked: (/home/rahul/catkin_ws/devel/.private/eigen_catkin/include/eigen3/Eigen/src/Core/Transpose.h, /home/rahul/catkin_ws/devel/include/eigen3/Eigen/src/Core/Transpose.h)
Linked: (/home/rahul/catkin_ws/devel/.private/eigen_catkin/include/eigen3/Eigen/src/Core/MathFunctionsImpl.h, /home/rahul/catkin_ws/devel/include/eigen3/Eigen/src/Core/MathFunctionsImpl.h)
Linked: (/home/rahul/catkin_ws/devel/.private/eigen_catkin/include/eigen3/Eigen/src/Core/CwiseUnaryView.h, /home/rahul/catkin_ws/devel/include/eigen3/Eigen/src/Core/CwiseUnaryView.h)
Linked: (/home/rahul/catkin_ws/devel/.private/eigen_catkin/include/eigen3/Eigen/src/Core/ArrayBase.h, /home/rahul/catkin_ws/devel/include/eigen3/Eigen/src/Core/ArrayBase.h)
Linked: (/home/rahul/catkin_ws/devel/.private/eigen_catkin/include/eigen3/Eigen/src/Core/MathFunctions.h, /home/rahul/catkin_ws/devel/include/eigen3/Eigen/src/Core/MathFunctions.h)
Linked: (/home/rahul/catkin_ws/devel/.private/eigen_catkin/include/eigen3/Eigen/src/Core/Array.h, /home/rahul/catkin_ws/devel/include/eigen3/Eigen/src/Core/Array.h)
Linked: (/home/rahul/catkin_ws/devel/.private/eigen_catkin/include/eigen3/Eigen/src/Core/CwiseNullaryOp.h, /home/rahul/catkin_ws/devel/include/eigen3/Eigen/src/Core/CwiseNullaryOp.h)
Linked: (/home/rahul/catkin_ws/devel/.private/eigen_catkin/include/eigen3/Eigen/src/Core/NestByValue.h, /home/rahul/catkin_ws/devel/include/eigen3/Eigen/src/Core/NestByValue.h)
Linked: (/home/rahul/catkin_ws/devel/.private/eigen_catkin/include/eigen3/Eigen/src/Core/GenericPacketMath.h, /home/rahul/catkin_ws/devel/include/eigen3/Eigen/src/Core/GenericPacketMath.h)
Linked: (/home/rahul/catkin_ws/devel/.private/eigen_catkin/include/eigen3/Eigen/src/Core/Select.h, /home/rahul/catkin_ws/devel/include/eigen3/Eigen/src/Core/Select.h)
Linked: (/home/rahul/catkin_ws/devel/.private/eigen_catkin/include/eigen3/Eigen/src/Core/Ref.h, /home/rahul/catkin_ws/devel/include/eigen3/Eigen/src/Core/Ref.h)
Linked: (/home/rahul/catkin_ws/devel/.private/eigen_catkin/include/eigen3/Eigen/src/Core/IO.h, /home/rahul/catkin_ws/devel/include/eigen3/Eigen/src/Core/IO.h)
Linked: (/home/rahul/catkin_ws/devel/.private/eigen_catkin/include/eigen3/Eigen/src/Core/MapBase.h, /home/rahul/catkin_ws/devel/include/eigen3/Eigen/src/Core/MapBase.h)
Linked: (/home/rahul/catkin_ws/devel/.private/eigen_catkin/include/eigen3/Eigen/src/Core/DiagonalMatrix.h, /home/rahul/catkin_ws/devel/include/eigen3/Eigen/src/Core/DiagonalMatrix.h)
Linked: (/home/rahul/catkin_ws/devel/.private/eigen_catkin/include/eigen3/Eigen/src/Core/EigenBase.h, /home/rahul/catkin_ws/devel/include/eigen3/Eigen/src/Core/EigenBase.h)
Linked: (/home/rahul/catkin_ws/devel/.private/eigen_catkin/include/eigen3/Eigen/src/Core/ProductEvaluators.h, /home/rahul/catkin_ws/devel/include/eigen3/Eigen/src/Core/ProductEvaluators.h)
Linked: (/home/rahul/catkin_ws/devel/.private/eigen_catkin/include/eigen3/Eigen/src/Core/BooleanRedux.h, /home/rahul/catkin_ws/devel/include/eigen3/Eigen/src/Core/BooleanRedux.h)
Linked: (/home/rahul/catkin_ws/devel/.private/eigen_catkin/include/eigen3/Eigen/src/Core/Assign_MKL.h, /home/rahul/catkin_ws/devel/include/eigen3/Eigen/src/Core/Assign_MKL.h)
Linked: (/home/rahul/catkin_ws/devel/.private/eigen_catkin/include/eigen3/Eigen/src/Core/Visitor.h, /home/rahul/catkin_ws/devel/include/eigen3/Eigen/src/Core/Visitor.h)
Linked: (/home/rahul/catkin_ws/devel/.private/eigen_catkin/include/eigen3/Eigen/src/Core/Diagonal.h, /home/rahul/catkin_ws/devel/include/eigen3/Eigen/src/Core/Diagonal.h)
Linked: (/home/rahul/catkin_ws/devel/.private/eigen_catkin/include/eigen3/Eigen/src/Core/ReturnByValue.h, /home/rahul/catkin_ws/devel/include/eigen3/Eigen/src/Core/ReturnByValue.h)
Linked: (/home/rahul/catkin_ws/devel/.private/eigen_catkin/include/eigen3/Eigen/src/Core/Dot.h, /home/rahul/catkin_ws/devel/include/eigen3/Eigen/src/Core/Dot.h)
Linked: (/home/rahul/catkin_ws/devel/.private/eigen_catkin/include/eigen3/Eigen/src/Core/Reverse.h, /home/rahul/catkin_ws/devel/include/eigen3/Eigen/src/Core/Reverse.h)
Linked: (/home/rahul/catkin_ws/devel/.private/eigen_catkin/include/eigen3/Eigen/src/Core/Matrix.h, /home/rahul/catkin_ws/devel/include/eigen3/Eigen/src/Core/Matrix.h)
Linked: (/home/rahul/catkin_ws/devel/.private/eigen_catkin/include/eigen3/Eigen/src/Core/CwiseUnaryOp.h, /home/rahul/catkin_ws/devel/include/eigen3/Eigen/src/Core/CwiseUnaryOp.h)
Linked: (/home/rahul/catkin_ws/devel/.private/eigen_catkin/include/eigen3/Eigen/src/Core/AssignEvaluator.h, /home/rahul/catkin_ws/devel/include/eigen3/Eigen/src/Core/AssignEvaluator.h)
Linked: (/home/rahul/catkin_ws/devel/.private/eigen_catkin/include/eigen3/Eigen/src/Core/Redux.h, /home/rahul/catkin_ws/devel/include/eigen3/Eigen/src/Core/Redux.h)
Linked: (/home/rahul/catkin_ws/devel/.private/eigen_catkin/include/eigen3/Eigen/src/Core/Product.h, /home/rahul/catkin_ws/devel/include/eigen3/Eigen/src/Core/Product.h)
Linked: (/home/rahul/catkin_ws/devel/.private/eigen_catkin/include/eigen3/Eigen/src/Core/Block.h, /home/rahul/catkin_ws/devel/include/eigen3/Eigen/src/Core/Block.h)
Linked: (/home/rahul/catkin_ws/devel/.private/eigen_catkin/include/eigen3/Eigen/src/Core/PermutationMatrix.h, /home/rahul/catkin_ws/devel/include/eigen3/Eigen/src/Core/PermutationMatrix.h)
Linked: (/home/rahul/catkin_ws/devel/.private/eigen_catkin/include/eigen3/Eigen/src/Core/ConditionEstimator.h, /home/rahul/catkin_ws/devel/include/eigen3/Eigen/src/Core/ConditionEstimator.h)
Linked: (/home/rahul/catkin_ws/devel/.private/eigen_catkin/include/eigen3/Eigen/src/Core/CoreEvaluators.h, /home/rahul/catkin_ws/devel/include/eigen3/Eigen/src/Core/CoreEvaluators.h)
Linked: (/home/rahul/catkin_ws/devel/.private/eigen_catkin/include/eigen3/Eigen/src/Core/MatrixBase.h, /home/rahul/catkin_ws/devel/include/eigen3/Eigen/src/Core/MatrixBase.h)
Linked: (/home/rahul/catkin_ws/devel/.private/eigen_catkin/include/eigen3/Eigen/src/Core/CwiseTernaryOp.h, /home/rahul/catkin_ws/devel/include/eigen3/Eigen/src/Core/CwiseTernaryOp.h)
Linked: (/home/rahul/catkin_ws/devel/.private/eigen_catkin/include/eigen3/Eigen/src/Core/CoreIterators.h, /home/rahul/catkin_ws/devel/include/eigen3/Eigen/src/Core/CoreIterators.h)
Linked: (/home/rahul/catkin_ws/devel/.private/eigen_catkin/include/eigen3/Eigen/src/Core/DiagonalProduct.h, /home/rahul/catkin_ws/devel/include/eigen3/Eigen/src/Core/DiagonalProduct.h)
Linked: (/home/rahul/catkin_ws/devel/.private/eigen_catkin/include/eigen3/Eigen/src/Core/VectorwiseOp.h, /home/rahul/catkin_ws/devel/include/eigen3/Eigen/src/Core/VectorwiseOp.h)
Linked: (/home/rahul/catkin_ws/devel/.private/eigen_catkin/include/eigen3/Eigen/src/Core/Transpositions.h, /home/rahul/catkin_ws/devel/include/eigen3/Eigen/src/Core/Transpositions.h)
Linked: (/home/rahul/catkin_ws/devel/.private/eigen_catkin/include/eigen3/Eigen/src/Core/ForceAlignedAccess.h, /home/rahul/catkin_ws/devel/include/eigen3/Eigen/src/Core/ForceAlignedAccess.h)
Linked: (/home/rahul/catkin_ws/devel/.private/eigen_catkin/include/eigen3/Eigen/src/Core/NoAlias.h, /home/rahul/catkin_ws/devel/include/eigen3/Eigen/src/Core/NoAlias.h)
Linked: (/home/rahul/catkin_ws/devel/.private/eigen_catkin/include/eigen3/Eigen/src/Core/SolverBase.h, /home/rahul/catkin_ws/devel/include/eigen3/Eigen/src/Core/SolverBase.h)
Linked: (/home/rahul/catkin_ws/devel/.private/eigen_catkin/include/eigen3/Eigen/src/Core/SolveTriangular.h, /home/rahul/catkin_ws/devel/include/eigen3/Eigen/src/Core/SolveTriangular.h)
Linked: (/home/rahul/catkin_ws/devel/.private/eigen_catkin/include/eigen3/Eigen/src/Core/DenseCoeffsBase.h, /home/rahul/catkin_ws/devel/include/eigen3/Eigen/src/Core/DenseCoeffsBase.h)
Linked: (/home/rahul/catkin_ws/devel/.private/eigen_catkin/include/eigen3/Eigen/src/Core/CwiseBinaryOp.h, /home/rahul/catkin_ws/devel/include/eigen3/Eigen/src/Core/CwiseBinaryOp.h)
Linked: (/home/rahul/catkin_ws/devel/.private/eigen_catkin/include/eigen3/Eigen/src/Core/GlobalFunctions.h, /home/rahul/catkin_ws/devel/include/eigen3/Eigen/src/Core/GlobalFunctions.h)
Linked: (/home/rahul/catkin_ws/devel/.private/eigen_catkin/include/eigen3/Eigen/src/Core/GeneralProduct.h, /home/rahul/catkin_ws/devel/include/eigen3/Eigen/src/Core/GeneralProduct.h)
Linked: (/home/rahul/catkin_ws/devel/.private/eigen_catkin/include/eigen3/Eigen/src/Core/Solve.h, /home/rahul/catkin_ws/devel/include/eigen3/Eigen/src/Core/Solve.h)
Linked: (/home/rahul/catkin_ws/devel/.private/eigen_catkin/include/eigen3/Eigen/src/Core/ArrayWrapper.h, /home/rahul/catkin_ws/devel/include/eigen3/Eigen/src/Core/ArrayWrapper.h)
Linked: (/home/rahul/catkin_ws/devel/.private/eigen_catkin/include/eigen3/Eigen/src/Core/VectorBlock.h, /home/rahul/catkin_ws/devel/include/eigen3/Eigen/src/Core/VectorBlock.h)
Linked: (/home/rahul/catkin_ws/devel/.private/eigen_catkin/include/eigen3/Eigen/src/Core/StableNorm.h, /home/rahul/catkin_ws/devel/include/eigen3/Eigen/src/Core/StableNorm.h)
Linked: (/home/rahul/catkin_ws/devel/.private/eigen_catkin/include/eigen3/Eigen/src/Core/Assign.h, /home/rahul/catkin_ws/devel/include/eigen3/Eigen/src/Core/Assign.h)
Linked: (/home/rahul/catkin_ws/devel/.private/eigen_catkin/include/eigen3/Eigen/src/Core/NumTraits.h, /home/rahul/catkin_ws/devel/include/eigen3/Eigen/src/Core/NumTraits.h)
Linked: (/home/rahul/catkin_ws/devel/.private/eigen_catkin/include/eigen3/Eigen/src/Core/functors/AssignmentFunctors.h, /home/rahul/catkin_ws/devel/include/eigen3/Eigen/src/Core/functors/AssignmentFunctors.h)
Linked: (/home/rahul/catkin_ws/devel/.private/eigen_catkin/include/eigen3/Eigen/src/Core/functors/UnaryFunctors.h, /home/rahul/catkin_ws/devel/include/eigen3/Eigen/src/Core/functors/UnaryFunctors.h)
Linked: (/home/rahul/catkin_ws/devel/.private/eigen_catkin/include/eigen3/Eigen/src/Core/functors/StlFunctors.h, /home/rahul/catkin_ws/devel/include/eigen3/Eigen/src/Core/functors/StlFunctors.h)
Linked: (/home/rahul/catkin_ws/devel/.private/eigen_catkin/include/eigen3/Eigen/src/Core/functors/TernaryFunctors.h, /home/rahul/catkin_ws/devel/include/eigen3/Eigen/src/Core/functors/TernaryFunctors.h)
Linked: (/home/rahul/catkin_ws/devel/.private/eigen_catkin/include/eigen3/Eigen/src/Core/functors/BinaryFunctors.h, /home/rahul/catkin_ws/devel/include/eigen3/Eigen/src/Core/functors/BinaryFunctors.h)
Linked: (/home/rahul/catkin_ws/devel/.private/eigen_catkin/include/eigen3/Eigen/src/Core/functors/NullaryFunctors.h, /home/rahul/catkin_ws/devel/include/eigen3/Eigen/src/Core/functors/NullaryFunctors.h)
Linked: (/home/rahul/catkin_ws/devel/.private/eigen_catkin/include/eigen3/Eigen/src/Core/arch/NEON/Complex.h, /home/rahul/catkin_ws/devel/include/eigen3/Eigen/src/Core/arch/NEON/Complex.h)
Linked: (/home/rahul/catkin_ws/devel/.private/eigen_catkin/include/eigen3/Eigen/src/Core/arch/NEON/MathFunctions.h, /home/rahul/catkin_ws/devel/include/eigen3/Eigen/src/Core/arch/NEON/MathFunctions.h)
Linked: (/home/rahul/catkin_ws/devel/.private/eigen_catkin/include/eigen3/Eigen/src/Core/arch/NEON/PacketMath.h, /home/rahul/catkin_ws/devel/include/eigen3/Eigen/src/Core/arch/NEON/PacketMath.h)
Linked: (/home/rahul/catkin_ws/devel/.private/eigen_catkin/include/eigen3/Eigen/src/Core/arch/Default/Settings.h, /home/rahul/catkin_ws/devel/include/eigen3/Eigen/src/Core/arch/Default/Settings.h)
Linked: (/home/rahul/catkin_ws/devel/.private/eigen_catkin/include/eigen3/Eigen/src/Core/arch/AVX/Complex.h, /home/rahul/catkin_ws/devel/include/eigen3/Eigen/src/Core/arch/AVX/Complex.h)
Linked: (/home/rahul/catkin_ws/devel/.private/eigen_catkin/include/eigen3/Eigen/src/Core/arch/AVX/MathFunctions.h, /home/rahul/catkin_ws/devel/include/eigen3/Eigen/src/Core/arch/AVX/MathFunctions.h)
Linked: (/home/rahul/catkin_ws/devel/.private/eigen_catkin/include/eigen3/Eigen/src/Core/arch/AVX/PacketMath.h, /home/rahul/catkin_ws/devel/include/eigen3/Eigen/src/Core/arch/AVX/PacketMath.h)
Linked: (/home/rahul/catkin_ws/devel/.private/eigen_catkin/include/eigen3/Eigen/src/Core/arch/AVX/TypeCasting.h, /home/rahul/catkin_ws/devel/include/eigen3/Eigen/src/Core/arch/AVX/TypeCasting.h)
Linked: (/home/rahul/catkin_ws/devel/.private/eigen_catkin/include/eigen3/Eigen/src/Core/arch/ZVector/Complex.h, /home/rahul/catkin_ws/devel/include/eigen3/Eigen/src/Core/arch/ZVector/Complex.h)
Linked: (/home/rahul/catkin_ws/devel/.private/eigen_catkin/include/eigen3/Eigen/src/Core/arch/ZVector/MathFunctions.h, /home/rahul/catkin_ws/devel/include/eigen3/Eigen/src/Core/arch/ZVector/MathFunctions.h)
Linked: (/home/rahul/catkin_ws/devel/.private/eigen_catkin/include/eigen3/Eigen/src/Core/arch/ZVector/PacketMath.h, /home/rahul/catkin_ws/devel/include/eigen3/Eigen/src/Core/arch/ZVector/PacketMath.h)
Linked: (/home/rahul/catkin_ws/devel/.private/eigen_catkin/include/eigen3/Eigen/src/Core/arch/CUDA/Complex.h, /home/rahul/catkin_ws/devel/include/eigen3/Eigen/src/Core/arch/CUDA/Complex.h)
Linked: (/home/rahul/catkin_ws/devel/.private/eigen_catkin/include/eigen3/Eigen/src/Core/arch/CUDA/MathFunctions.h, /home/rahul/catkin_ws/devel/include/eigen3/Eigen/src/Core/arch/CUDA/MathFunctions.h)
Linked: (/home/rahul/catkin_ws/devel/.private/eigen_catkin/include/eigen3/Eigen/src/Core/arch/CUDA/PacketMath.h, /home/rahul/catkin_ws/devel/include/eigen3/Eigen/src/Core/arch/CUDA/PacketMath.h)
Linked: (/home/rahul/catkin_ws/devel/.private/eigen_catkin/include/eigen3/Eigen/src/Core/arch/CUDA/PacketMathHalf.h, /home/rahul/catkin_ws/devel/include/eigen3/Eigen/src/Core/arch/CUDA/PacketMathHalf.h)
Linked: (/home/rahul/catkin_ws/devel/.private/eigen_catkin/include/eigen3/Eigen/src/Core/arch/CUDA/TypeCasting.h, /home/rahul/catkin_ws/devel/include/eigen3/Eigen/src/Core/arch/CUDA/TypeCasting.h)
Linked: (/home/rahul/catkin_ws/devel/.private/eigen_catkin/include/eigen3/Eigen/src/Core/arch/CUDA/Half.h, /home/rahul/catkin_ws/devel/include/eigen3/Eigen/src/Core/arch/CUDA/Half.h)
Linked: (/home/rahul/catkin_ws/devel/.private/eigen_catkin/include/eigen3/Eigen/src/Core/arch/AVX512/MathFunctions.h, /home/rahul/catkin_ws/devel/include/eigen3/Eigen/src/Core/arch/AVX512/MathFunctions.h)
Linked: (/home/rahul/catkin_ws/devel/.private/eigen_catkin/include/eigen3/Eigen/src/Core/arch/AVX512/PacketMath.h, /home/rahul/catkin_ws/devel/include/eigen3/Eigen/src/Core/arch/AVX512/PacketMath.h)
Linked: (/home/rahul/catkin_ws/devel/.private/eigen_catkin/include/eigen3/Eigen/src/Core/arch/SSE/Complex.h, /home/rahul/catkin_ws/devel/include/eigen3/Eigen/src/Core/arch/SSE/Complex.h)
Linked: (/home/rahul/catkin_ws/devel/.private/eigen_catkin/include/eigen3/Eigen/src/Core/arch/SSE/MathFunctions.h, /home/rahul/catkin_ws/devel/include/eigen3/Eigen/src/Core/arch/SSE/MathFunctions.h)
Linked: (/home/rahul/catkin_ws/devel/.private/eigen_catkin/include/eigen3/Eigen/src/Core/arch/SSE/PacketMath.h, /home/rahul/catkin_ws/devel/include/eigen3/Eigen/src/Core/arch/SSE/PacketMath.h)
Linked: (/home/rahul/catkin_ws/devel/.private/eigen_catkin/include/eigen3/Eigen/src/Core/arch/SSE/TypeCasting.h, /home/rahul/catkin_ws/devel/include/eigen3/Eigen/src/Core/arch/SSE/TypeCasting.h)
Linked: (/home/rahul/catkin_ws/devel/.private/eigen_catkin/include/eigen3/Eigen/src/Core/arch/AltiVec/Complex.h, /home/rahul/catkin_ws/devel/include/eigen3/Eigen/src/Core/arch/AltiVec/Complex.h)
Linked: (/home/rahul/catkin_ws/devel/.private/eigen_catkin/include/eigen3/Eigen/src/Core/arch/AltiVec/MathFunctions.h, /home/rahul/catkin_ws/devel/include/eigen3/Eigen/src/Core/arch/AltiVec/MathFunctions.h)
Linked: (/home/rahul/catkin_ws/devel/.private/eigen_catkin/include/eigen3/Eigen/src/Core/arch/AltiVec/PacketMath.h, /home/rahul/catkin_ws/devel/include/eigen3/Eigen/src/Core/arch/AltiVec/PacketMath.h)
Linked: (/home/rahul/catkin_ws/devel/.private/eigen_catkin/include/eigen3/Eigen/src/Core/util/DisableStupidWarnings.h, /home/rahul/catkin_ws/devel/include/eigen3/Eigen/src/Core/util/DisableStupidWarnings.h)
Linked: (/home/rahul/catkin_ws/devel/.private/eigen_catkin/include/eigen3/Eigen/src/Core/util/ReenableStupidWarnings.h, /home/rahul/catkin_ws/devel/include/eigen3/Eigen/src/Core/util/ReenableStupidWarnings.h)
Linked: (/home/rahul/catkin_ws/devel/.private/eigen_catkin/include/eigen3/Eigen/src/Core/util/Constants.h, /home/rahul/catkin_ws/devel/include/eigen3/Eigen/src/Core/util/Constants.h)
Linked: (/home/rahul/catkin_ws/devel/.private/eigen_catkin/include/eigen3/Eigen/src/Core/util/BlasUtil.h, /home/rahul/catkin_ws/devel/include/eigen3/Eigen/src/Core/util/BlasUtil.h)
Linked: (/home/rahul/catkin_ws/devel/.private/eigen_catkin/include/eigen3/Eigen/src/Core/util/Memory.h, /home/rahul/catkin_ws/devel/include/eigen3/Eigen/src/Core/util/Memory.h)
Linked: (/home/rahul/catkin_ws/devel/.private/eigen_catkin/include/eigen3/Eigen/src/Core/util/MKL_support.h, /home/rahul/catkin_ws/devel/include/eigen3/Eigen/src/Core/util/MKL_support.h)
Linked: (/home/rahul/catkin_ws/devel/.private/eigen_catkin/include/eigen3/Eigen/src/Core/util/ForwardDeclarations.h, /home/rahul/catkin_ws/devel/include/eigen3/Eigen/src/Core/util/ForwardDeclarations.h)
Linked: (/home/rahul/catkin_ws/devel/.private/eigen_catkin/include/eigen3/Eigen/src/Core/util/Macros.h, /home/rahul/catkin_ws/devel/include/eigen3/Eigen/src/Core/util/Macros.h)
Linked: (/home/rahul/catkin_ws/devel/.private/eigen_catkin/include/eigen3/Eigen/src/Core/util/Meta.h, /home/rahul/catkin_ws/devel/include/eigen3/Eigen/src/Core/util/Meta.h)
Linked: (/home/rahul/catkin_ws/devel/.private/eigen_catkin/include/eigen3/Eigen/src/Core/util/XprHelper.h, /home/rahul/catkin_ws/devel/include/eigen3/Eigen/src/Core/util/XprHelper.h)
Linked: (/home/rahul/catkin_ws/devel/.private/eigen_catkin/include/eigen3/Eigen/src/Core/util/NonMPL2.h, /home/rahul/catkin_ws/devel/include/eigen3/Eigen/src/Core/util/NonMPL2.h)
Linked: (/home/rahul/catkin_ws/devel/.private/eigen_catkin/include/eigen3/Eigen/src/Core/util/StaticAssert.h, /home/rahul/catkin_ws/devel/include/eigen3/Eigen/src/Core/util/StaticAssert.h)
Linked: (/home/rahul/catkin_ws/devel/.private/eigen_catkin/include/eigen3/Eigen/src/Core/products/SelfadjointMatrixMatrix_BLAS.h, /home/rahul/catkin_ws/devel/include/eigen3/Eigen/src/Core/products/SelfadjointMatrixMatrix_BLAS.h)
Linked: (/home/rahul/catkin_ws/devel/.private/eigen_catkin/include/eigen3/Eigen/src/Core/products/TriangularSolverVector.h, /home/rahul/catkin_ws/devel/include/eigen3/Eigen/src/Core/products/TriangularSolverVector.h)
Linked: (/home/rahul/catkin_ws/devel/.private/eigen_catkin/include/eigen3/Eigen/src/Core/products/SelfadjointMatrixMatrix.h, /home/rahul/catkin_ws/devel/include/eigen3/Eigen/src/Core/products/SelfadjointMatrixMatrix.h)
Linked: (/home/rahul/catkin_ws/devel/.private/eigen_catkin/include/eigen3/Eigen/src/Core/products/TriangularMatrixVector.h, /home/rahul/catkin_ws/devel/include/eigen3/Eigen/src/Core/products/TriangularMatrixVector.h)
Linked: (/home/rahul/catkin_ws/devel/.private/eigen_catkin/include/eigen3/Eigen/src/Core/products/GeneralMatrixMatrixTriangular.h, /home/rahul/catkin_ws/devel/include/eigen3/Eigen/src/Core/products/GeneralMatrixMatrixTriangular.h)
Linked: (/home/rahul/catkin_ws/devel/.private/eigen_catkin/include/eigen3/Eigen/src/Core/products/TriangularMatrixVector_BLAS.h, /home/rahul/catkin_ws/devel/include/eigen3/Eigen/src/Core/products/TriangularMatrixVector_BLAS.h)
Linked: (/home/rahul/catkin_ws/devel/.private/eigen_catkin/include/eigen3/Eigen/src/Core/products/SelfadjointProduct.h, /home/rahul/catkin_ws/devel/include/eigen3/Eigen/src/Core/products/SelfadjointProduct.h)
Linked: (/home/rahul/catkin_ws/devel/.private/eigen_catkin/include/eigen3/Eigen/src/Core/products/Parallelizer.h, /home/rahul/catkin_ws/devel/include/eigen3/Eigen/src/Core/products/Parallelizer.h)
Linked: (/home/rahul/catkin_ws/devel/.private/eigen_catkin/include/eigen3/Eigen/src/Core/products/TriangularSolverMatrix.h, /home/rahul/catkin_ws/devel/include/eigen3/Eigen/src/Core/products/TriangularSolverMatrix.h)
Linked: (/home/rahul/catkin_ws/devel/.private/eigen_catkin/include/eigen3/Eigen/src/Core/products/TriangularMatrixMatrix_BLAS.h, /home/rahul/catkin_ws/devel/include/eigen3/Eigen/src/Core/products/TriangularMatrixMatrix_BLAS.h)
Linked: (/home/rahul/catkin_ws/devel/.private/eigen_catkin/include/eigen3/Eigen/src/Core/products/GeneralMatrixMatrix_BLAS.h, /home/rahul/catkin_ws/devel/include/eigen3/Eigen/src/Core/products/GeneralMatrixMatrix_BLAS.h)
Linked: (/home/rahul/catkin_ws/devel/.private/eigen_catkin/include/eigen3/Eigen/src/Core/products/SelfadjointMatrixVector_BLAS.h, /home/rahul/catkin_ws/devel/include/eigen3/Eigen/src/Core/products/SelfadjointMatrixVector_BLAS.h)
Linked: (/home/rahul/catkin_ws/devel/.private/eigen_catkin/include/eigen3/Eigen/src/Core/products/TriangularSolverMatrix_BLAS.h, /home/rahul/catkin_ws/devel/include/eigen3/Eigen/src/Core/products/TriangularSolverMatrix_BLAS.h)
Linked: (/home/rahul/catkin_ws/devel/.private/eigen_catkin/include/eigen3/Eigen/src/Core/products/GeneralBlockPanelKernel.h, /home/rahul/catkin_ws/devel/include/eigen3/Eigen/src/Core/products/GeneralBlockPanelKernel.h)
Linked: (/home/rahul/catkin_ws/devel/.private/eigen_catkin/include/eigen3/Eigen/src/Core/products/GeneralMatrixMatrix.h, /home/rahul/catkin_ws/devel/include/eigen3/Eigen/src/Core/products/GeneralMatrixMatrix.h)
Linked: (/home/rahul/catkin_ws/devel/.private/eigen_catkin/include/eigen3/Eigen/src/Core/products/SelfadjointMatrixVector.h, /home/rahul/catkin_ws/devel/include/eigen3/Eigen/src/Core/products/SelfadjointMatrixVector.h)
Linked: (/home/rahul/catkin_ws/devel/.private/eigen_catkin/include/eigen3/Eigen/src/Core/products/TriangularMatrixMatrix.h, /home/rahul/catkin_ws/devel/include/eigen3/Eigen/src/Core/products/TriangularMatrixMatrix.h)
Linked: (/home/rahul/catkin_ws/devel/.private/eigen_catkin/include/eigen3/Eigen/src/Core/products/SelfadjointRank2Update.h, /home/rahul/catkin_ws/devel/include/eigen3/Eigen/src/Core/products/SelfadjointRank2Update.h)
Linked: (/home/rahul/catkin_ws/devel/.private/eigen_catkin/include/eigen3/Eigen/src/Core/products/GeneralMatrixVector_BLAS.h, /home/rahul/catkin_ws/devel/include/eigen3/Eigen/src/Core/products/GeneralMatrixVector_BLAS.h)
Linked: (/home/rahul/catkin_ws/devel/.private/eigen_catkin/include/eigen3/Eigen/src/Core/products/GeneralMatrixMatrixTriangular_BLAS.h, /home/rahul/catkin_ws/devel/include/eigen3/Eigen/src/Core/products/GeneralMatrixMatrixTriangular_BLAS.h)
Linked: (/home/rahul/catkin_ws/devel/.private/eigen_catkin/include/eigen3/Eigen/src/Core/products/GeneralMatrixVector.h, /home/rahul/catkin_ws/devel/include/eigen3/Eigen/src/Core/products/GeneralMatrixVector.h)
Linked: (/home/rahul/catkin_ws/devel/.private/eigen_catkin/include/eigen3/Eigen/src/StlSupport/details.h, /home/rahul/catkin_ws/devel/include/eigen3/Eigen/src/StlSupport/details.h)
Linked: (/home/rahul/catkin_ws/devel/.private/eigen_catkin/include/eigen3/Eigen/src/StlSupport/StdVector.h, /home/rahul/catkin_ws/devel/include/eigen3/Eigen/src/StlSupport/StdVector.h)
Linked: (/home/rahul/catkin_ws/devel/.private/eigen_catkin/include/eigen3/Eigen/src/StlSupport/StdList.h, /home/rahul/catkin_ws/devel/include/eigen3/Eigen/src/StlSupport/StdList.h)
Linked: (/home/rahul/catkin_ws/devel/.private/eigen_catkin/include/eigen3/Eigen/src/StlSupport/StdDeque.h, /home/rahul/catkin_ws/devel/include/eigen3/Eigen/src/StlSupport/StdDeque.h)
Linked: (/home/rahul/catkin_ws/devel/.private/eigen_catkin/include/eigen3/Eigen/src/Cholesky/LLT.h, /home/rahul/catkin_ws/devel/include/eigen3/Eigen/src/Cholesky/LLT.h)
Linked: (/home/rahul/catkin_ws/devel/.private/eigen_catkin/include/eigen3/Eigen/src/Cholesky/LLT_LAPACKE.h, /home/rahul/catkin_ws/devel/include/eigen3/Eigen/src/Cholesky/LLT_LAPACKE.h)
Linked: (/home/rahul/catkin_ws/devel/.private/eigen_catkin/include/eigen3/Eigen/src/Cholesky/LDLT.h, /home/rahul/catkin_ws/devel/include/eigen3/Eigen/src/Cholesky/LDLT.h)
Linked: (/home/rahul/catkin_ws/devel/.private/eigen_catkin/include/eigen3/Eigen/src/SVD/BDCSVD.h, /home/rahul/catkin_ws/devel/include/eigen3/Eigen/src/SVD/BDCSVD.h)
Linked: (/home/rahul/catkin_ws/devel/.private/eigen_catkin/include/eigen3/Eigen/src/SVD/UpperBidiagonalization.h, /home/rahul/catkin_ws/devel/include/eigen3/Eigen/src/SVD/UpperBidiagonalization.h)
Linked: (/home/rahul/catkin_ws/devel/.private/eigen_catkin/include/eigen3/Eigen/src/SVD/JacobiSVD_LAPACKE.h, /home/rahul/catkin_ws/devel/include/eigen3/Eigen/src/SVD/JacobiSVD_LAPACKE.h)
Linked: (/home/rahul/catkin_ws/devel/.private/eigen_catkin/include/eigen3/Eigen/src/SVD/JacobiSVD.h, /home/rahul/catkin_ws/devel/include/eigen3/Eigen/src/SVD/JacobiSVD.h)
Linked: (/home/rahul/catkin_ws/devel/.private/eigen_catkin/include/eigen3/Eigen/src/SVD/SVDBase.h, /home/rahul/catkin_ws/devel/include/eigen3/Eigen/src/SVD/SVDBase.h)
Linked: (/home/rahul/catkin_ws/devel/.private/eigen_catkin/include/eigen3/Eigen/src/plugins/BlockMethods.h, /home/rahul/catkin_ws/devel/include/eigen3/Eigen/src/plugins/BlockMethods.h)
Linked: (/home/rahul/catkin_ws/devel/.private/eigen_catkin/include/eigen3/Eigen/src/plugins/ArrayCwiseUnaryOps.h, /home/rahul/catkin_ws/devel/include/eigen3/Eigen/src/plugins/ArrayCwiseUnaryOps.h)
Linked: (/home/rahul/catkin_ws/devel/.private/eigen_catkin/include/eigen3/Eigen/src/plugins/MatrixCwiseUnaryOps.h, /home/rahul/catkin_ws/devel/include/eigen3/Eigen/src/plugins/MatrixCwiseUnaryOps.h)
Linked: (/home/rahul/catkin_ws/devel/.private/eigen_catkin/include/eigen3/Eigen/src/plugins/MatrixCwiseBinaryOps.h, /home/rahul/catkin_ws/devel/include/eigen3/Eigen/src/plugins/MatrixCwiseBinaryOps.h)
Linked: (/home/rahul/catkin_ws/devel/.private/eigen_catkin/include/eigen3/Eigen/src/plugins/ArrayCwiseBinaryOps.h, /home/rahul/catkin_ws/devel/include/eigen3/Eigen/src/plugins/ArrayCwiseBinaryOps.h)
Linked: (/home/rahul/catkin_ws/devel/.private/eigen_catkin/include/eigen3/Eigen/src/plugins/CommonCwiseUnaryOps.h, /home/rahul/catkin_ws/devel/include/eigen3/Eigen/src/plugins/CommonCwiseUnaryOps.h)
Linked: (/home/rahul/catkin_ws/devel/.private/eigen_catkin/include/eigen3/Eigen/src/plugins/CommonCwiseBinaryOps.h, /home/rahul/catkin_ws/devel/include/eigen3/Eigen/src/plugins/CommonCwiseBinaryOps.h)
Linked: (/home/rahul/catkin_ws/devel/.private/eigen_catkin/include/eigen3/Eigen/src/CholmodSupport/CholmodSupport.h, /home/rahul/catkin_ws/devel/include/eigen3/Eigen/src/CholmodSupport/CholmodSupport.h)
Linked: (/home/rahul/catkin_ws/devel/.private/eigen_catkin/include/eigen3/Eigen/src/SparseCholesky/SimplicialCholesky_impl.h, /home/rahul/catkin_ws/devel/include/eigen3/Eigen/src/SparseCholesky/SimplicialCholesky_impl.h)
Linked: (/home/rahul/catkin_ws/devel/.private/eigen_catkin/include/eigen3/Eigen/src/SparseCholesky/SimplicialCholesky.h, /home/rahul/catkin_ws/devel/include/eigen3/Eigen/src/SparseCholesky/SimplicialCholesky.h)
Linked: (/home/rahul/catkin_ws/devel/.private/eigen_catkin/include/eigen3/Eigen/src/SparseQR/SparseQR.h, /home/rahul/catkin_ws/devel/include/eigen3/Eigen/src/SparseQR/SparseQR.h)
Linked: (/home/rahul/catkin_ws/devel/.private/eigen_catkin/include/eigen3/Eigen/src/SuperLUSupport/SuperLUSupport.h, /home/rahul/catkin_ws/devel/include/eigen3/Eigen/src/SuperLUSupport/SuperLUSupport.h)
Linked: (/home/rahul/catkin_ws/devel/.private/eigen_catkin/include/eigen3/Eigen/src/Jacobi/Jacobi.h, /home/rahul/catkin_ws/devel/include/eigen3/Eigen/src/Jacobi/Jacobi.h)
Linked: (/home/rahul/catkin_ws/devel/.private/eigen_catkin/include/eigen3/Eigen/src/IterativeLinearSolvers/IncompleteCholesky.h, /home/rahul/catkin_ws/devel/include/eigen3/Eigen/src/IterativeLinearSolvers/IncompleteCholesky.h)
Linked: (/home/rahul/catkin_ws/devel/.private/eigen_catkin/include/eigen3/Eigen/src/IterativeLinearSolvers/IterativeSolverBase.h, /home/rahul/catkin_ws/devel/include/eigen3/Eigen/src/IterativeLinearSolvers/IterativeSolverBase.h)
Linked: (/home/rahul/catkin_ws/devel/.private/eigen_catkin/include/eigen3/Eigen/src/IterativeLinearSolvers/IncompleteLUT.h, /home/rahul/catkin_ws/devel/include/eigen3/Eigen/src/IterativeLinearSolvers/IncompleteLUT.h)
Linked: (/home/rahul/catkin_ws/devel/.private/eigen_catkin/include/eigen3/Eigen/src/IterativeLinearSolvers/BiCGSTAB.h, /home/rahul/catkin_ws/devel/include/eigen3/Eigen/src/IterativeLinearSolvers/BiCGSTAB.h)
Linked: (/home/rahul/catkin_ws/devel/.private/eigen_catkin/include/eigen3/Eigen/src/IterativeLinearSolvers/BasicPreconditioners.h, /home/rahul/catkin_ws/devel/include/eigen3/Eigen/src/IterativeLinearSolvers/BasicPreconditioners.h)
Linked: (/home/rahul/catkin_ws/devel/.private/eigen_catkin/include/eigen3/Eigen/src/IterativeLinearSolvers/ConjugateGradient.h, /home/rahul/catkin_ws/devel/include/eigen3/Eigen/src/IterativeLinearSolvers/ConjugateGradient.h)
Linked: (/home/rahul/catkin_ws/devel/.private/eigen_catkin/include/eigen3/Eigen/src/IterativeLinearSolvers/LeastSquareConjugateGradient.h, /home/rahul/catkin_ws/devel/include/eigen3/Eigen/src/IterativeLinearSolvers/LeastSquareConjugateGradient.h)
Linked: (/home/rahul/catkin_ws/devel/.private/eigen_catkin/include/eigen3/Eigen/src/IterativeLinearSolvers/SolveWithGuess.h, /home/rahul/catkin_ws/devel/include/eigen3/Eigen/src/IterativeLinearSolvers/SolveWithGuess.h)
Linked: (/home/rahul/catkin_ws/devel/.private/eigen_catkin/include/eigen3/Eigen/src/LU/InverseImpl.h, /home/rahul/catkin_ws/devel/include/eigen3/Eigen/src/LU/InverseImpl.h)
Linked: (/home/rahul/catkin_ws/devel/.private/eigen_catkin/include/eigen3/Eigen/src/LU/PartialPivLU_LAPACKE.h, /home/rahul/catkin_ws/devel/include/eigen3/Eigen/src/LU/PartialPivLU_LAPACKE.h)
Linked: (/home/rahul/catkin_ws/devel/.private/eigen_catkin/include/eigen3/Eigen/src/LU/Determinant.h, /home/rahul/catkin_ws/devel/include/eigen3/Eigen/src/LU/Determinant.h)
Linked: (/home/rahul/catkin_ws/devel/.private/eigen_catkin/include/eigen3/Eigen/src/LU/PartialPivLU.h, /home/rahul/catkin_ws/devel/include/eigen3/Eigen/src/LU/PartialPivLU.h)
Linked: (/home/rahul/catkin_ws/devel/.private/eigen_catkin/include/eigen3/Eigen/src/LU/FullPivLU.h, /home/rahul/catkin_ws/devel/include/eigen3/Eigen/src/LU/FullPivLU.h)
Linked: (/home/rahul/catkin_ws/devel/.private/eigen_catkin/include/eigen3/Eigen/src/LU/arch/Inverse_SSE.h, /home/rahul/catkin_ws/devel/include/eigen3/Eigen/src/LU/arch/Inverse_SSE.h)
Linked: (/home/rahul/catkin_ws/devel/.private/eigen_catkin/include/eigen3/Eigen/src/PaStiXSupport/PaStiXSupport.h, /home/rahul/catkin_ws/devel/include/eigen3/Eigen/src/PaStiXSupport/PaStiXSupport.h)
Linked: (/home/rahul/catkin_ws/devel/.private/eigen_catkin/include/eigen3/Eigen/src/Geometry/Quaternion.h, /home/rahul/catkin_ws/devel/include/eigen3/Eigen/src/Geometry/Quaternion.h)
Linked: (/home/rahul/catkin_ws/devel/.private/eigen_catkin/include/eigen3/Eigen/src/Geometry/EulerAngles.h, /home/rahul/catkin_ws/devel/include/eigen3/Eigen/src/Geometry/EulerAngles.h)
Linked: (/home/rahul/catkin_ws/devel/.private/eigen_catkin/include/eigen3/Eigen/src/Geometry/Umeyama.h, /home/rahul/catkin_ws/devel/include/eigen3/Eigen/src/Geometry/Umeyama.h)
Linked: (/home/rahul/catkin_ws/devel/.private/eigen_catkin/include/eigen3/Eigen/src/Geometry/AlignedBox.h, /home/rahul/catkin_ws/devel/include/eigen3/Eigen/src/Geometry/AlignedBox.h)
Linked: (/home/rahul/catkin_ws/devel/.private/eigen_catkin/include/eigen3/Eigen/src/Geometry/Hyperplane.h, /home/rahul/catkin_ws/devel/include/eigen3/Eigen/src/Geometry/Hyperplane.h)
Linked: (/home/rahul/catkin_ws/devel/.private/eigen_catkin/include/eigen3/Eigen/src/Geometry/OrthoMethods.h, /home/rahul/catkin_ws/devel/include/eigen3/Eigen/src/Geometry/OrthoMethods.h)
Linked: (/home/rahul/catkin_ws/devel/.private/eigen_catkin/include/eigen3/Eigen/src/Geometry/Rotation2D.h, /home/rahul/catkin_ws/devel/include/eigen3/Eigen/src/Geometry/Rotation2D.h)
Linked: (/home/rahul/catkin_ws/devel/.private/eigen_catkin/include/eigen3/Eigen/src/Geometry/Translation.h, /home/rahul/catkin_ws/devel/include/eigen3/Eigen/src/Geometry/Translation.h)
Linked: (/home/rahul/catkin_ws/devel/.private/eigen_catkin/include/eigen3/Eigen/src/Geometry/Homogeneous.h, /home/rahul/catkin_ws/devel/include/eigen3/Eigen/src/Geometry/Homogeneous.h)
Linked: (/home/rahul/catkin_ws/devel/.private/eigen_catkin/include/eigen3/Eigen/src/Geometry/Scaling.h, /home/rahul/catkin_ws/devel/include/eigen3/Eigen/src/Geometry/Scaling.h)
Linked: (/home/rahul/catkin_ws/devel/.private/eigen_catkin/include/eigen3/Eigen/src/Geometry/AngleAxis.h, /home/rahul/catkin_ws/devel/include/eigen3/Eigen/src/Geometry/AngleAxis.h)
Linked: (/home/rahul/catkin_ws/devel/.private/eigen_catkin/include/eigen3/Eigen/src/Geometry/RotationBase.h, /home/rahul/catkin_ws/devel/include/eigen3/Eigen/src/Geometry/RotationBase.h)
Linked: (/home/rahul/catkin_ws/devel/.private/eigen_catkin/include/eigen3/Eigen/src/Geometry/Transform.h, /home/rahul/catkin_ws/devel/include/eigen3/Eigen/src/Geometry/Transform.h)
Linked: (/home/rahul/catkin_ws/devel/.private/eigen_catkin/include/eigen3/Eigen/src/Geometry/ParametrizedLine.h, /home/rahul/catkin_ws/devel/include/eigen3/Eigen/src/Geometry/ParametrizedLine.h)
Linked: (/home/rahul/catkin_ws/devel/.private/eigen_catkin/include/eigen3/Eigen/src/Geometry/arch/Geometry_SSE.h, /home/rahul/catkin_ws/devel/include/eigen3/Eigen/src/Geometry/arch/Geometry_SSE.h)
Linked: (/home/rahul/catkin_ws/devel/.private/eigen_catkin/include/eigen3/Eigen/src/OrderingMethods/Amd.h, /home/rahul/catkin_ws/devel/include/eigen3/Eigen/src/OrderingMethods/Amd.h)
Linked: (/home/rahul/catkin_ws/devel/.private/eigen_catkin/include/eigen3/Eigen/src/OrderingMethods/Ordering.h, /home/rahul/catkin_ws/devel/include/eigen3/Eigen/src/OrderingMethods/Ordering.h)
Linked: (/home/rahul/catkin_ws/devel/.private/eigen_catkin/include/eigen3/Eigen/src/OrderingMethods/Eigen_Colamd.h, /home/rahul/catkin_ws/devel/include/eigen3/Eigen/src/OrderingMethods/Eigen_Colamd.h)
Linked: (/home/rahul/catkin_ws/devel/.private/eigen_catkin/include/eigen3/Eigen/src/SparseCore/SparseCompressedBase.h, /home/rahul/catkin_ws/devel/include/eigen3/Eigen/src/SparseCore/SparseCompressedBase.h)
Linked: (/home/rahul/catkin_ws/devel/.private/eigen_catkin/include/eigen3/Eigen/src/SparseCore/SparseAssign.h, /home/rahul/catkin_ws/devel/include/eigen3/Eigen/src/SparseCore/SparseAssign.h)
Linked: (/home/rahul/catkin_ws/devel/.private/eigen_catkin/include/eigen3/Eigen/src/SparseCore/SparseDiagonalProduct.h, /home/rahul/catkin_ws/devel/include/eigen3/Eigen/src/SparseCore/SparseDiagonalProduct.h)
Linked: (/home/rahul/catkin_ws/devel/.private/eigen_catkin/include/eigen3/Eigen/src/SparseCore/ConservativeSparseSparseProduct.h, /home/rahul/catkin_ws/devel/include/eigen3/Eigen/src/SparseCore/ConservativeSparseSparseProduct.h)
Linked: (/home/rahul/catkin_ws/devel/.private/eigen_catkin/include/eigen3/Eigen/src/SparseCore/SparseColEtree.h, /home/rahul/catkin_ws/devel/include/eigen3/Eigen/src/SparseCore/SparseColEtree.h)
Linked: (/home/rahul/catkin_ws/devel/.private/eigen_catkin/include/eigen3/Eigen/src/SparseCore/TriangularSolver.h, /home/rahul/catkin_ws/devel/include/eigen3/Eigen/src/SparseCore/TriangularSolver.h)
Linked: (/home/rahul/catkin_ws/devel/.private/eigen_catkin/include/eigen3/Eigen/src/SparseCore/SparseRef.h, /home/rahul/catkin_ws/devel/include/eigen3/Eigen/src/SparseCore/SparseRef.h)
Linked: (/home/rahul/catkin_ws/devel/.private/eigen_catkin/include/eigen3/Eigen/src/SparseCore/SparseUtil.h, /home/rahul/catkin_ws/devel/include/eigen3/Eigen/src/SparseCore/SparseUtil.h)
Linked: (/home/rahul/catkin_ws/devel/.private/eigen_catkin/include/eigen3/Eigen/src/SparseCore/SparseTranspose.h, /home/rahul/catkin_ws/devel/include/eigen3/Eigen/src/SparseCore/SparseTranspose.h)
Linked: (/home/rahul/catkin_ws/devel/.private/eigen_catkin/include/eigen3/Eigen/src/SparseCore/SparseTriangularView.h, /home/rahul/catkin_ws/devel/include/eigen3/Eigen/src/SparseCore/SparseTriangularView.h)
Linked: (/home/rahul/catkin_ws/devel/.private/eigen_catkin/include/eigen3/Eigen/src/SparseCore/SparseMatrixBase.h, /home/rahul/catkin_ws/devel/include/eigen3/Eigen/src/SparseCore/SparseMatrixBase.h)
Linked: (/home/rahul/catkin_ws/devel/.private/eigen_catkin/include/eigen3/Eigen/src/SparseCore/SparseMatrix.h, /home/rahul/catkin_ws/devel/include/eigen3/Eigen/src/SparseCore/SparseMatrix.h)
Linked: (/home/rahul/catkin_ws/devel/.private/eigen_catkin/include/eigen3/Eigen/src/SparseCore/SparseMap.h, /home/rahul/catkin_ws/devel/include/eigen3/Eigen/src/SparseCore/SparseMap.h)
Linked: (/home/rahul/catkin_ws/devel/.private/eigen_catkin/include/eigen3/Eigen/src/SparseCore/SparseBlock.h, /home/rahul/catkin_ws/devel/include/eigen3/Eigen/src/SparseCore/SparseBlock.h)
Linked: (/home/rahul/catkin_ws/devel/.private/eigen_catkin/include/eigen3/Eigen/src/SparseCore/SparseSelfAdjointView.h, /home/rahul/catkin_ws/devel/include/eigen3/Eigen/src/SparseCore/SparseSelfAdjointView.h)
Linked: (/home/rahul/catkin_ws/devel/.private/eigen_catkin/include/eigen3/Eigen/src/SparseCore/SparseSparseProductWithPruning.h, /home/rahul/catkin_ws/devel/include/eigen3/Eigen/src/SparseCore/SparseSparseProductWithPruning.h)
Linked: (/home/rahul/catkin_ws/devel/.private/eigen_catkin/include/eigen3/Eigen/src/SparseCore/SparsePermutation.h, /home/rahul/catkin_ws/devel/include/eigen3/Eigen/src/SparseCore/SparsePermutation.h)
Linked: (/home/rahul/catkin_ws/devel/.private/eigen_catkin/include/eigen3/Eigen/src/SparseCore/SparseSolverBase.h, /home/rahul/catkin_ws/devel/include/eigen3/Eigen/src/SparseCore/SparseSolverBase.h)
Linked: (/home/rahul/catkin_ws/devel/.private/eigen_catkin/include/eigen3/Eigen/src/SparseCore/SparseFuzzy.h, /home/rahul/catkin_ws/devel/include/eigen3/Eigen/src/SparseCore/SparseFuzzy.h)
Linked: (/home/rahul/catkin_ws/devel/.private/eigen_catkin/include/eigen3/Eigen/src/SparseCore/SparseProduct.h, /home/rahul/catkin_ws/devel/include/eigen3/Eigen/src/SparseCore/SparseProduct.h)
Linked: (/home/rahul/catkin_ws/devel/.private/eigen_catkin/include/eigen3/Eigen/src/SparseCore/SparseDot.h, /home/rahul/catkin_ws/devel/include/eigen3/Eigen/src/SparseCore/SparseDot.h)
Linked: (/home/rahul/catkin_ws/devel/.private/eigen_catkin/include/eigen3/Eigen/src/SparseCore/SparseVector.h, /home/rahul/catkin_ws/devel/include/eigen3/Eigen/src/SparseCore/SparseVector.h)
Linked: (/home/rahul/catkin_ws/devel/.private/eigen_catkin/include/eigen3/Eigen/src/SparseCore/SparseView.h, /home/rahul/catkin_ws/devel/include/eigen3/Eigen/src/SparseCore/SparseView.h)
Linked: (/home/rahul/catkin_ws/devel/.private/eigen_catkin/include/eigen3/Eigen/src/SparseCore/SparseCwiseUnaryOp.h, /home/rahul/catkin_ws/devel/include/eigen3/Eigen/src/SparseCore/SparseCwiseUnaryOp.h)
Linked: (/home/rahul/catkin_ws/devel/.private/eigen_catkin/include/eigen3/Eigen/src/SparseCore/MappedSparseMatrix.h, /home/rahul/catkin_ws/devel/include/eigen3/Eigen/src/SparseCore/MappedSparseMatrix.h)
Linked: (/home/rahul/catkin_ws/devel/.private/eigen_catkin/include/eigen3/Eigen/src/SparseCore/AmbiVector.h, /home/rahul/catkin_ws/devel/include/eigen3/Eigen/src/SparseCore/AmbiVector.h)
Linked: (/home/rahul/catkin_ws/devel/.private/eigen_catkin/include/eigen3/Eigen/src/SparseCore/SparseDenseProduct.h, /home/rahul/catkin_ws/devel/include/eigen3/Eigen/src/SparseCore/SparseDenseProduct.h)
Linked: (/home/rahul/catkin_ws/devel/.private/eigen_catkin/include/eigen3/Eigen/src/SparseCore/SparseCwiseBinaryOp.h, /home/rahul/catkin_ws/devel/include/eigen3/Eigen/src/SparseCore/SparseCwiseBinaryOp.h)
Linked: (/home/rahul/catkin_ws/devel/.private/eigen_catkin/include/eigen3/Eigen/src/SparseCore/CompressedStorage.h, /home/rahul/catkin_ws/devel/include/eigen3/Eigen/src/SparseCore/CompressedStorage.h)
Linked: (/home/rahul/catkin_ws/devel/.private/eigen_catkin/include/eigen3/Eigen/src/SparseCore/SparseRedux.h, /home/rahul/catkin_ws/devel/include/eigen3/Eigen/src/SparseCore/SparseRedux.h)
Linked: (/home/rahul/catkin_ws/devel/.private/eigen_catkin/include/eigen3/Eigen/src/MetisSupport/MetisSupport.h, /home/rahul/catkin_ws/devel/include/eigen3/Eigen/src/MetisSupport/MetisSupport.h)
Linked: (/home/rahul/catkin_ws/devel/.private/eigen_catkin/include/eigen3/Eigen/src/PardisoSupport/PardisoSupport.h, /home/rahul/catkin_ws/devel/include/eigen3/Eigen/src/PardisoSupport/PardisoSupport.h)
Linked: (/home/rahul/catkin_ws/devel/.private/eigen_catkin/include/eigen3/Eigen/src/QR/CompleteOrthogonalDecomposition.h, /home/rahul/catkin_ws/devel/include/eigen3/Eigen/src/QR/CompleteOrthogonalDecomposition.h)
Linked: (/home/rahul/catkin_ws/devel/.private/eigen_catkin/include/eigen3/Eigen/src/QR/FullPivHouseholderQR.h, /home/rahul/catkin_ws/devel/include/eigen3/Eigen/src/QR/FullPivHouseholderQR.h)
Linked: (/home/rahul/catkin_ws/devel/.private/eigen_catkin/include/eigen3/Eigen/src/QR/ColPivHouseholderQR.h, /home/rahul/catkin_ws/devel/include/eigen3/Eigen/src/QR/ColPivHouseholderQR.h)
Linked: (/home/rahul/catkin_ws/devel/.private/eigen_catkin/include/eigen3/Eigen/src/QR/ColPivHouseholderQR_LAPACKE.h, /home/rahul/catkin_ws/devel/include/eigen3/Eigen/src/QR/ColPivHouseholderQR_LAPACKE.h)
Linked: (/home/rahul/catkin_ws/devel/.private/eigen_catkin/include/eigen3/Eigen/src/QR/HouseholderQR_LAPACKE.h, /home/rahul/catkin_ws/devel/include/eigen3/Eigen/src/QR/HouseholderQR_LAPACKE.h)
Linked: (/home/rahul/catkin_ws/devel/.private/eigen_catkin/include/eigen3/Eigen/src/QR/HouseholderQR.h, /home/rahul/catkin_ws/devel/include/eigen3/Eigen/src/QR/HouseholderQR.h)
Linked: (/home/rahul/catkin_ws/devel/.private/eigen_catkin/include/eigen3/Eigen/src/SparseLU/SparseLU_Memory.h, /home/rahul/catkin_ws/devel/include/eigen3/Eigen/src/SparseLU/SparseLU_Memory.h)
Linked: (/home/rahul/catkin_ws/devel/.private/eigen_catkin/include/eigen3/Eigen/src/SparseLU/SparseLU_SupernodalMatrix.h, /home/rahul/catkin_ws/devel/include/eigen3/Eigen/src/SparseLU/SparseLU_SupernodalMatrix.h)
Linked: (/home/rahul/catkin_ws/devel/.private/eigen_catkin/include/eigen3/Eigen/src/SparseLU/SparseLU_gemm_kernel.h, /home/rahul/catkin_ws/devel/include/eigen3/Eigen/src/SparseLU/SparseLU_gemm_kernel.h)
Linked: (/home/rahul/catkin_ws/devel/.private/eigen_catkin/include/eigen3/Eigen/src/SparseLU/SparseLU_heap_relax_snode.h, /home/rahul/catkin_ws/devel/include/eigen3/Eigen/src/SparseLU/SparseLU_heap_relax_snode.h)
Linked: (/home/rahul/catkin_ws/devel/.private/eigen_catkin/include/eigen3/Eigen/src/SparseLU/SparseLU_pruneL.h, /home/rahul/catkin_ws/devel/include/eigen3/Eigen/src/SparseLU/SparseLU_pruneL.h)
Linked: (/home/rahul/catkin_ws/devel/.private/eigen_catkin/include/eigen3/Eigen/src/SparseLU/SparseLU_copy_to_ucol.h, /home/rahul/catkin_ws/devel/include/eigen3/Eigen/src/SparseLU/SparseLU_copy_to_ucol.h)
Linked: (/home/rahul/catkin_ws/devel/.private/eigen_catkin/include/eigen3/Eigen/src/SparseLU/SparseLU_Structs.h, /home/rahul/catkin_ws/devel/include/eigen3/Eigen/src/SparseLU/SparseLU_Structs.h)
Linked: (/home/rahul/catkin_ws/devel/.private/eigen_catkin/include/eigen3/Eigen/src/SparseLU/SparseLU_panel_dfs.h, /home/rahul/catkin_ws/devel/include/eigen3/Eigen/src/SparseLU/SparseLU_panel_dfs.h)
Linked: (/home/rahul/catkin_ws/devel/.private/eigen_catkin/include/eigen3/Eigen/src/SparseLU/SparseLU.h, /home/rahul/catkin_ws/devel/include/eigen3/Eigen/src/SparseLU/SparseLU.h)
Linked: (/home/rahul/catkin_ws/devel/.private/eigen_catkin/include/eigen3/Eigen/src/SparseLU/SparseLU_Utils.h, /home/rahul/catkin_ws/devel/include/eigen3/Eigen/src/SparseLU/SparseLU_Utils.h)
Linked: (/home/rahul/catkin_ws/devel/.private/eigen_catkin/include/eigen3/Eigen/src/SparseLU/SparseLU_panel_bmod.h, /home/rahul/catkin_ws/devel/include/eigen3/Eigen/src/SparseLU/SparseLU_panel_bmod.h)
Linked: (/home/rahul/catkin_ws/devel/.private/eigen_catkin/include/eigen3/Eigen/src/SparseLU/SparseLU_relax_snode.h, /home/rahul/catkin_ws/devel/include/eigen3/Eigen/src/SparseLU/SparseLU_relax_snode.h)
Linked: (/home/rahul/catkin_ws/devel/.private/eigen_catkin/include/eigen3/Eigen/src/SparseLU/SparseLU_kernel_bmod.h, /home/rahul/catkin_ws/devel/include/eigen3/Eigen/src/SparseLU/SparseLU_kernel_bmod.h)
Linked: (/home/rahul/catkin_ws/devel/.private/eigen_catkin/include/eigen3/Eigen/src/SparseLU/SparseLUImpl.h, /home/rahul/catkin_ws/devel/include/eigen3/Eigen/src/SparseLU/SparseLUImpl.h)
Linked: (/home/rahul/catkin_ws/devel/.private/eigen_catkin/include/eigen3/Eigen/src/SparseLU/SparseLU_pivotL.h, /home/rahul/catkin_ws/devel/include/eigen3/Eigen/src/SparseLU/SparseLU_pivotL.h)
Linked: (/home/rahul/catkin_ws/devel/.private/eigen_catkin/include/eigen3/Eigen/src/SparseLU/SparseLU_column_dfs.h, /home/rahul/catkin_ws/devel/include/eigen3/Eigen/src/SparseLU/SparseLU_column_dfs.h)
Linked: (/home/rahul/catkin_ws/devel/.private/eigen_catkin/include/eigen3/Eigen/src/SparseLU/SparseLU_column_bmod.h, /home/rahul/catkin_ws/devel/include/eigen3/Eigen/src/SparseLU/SparseLU_column_bmod.h)
Linked: (/home/rahul/catkin_ws/devel/.private/eigen_catkin/lib/pkgconfig/eigen_catkin.pc, /home/rahul/catkin_ws/devel/lib/pkgconfig/eigen_catkin.pc)
Linked: (/home/rahul/catkin_ws/devel/.private/eigen_catkin/share/eigen_catkin/cmake/eigen_catkinConfig-version.cmake, /home/rahul/catkin_ws/devel/share/eigen_catkin/cmake/eigen_catkinConfig-version.cmake)
Linked: (/home/rahul/catkin_ws/devel/.private/eigen_catkin/share/eigen_catkin/cmake/eigen-extras.cmake, /home/rahul/catkin_ws/devel/share/eigen_catkin/cmake/eigen-extras.cmake)
Linked: (/home/rahul/catkin_ws/devel/.private/eigen_catkin/share/eigen_catkin/cmake/eigen_catkinConfig.cmake, /home/rahul/catkin_ws/devel/share/eigen_catkin/cmake/eigen_catkinConfig.cmake)
Linked: (/home/rahul/catkin_ws/devel/.private/eigen_catkin/share/eigen3/cmake/Eigen3ConfigVersion.cmake, /home/rahul/catkin_ws/devel/share/eigen3/cmake/Eigen3ConfigVersion.cmake)
Linked: (/home/rahul/catkin_ws/devel/.private/eigen_catkin/share/eigen3/cmake/Eigen3Targets.cmake, /home/rahul/catkin_ws/devel/share/eigen3/cmake/Eigen3Targets.cmake)
Linked: (/home/rahul/catkin_ws/devel/.private/eigen_catkin/share/eigen3/cmake/Eigen3Config.cmake, /home/rahul/catkin_ws/devel/share/eigen3/cmake/Eigen3Config.cmake)
Linked: (/home/rahul/catkin_ws/devel/.private/eigen_catkin/share/eigen3/cmake/UseEigen3.cmake, /home/rahul/catkin_ws/devel/share/eigen3/cmake/UseEigen3.cmake)
Linked: (/home/rahul/catkin_ws/devel/.private/eigen_catkin/share/pkgconfig/eigen3.pc, /home/rahul/catkin_ws/devel/share/pkgconfig/eigen3.pc)
