Determining if the pthread_create exist failed with the following output:
Change Dir: /home/rahul/catkin_ws/build/yaml_cpp_catkin/yaml_cpp_src-prefix/src/yaml_cpp_src-build/CMakeFiles/CMakeTmp

Run Build Command:"/usr/bin/make" "cmTC_b35c6/fast"
make[3]: Entering directory '/home/rahul/catkin_ws/build/yaml_cpp_catkin/yaml_cpp_src-prefix/src/yaml_cpp_src-build/CMakeFiles/CMakeTmp'
/usr/bin/make -f CMakeFiles/cmTC_b35c6.dir/build.make CMakeFiles/cmTC_b35c6.dir/build
make[4]: Entering directory '/home/rahul/catkin_ws/build/yaml_cpp_catkin/yaml_cpp_src-prefix/src/yaml_cpp_src-build/CMakeFiles/CMakeTmp'
Building C object CMakeFiles/cmTC_b35c6.dir/CheckSymbolExists.c.o
/usr/bin/cc     -o CMakeFiles/cmTC_b35c6.dir/CheckSymbolExists.c.o   -c /home/rahul/catkin_ws/build/yaml_cpp_catkin/yaml_cpp_src-prefix/src/yaml_cpp_src-build/CMakeFiles/CMakeTmp/CheckSymbolExists.c
Linking C executable cmTC_b35c6
/usr/bin/cmake -E cmake_link_script CMakeFiles/cmTC_b35c6.dir/link.txt --verbose=1
/usr/bin/cc       CMakeFiles/cmTC_b35c6.dir/CheckSymbolExists.c.o  -o cmTC_b35c6 -rdynamic 
CMakeFiles/cmTC_b35c6.dir/CheckSymbolExists.c.o: In function `main':
CheckSymbolExists.c:(.text+0x16): undefined reference to `pthread_create'
collect2: error: ld returned 1 exit status
CMakeFiles/cmTC_b35c6.dir/build.make:97: recipe for target 'cmTC_b35c6' failed
make[4]: *** [cmTC_b35c6] Error 1
make[4]: Leaving directory '/home/rahul/catkin_ws/build/yaml_cpp_catkin/yaml_cpp_src-prefix/src/yaml_cpp_src-build/CMakeFiles/CMakeTmp'
Makefile:126: recipe for target 'cmTC_b35c6/fast' failed
make[3]: *** [cmTC_b35c6/fast] Error 2
make[3]: Leaving directory '/home/rahul/catkin_ws/build/yaml_cpp_catkin/yaml_cpp_src-prefix/src/yaml_cpp_src-build/CMakeFiles/CMakeTmp'

File /home/rahul/catkin_ws/build/yaml_cpp_catkin/yaml_cpp_src-prefix/src/yaml_cpp_src-build/CMakeFiles/CMakeTmp/CheckSymbolExists.c:
/* */
#include <pthread.h>

int main(int argc, char** argv)
{
  (void)argv;
#ifndef pthread_create
  return ((int*)(&pthread_create))[argc];
#else
  (void)argc;
  return 0;
#endif
}

Determining if the function pthread_create exists in the pthreads failed with the following output:
Change Dir: /home/rahul/catkin_ws/build/yaml_cpp_catkin/yaml_cpp_src-prefix/src/yaml_cpp_src-build/CMakeFiles/CMakeTmp

Run Build Command:"/usr/bin/make" "cmTC_88ece/fast"
make[3]: Entering directory '/home/rahul/catkin_ws/build/yaml_cpp_catkin/yaml_cpp_src-prefix/src/yaml_cpp_src-build/CMakeFiles/CMakeTmp'
/usr/bin/make -f CMakeFiles/cmTC_88ece.dir/build.make CMakeFiles/cmTC_88ece.dir/build
make[4]: Entering directory '/home/rahul/catkin_ws/build/yaml_cpp_catkin/yaml_cpp_src-prefix/src/yaml_cpp_src-build/CMakeFiles/CMakeTmp'
Building C object CMakeFiles/cmTC_88ece.dir/CheckFunctionExists.c.o
/usr/bin/cc    -DCHECK_FUNCTION_EXISTS=pthread_create   -o CMakeFiles/cmTC_88ece.dir/CheckFunctionExists.c.o   -c /usr/share/cmake-3.5/Modules/CheckFunctionExists.c
Linking C executable cmTC_88ece
/usr/bin/cmake -E cmake_link_script CMakeFiles/cmTC_88ece.dir/link.txt --verbose=1
/usr/bin/cc   -DCHECK_FUNCTION_EXISTS=pthread_create    CMakeFiles/cmTC_88ece.dir/CheckFunctionExists.c.o  -o cmTC_88ece -rdynamic -lpthreads 
/usr/bin/ld: cannot find -lpthreads
collect2: error: ld returned 1 exit status
CMakeFiles/cmTC_88ece.dir/build.make:97: recipe for target 'cmTC_88ece' failed
make[4]: *** [cmTC_88ece] Error 1
make[4]: Leaving directory '/home/rahul/catkin_ws/build/yaml_cpp_catkin/yaml_cpp_src-prefix/src/yaml_cpp_src-build/CMakeFiles/CMakeTmp'
Makefile:126: recipe for target 'cmTC_88ece/fast' failed
make[3]: *** [cmTC_88ece/fast] Error 2
make[3]: Leaving directory '/home/rahul/catkin_ws/build/yaml_cpp_catkin/yaml_cpp_src-prefix/src/yaml_cpp_src-build/CMakeFiles/CMakeTmp'


