Determining if the pthread_create exist failed with the following output:
Change Dir: /home/rahul/catkin_ws/build/ackermann_steering_controller/CMakeFiles/CMakeTmp

Run Build Command:"/usr/bin/make" "cmTC_21bba/fast"
/usr/bin/make -f CMakeFiles/cmTC_21bba.dir/build.make CMakeFiles/cmTC_21bba.dir/build
make[1]: Entering directory '/home/rahul/catkin_ws/build/ackermann_steering_controller/CMakeFiles/CMakeTmp'
Building C object CMakeFiles/cmTC_21bba.dir/CheckSymbolExists.c.o
/usr/bin/cc     -o CMakeFiles/cmTC_21bba.dir/CheckSymbolExists.c.o   -c /home/rahul/catkin_ws/build/ackermann_steering_controller/CMakeFiles/CMakeTmp/CheckSymbolExists.c
Linking C executable cmTC_21bba
/usr/bin/cmake -E cmake_link_script CMakeFiles/cmTC_21bba.dir/link.txt --verbose=1
/usr/bin/cc       CMakeFiles/cmTC_21bba.dir/CheckSymbolExists.c.o  -o cmTC_21bba -rdynamic 
CMakeFiles/cmTC_21bba.dir/CheckSymbolExists.c.o: In function `main':
CheckSymbolExists.c:(.text+0x16): undefined reference to `pthread_create'
collect2: error: ld returned 1 exit status
CMakeFiles/cmTC_21bba.dir/build.make:97: recipe for target 'cmTC_21bba' failed
make[1]: *** [cmTC_21bba] Error 1
make[1]: Leaving directory '/home/rahul/catkin_ws/build/ackermann_steering_controller/CMakeFiles/CMakeTmp'
Makefile:126: recipe for target 'cmTC_21bba/fast' failed
make: *** [cmTC_21bba/fast] Error 2

File /home/rahul/catkin_ws/build/ackermann_steering_controller/CMakeFiles/CMakeTmp/CheckSymbolExists.c:
/* */
#include <pthread.h>

int main(int argc, char** argv)
{
  (void)argv;
#ifndef pthread_create
  return ((int*)(&pthread_create))[argc];
#else
  (void)argc;
  return 0;
#endif
}

Determining if the function pthread_create exists in the pthreads failed with the following output:
Change Dir: /home/rahul/catkin_ws/build/ackermann_steering_controller/CMakeFiles/CMakeTmp

Run Build Command:"/usr/bin/make" "cmTC_8d3cf/fast"
/usr/bin/make -f CMakeFiles/cmTC_8d3cf.dir/build.make CMakeFiles/cmTC_8d3cf.dir/build
make[1]: Entering directory '/home/rahul/catkin_ws/build/ackermann_steering_controller/CMakeFiles/CMakeTmp'
Building C object CMakeFiles/cmTC_8d3cf.dir/CheckFunctionExists.c.o
/usr/bin/cc    -DCHECK_FUNCTION_EXISTS=pthread_create   -o CMakeFiles/cmTC_8d3cf.dir/CheckFunctionExists.c.o   -c /usr/share/cmake-3.5/Modules/CheckFunctionExists.c
Linking C executable cmTC_8d3cf
/usr/bin/cmake -E cmake_link_script CMakeFiles/cmTC_8d3cf.dir/link.txt --verbose=1
/usr/bin/cc   -DCHECK_FUNCTION_EXISTS=pthread_create    CMakeFiles/cmTC_8d3cf.dir/CheckFunctionExists.c.o  -o cmTC_8d3cf -rdynamic -lpthreads 
/usr/bin/ld: cannot find -lpthreads
collect2: error: ld returned 1 exit status
CMakeFiles/cmTC_8d3cf.dir/build.make:97: recipe for target 'cmTC_8d3cf' failed
make[1]: *** [cmTC_8d3cf] Error 1
make[1]: Leaving directory '/home/rahul/catkin_ws/build/ackermann_steering_controller/CMakeFiles/CMakeTmp'
Makefile:126: recipe for target 'cmTC_8d3cf/fast' failed
make: *** [cmTC_8d3cf/fast] Error 2


