Symlinking /home/rahul/catkin_ws/devel/include/msg_check/PlotDataMsg.h
Symlinking /home/rahul/catkin_ws/devel/include/msg_check/BoxMsg.h
Symlinking /home/rahul/catkin_ws/devel/lib/libmsg_check.so
Symlinking /home/rahul/catkin_ws/devel/lib/msg_check/msg_check_node
Symlinking /home/rahul/catkin_ws/devel/lib/pkgconfig/msg_check.pc
Symlinking /home/rahul/catkin_ws/devel/lib/python2.7/dist-packages/msg_check/__init__.py
Symlinking /home/rahul/catkin_ws/devel/lib/python2.7/dist-packages/msg_check/msg/_PlotDataMsg.py
Symlinking /home/rahul/catkin_ws/devel/lib/python2.7/dist-packages/msg_check/msg/_BoxMsg.py
Symlinking /home/rahul/catkin_ws/devel/lib/python2.7/dist-packages/msg_check/msg/__init__.py
Symlinking /home/rahul/catkin_ws/devel/share/msg_check/cmake/msg_check-msg-extras.cmake
Symlinking /home/rahul/catkin_ws/devel/share/msg_check/cmake/msg_checkConfig.cmake
Symlinking /home/rahul/catkin_ws/devel/share/msg_check/cmake/msg_checkConfig-version.cmake
Symlinking /home/rahul/catkin_ws/devel/share/msg_check/cmake/msg_check-msg-paths.cmake
Symlinking /home/rahul/catkin_ws/devel/share/gennodejs/ros/msg_check/_index.js
Symlinking /home/rahul/catkin_ws/devel/share/gennodejs/ros/msg_check/msg/BoxMsg.js
Symlinking /home/rahul/catkin_ws/devel/share/gennodejs/ros/msg_check/msg/PlotDataMsg.js
Symlinking /home/rahul/catkin_ws/devel/share/gennodejs/ros/msg_check/msg/_index.js
Symlinking /home/rahul/catkin_ws/devel/share/common-lisp/ros/msg_check/msg/_package.lisp
Symlinking /home/rahul/catkin_ws/devel/share/common-lisp/ros/msg_check/msg/BoxMsg.lisp
Symlinking /home/rahul/catkin_ws/devel/share/common-lisp/ros/msg_check/msg/_package_BoxMsg.lisp
Symlinking /home/rahul/catkin_ws/devel/share/common-lisp/ros/msg_check/msg/msg_check-msg.asd
Symlinking /home/rahul/catkin_ws/devel/share/common-lisp/ros/msg_check/msg/_package_PlotDataMsg.lisp
Symlinking /home/rahul/catkin_ws/devel/share/common-lisp/ros/msg_check/msg/PlotDataMsg.lisp
Symlinking /home/rahul/catkin_ws/devel/share/roseus/ros/msg_check/manifest.l
Symlinking /home/rahul/catkin_ws/devel/share/roseus/ros/msg_check/msg/PlotDataMsg.l
Symlinking /home/rahul/catkin_ws/devel/share/roseus/ros/msg_check/msg/BoxMsg.l
