Determining if the pthread_create exist failed with the following output:
Change Dir: /home/rahul/catkin_ws/build/rrc_control/CMakeFiles/CMakeTmp

Run Build Command:"/usr/bin/make" "cmTC_963fb/fast"
/usr/bin/make -f CMakeFiles/cmTC_963fb.dir/build.make CMakeFiles/cmTC_963fb.dir/build
make[1]: Entering directory '/home/rahul/catkin_ws/build/rrc_control/CMakeFiles/CMakeTmp'
Building C object CMakeFiles/cmTC_963fb.dir/CheckSymbolExists.c.o
/usr/bin/cc     -o CMakeFiles/cmTC_963fb.dir/CheckSymbolExists.c.o   -c /home/rahul/catkin_ws/build/rrc_control/CMakeFiles/CMakeTmp/CheckSymbolExists.c
Linking C executable cmTC_963fb
/usr/bin/cmake -E cmake_link_script CMakeFiles/cmTC_963fb.dir/link.txt --verbose=1
/usr/bin/cc       CMakeFiles/cmTC_963fb.dir/CheckSymbolExists.c.o  -o cmTC_963fb -rdynamic 
CMakeFiles/cmTC_963fb.dir/CheckSymbolExists.c.o: In function `main':
CheckSymbolExists.c:(.text+0x16): undefined reference to `pthread_create'
collect2: error: ld returned 1 exit status
CMakeFiles/cmTC_963fb.dir/build.make:97: recipe for target 'cmTC_963fb' failed
make[1]: *** [cmTC_963fb] Error 1
make[1]: Leaving directory '/home/rahul/catkin_ws/build/rrc_control/CMakeFiles/CMakeTmp'
Makefile:126: recipe for target 'cmTC_963fb/fast' failed
make: *** [cmTC_963fb/fast] Error 2

File /home/rahul/catkin_ws/build/rrc_control/CMakeFiles/CMakeTmp/CheckSymbolExists.c:
/* */
#include <pthread.h>

int main(int argc, char** argv)
{
  (void)argv;
#ifndef pthread_create
  return ((int*)(&pthread_create))[argc];
#else
  (void)argc;
  return 0;
#endif
}

Determining if the function pthread_create exists in the pthreads failed with the following output:
Change Dir: /home/rahul/catkin_ws/build/rrc_control/CMakeFiles/CMakeTmp

Run Build Command:"/usr/bin/make" "cmTC_4dfe0/fast"
/usr/bin/make -f CMakeFiles/cmTC_4dfe0.dir/build.make CMakeFiles/cmTC_4dfe0.dir/build
make[1]: Entering directory '/home/rahul/catkin_ws/build/rrc_control/CMakeFiles/CMakeTmp'
Building C object CMakeFiles/cmTC_4dfe0.dir/CheckFunctionExists.c.o
/usr/bin/cc    -DCHECK_FUNCTION_EXISTS=pthread_create   -o CMakeFiles/cmTC_4dfe0.dir/CheckFunctionExists.c.o   -c /usr/share/cmake-3.5/Modules/CheckFunctionExists.c
Linking C executable cmTC_4dfe0
/usr/bin/cmake -E cmake_link_script CMakeFiles/cmTC_4dfe0.dir/link.txt --verbose=1
/usr/bin/cc   -DCHECK_FUNCTION_EXISTS=pthread_create    CMakeFiles/cmTC_4dfe0.dir/CheckFunctionExists.c.o  -o cmTC_4dfe0 -rdynamic -lpthreads 
/usr/bin/ld: cannot find -lpthreads
collect2: error: ld returned 1 exit status
CMakeFiles/cmTC_4dfe0.dir/build.make:97: recipe for target 'cmTC_4dfe0' failed
make[1]: *** [cmTC_4dfe0] Error 1
make[1]: Leaving directory '/home/rahul/catkin_ws/build/rrc_control/CMakeFiles/CMakeTmp'
Makefile:126: recipe for target 'cmTC_4dfe0/fast' failed
make: *** [cmTC_4dfe0/fast] Error 2


