Determining if the pthread_create exist failed with the following output:
Change Dir: /home/rahul/catkin_ws/build/rotors_description/CMakeFiles/CMakeTmp

Run Build Command:"/usr/bin/make" "cmTC_5bbdf/fast"
/usr/bin/make -f CMakeFiles/cmTC_5bbdf.dir/build.make CMakeFiles/cmTC_5bbdf.dir/build
make[1]: Entering directory '/home/rahul/catkin_ws/build/rotors_description/CMakeFiles/CMakeTmp'
Building C object CMakeFiles/cmTC_5bbdf.dir/CheckSymbolExists.c.o
/usr/bin/cc     -o CMakeFiles/cmTC_5bbdf.dir/CheckSymbolExists.c.o   -c /home/rahul/catkin_ws/build/rotors_description/CMakeFiles/CMakeTmp/CheckSymbolExists.c
Linking C executable cmTC_5bbdf
/usr/bin/cmake -E cmake_link_script CMakeFiles/cmTC_5bbdf.dir/link.txt --verbose=1
/usr/bin/cc       CMakeFiles/cmTC_5bbdf.dir/CheckSymbolExists.c.o  -o cmTC_5bbdf -rdynamic 
CMakeFiles/cmTC_5bbdf.dir/CheckSymbolExists.c.o: In function `main':
CheckSymbolExists.c:(.text+0x16): undefined reference to `pthread_create'
collect2: error: ld returned 1 exit status
CMakeFiles/cmTC_5bbdf.dir/build.make:97: recipe for target 'cmTC_5bbdf' failed
make[1]: *** [cmTC_5bbdf] Error 1
make[1]: Leaving directory '/home/rahul/catkin_ws/build/rotors_description/CMakeFiles/CMakeTmp'
Makefile:126: recipe for target 'cmTC_5bbdf/fast' failed
make: *** [cmTC_5bbdf/fast] Error 2

File /home/rahul/catkin_ws/build/rotors_description/CMakeFiles/CMakeTmp/CheckSymbolExists.c:
/* */
#include <pthread.h>

int main(int argc, char** argv)
{
  (void)argv;
#ifndef pthread_create
  return ((int*)(&pthread_create))[argc];
#else
  (void)argc;
  return 0;
#endif
}

Determining if the function pthread_create exists in the pthreads failed with the following output:
Change Dir: /home/rahul/catkin_ws/build/rotors_description/CMakeFiles/CMakeTmp

Run Build Command:"/usr/bin/make" "cmTC_5a3df/fast"
/usr/bin/make -f CMakeFiles/cmTC_5a3df.dir/build.make CMakeFiles/cmTC_5a3df.dir/build
make[1]: Entering directory '/home/rahul/catkin_ws/build/rotors_description/CMakeFiles/CMakeTmp'
Building C object CMakeFiles/cmTC_5a3df.dir/CheckFunctionExists.c.o
/usr/bin/cc    -DCHECK_FUNCTION_EXISTS=pthread_create   -o CMakeFiles/cmTC_5a3df.dir/CheckFunctionExists.c.o   -c /usr/share/cmake-3.5/Modules/CheckFunctionExists.c
Linking C executable cmTC_5a3df
/usr/bin/cmake -E cmake_link_script CMakeFiles/cmTC_5a3df.dir/link.txt --verbose=1
/usr/bin/cc   -DCHECK_FUNCTION_EXISTS=pthread_create    CMakeFiles/cmTC_5a3df.dir/CheckFunctionExists.c.o  -o cmTC_5a3df -rdynamic -lpthreads 
/usr/bin/ld: cannot find -lpthreads
collect2: error: ld returned 1 exit status
CMakeFiles/cmTC_5a3df.dir/build.make:97: recipe for target 'cmTC_5a3df' failed
make[1]: *** [cmTC_5a3df] Error 1
make[1]: Leaving directory '/home/rahul/catkin_ws/build/rotors_description/CMakeFiles/CMakeTmp'
Makefile:126: recipe for target 'cmTC_5a3df/fast' failed
make: *** [cmTC_5a3df/fast] Error 2


